------------------------------------------------------------------------------------------------------------------------

[2019-03-02 20:59:34 #1 store] 
Database 'C:\Users\david\Desktop\Eclipse-Projects\IS-Proiektua_(Bets)\resources\bets.temp' is opened by 3668@MSI

[2019-03-02 20:59:34 #2 type] 
Type domain.Question is not enhanced.

[2019-03-02 20:59:34 #3 type] 
Type domain.Event is not enhanced.

[2019-03-02 20:59:34 #4 type] 
Type domain.User is not enhanced.

[2019-03-02 20:59:34 #5 type] 
Type domain.Erabiltzailea is not enhanced.

------------------------------------------------------------------------------------------------------------------------

[2019-03-02 21:01:38 #1 store] 
Database 'C:\Users\david\Desktop\Eclipse-Projects\IS-Proiektua_(Bets)\resources\bets.temp' is opened by 7524@MSI

[2019-03-02 21:01:38 #2 type] 
Type domain.Question is not enhanced.

[2019-03-02 21:01:38 #3 type] 
Type domain.Event is not enhanced.

[2019-03-02 21:01:38 #4 type] 
Type domain.User is not enhanced.

[2019-03-02 21:01:38 #5 type] 
Type domain.Erabiltzailea is not enhanced.

[2019-03-02 21:01:38 #6 type.registry] 
New type domain.Admin

[2019-03-02 21:01:38 #7 type] 
Type domain.Admin is not enhanced.

------------------------------------------------------------------------------------------------------------------------

[2019-03-02 21:28:56 #1 store] 
Database 'C:\Users\david\Desktop\Eclipse-Projects\IS-Proiektua_(Bets)\resources\bets.temp' is opened by 4288@MSI

[2019-03-02 21:28:56 #2 type] 
Type domain.Question is not enhanced.

[2019-03-02 21:28:56 #3 type] 
Type domain.Event is not enhanced.

[2019-03-02 21:28:56 #4 type] 
Type domain.User is not enhanced.

[2019-03-02 21:28:56 #5 type] 
Type domain.Erabiltzailea is not enhanced.

[2019-03-02 21:28:56 #6 type] 
Type domain.Admin is not enhanced.

[2019-03-02 21:28:56 #7 type.registry] 
New type domain.Langilea

[2019-03-02 21:28:56 #8 type] 
Type domain.Langilea is not enhanced.

------------------------------------------------------------------------------------------------------------------------

[2019-03-02 21:40:38 #1 store] 
Database 'C:\Users\david\Desktop\Eclipse-Projects\IS-Proiektua_(Bets)\resources\bets.temp' is opened by 12232@MSI

[2019-03-02 21:40:38 #2 type] 
Type domain.Question is not enhanced.

[2019-03-02 21:40:38 #3 type] 
Type domain.Event is not enhanced.

[2019-03-02 21:40:38 #4 type] 
Type domain.User is not enhanced.

[2019-03-02 21:40:38 #5 type] 
Type domain.Erabiltzailea is not enhanced.

[2019-03-02 21:40:38 #6 type] 
Type domain.Admin is not enhanced.

[2019-03-02 21:40:38 #7 type] 
Type domain.Langilea is not enhanced.

------------------------------------------------------------------------------------------------------------------------

[2019-03-02 21:59:36 #1 store] 
Database 'C:\Users\david\Desktop\Eclipse-Projects\IS-Proiektua_(Bets)\resources\bets.temp' is opened by 9436@MSI

[2019-03-02 21:59:36 #2 type] 
Type domain.Question is not enhanced.

[2019-03-02 21:59:36 #3 type] 
Type domain.Event is not enhanced.

[2019-03-02 21:59:36 #4 type] 
Type domain.User is not enhanced.

[2019-03-02 21:59:36 #5 type] 
Type domain.Erabiltzailea is not enhanced.

[2019-03-02 21:59:36 #6 type] 
Type domain.Admin is not enhanced.

[2019-03-02 21:59:36 #7 type] 
Type domain.Langilea is not enhanced.

------------------------------------------------------------------------------------------------------------------------

[2019-03-02 22:12:44 #1 store] 
Database 'C:\Users\david\Desktop\Eclipse-Projects\IS-Proiektua_(Bets)\resources\bets.temp' is opened by 10400@MSI

[2019-03-02 22:12:44 #2 type] 
Type domain.Question is not enhanced.

[2019-03-02 22:12:44 #3 type] 
Type domain.Event is not enhanced.

[2019-03-02 22:12:44 #4 type] 
Type domain.User is not enhanced.

[2019-03-02 22:12:44 #5 type] 
Type domain.Erabiltzailea is not enhanced.

[2019-03-02 22:12:44 #6 type] 
Type domain.Admin is not enhanced.

[2019-03-02 22:12:44 #7 type] 
Type domain.Langilea is not enhanced.

------------------------------------------------------------------------------------------------------------------------

[2019-03-02 22:14:44 #1 store] 
Database 'C:\Users\david\Desktop\Eclipse-Projects\IS-Proiektua_(Bets)\resources\bets.temp' is opened by 5820@MSI

[2019-03-02 22:14:44 #2 type] 
Type domain.Question is not enhanced.

[2019-03-02 22:14:44 #3 type] 
Type domain.Event is not enhanced.

[2019-03-02 22:14:44 #4 type] 
Type domain.User is not enhanced.

[2019-03-02 22:14:44 #5 type] 
Type domain.Erabiltzailea is not enhanced.

[2019-03-02 22:14:44 #6 type] 
Type domain.Admin is not enhanced.

[2019-03-02 22:14:44 #7 type] 
Type domain.Langilea is not enhanced.

------------------------------------------------------------------------------------------------------------------------

[2019-03-02 22:20:02 #1 store] 
Database 'C:\Users\david\Desktop\Eclipse-Projects\IS-Proiektua_(Bets)\resources\bets.temp' is opened by 9472@MSI

[2019-03-02 22:20:02 #2 type] 
Type domain.Question is not enhanced.

[2019-03-02 22:20:02 #3 type] 
Type domain.Event is not enhanced.

[2019-03-02 22:20:02 #4 type] 
Type domain.User is not enhanced.

[2019-03-02 22:20:02 #5 type] 
Type domain.Erabiltzailea is not enhanced.

[2019-03-02 22:20:02 #6 type] 
Type domain.Admin is not enhanced.

[2019-03-02 22:20:02 #7 type] 
Type domain.Langilea is not enhanced.

------------------------------------------------------------------------------------------------------------------------

[2019-03-02 22:24:12 #1 store] 
Database 'C:\Users\david\Desktop\Eclipse-Projects\IS-Proiektua_(Bets)\resources\bets.temp' is opened by 2588@MSI

[2019-03-02 22:24:12 #2 type] 
Type domain.Question is not enhanced.

[2019-03-02 22:24:12 #3 type] 
Type domain.Event is not enhanced.

[2019-03-02 22:24:12 #4 type] 
Type domain.User is not enhanced.

[2019-03-02 22:24:12 #5 type] 
Type domain.Erabiltzailea is not enhanced.

[2019-03-02 22:24:12 #6 type] 
Type domain.Admin is not enhanced.

[2019-03-02 22:24:12 #7 type] 
Type domain.Langilea is not enhanced.

------------------------------------------------------------------------------------------------------------------------

[2019-03-02 22:25:08 #1 store] 
Database 'C:\Users\david\Desktop\Eclipse-Projects\IS-Proiektua_(Bets)\resources\bets.temp' is opened by 3920@MSI

[2019-03-02 22:25:09 #2 type] 
Type domain.Question is not enhanced.

[2019-03-02 22:25:09 #3 type] 
Type domain.Event is not enhanced.

[2019-03-02 22:25:09 #4 type] 
Type domain.User is not enhanced.

[2019-03-02 22:25:09 #5 type] 
Type domain.Erabiltzailea is not enhanced.

[2019-03-02 22:25:09 #6 type] 
Type domain.Admin is not enhanced.

[2019-03-02 22:25:09 #7 type] 
Type domain.Langilea is not enhanced.

------------------------------------------------------------------------------------------------------------------------

[2019-03-02 22:27:21 #1 store] 
Database 'C:\Users\david\Desktop\Eclipse-Projects\IS-Proiektua_(Bets)\resources\bets.temp' is opened by 13280@MSI

[2019-03-02 22:27:21 #2 type] 
Type domain.Question is not enhanced.

[2019-03-02 22:27:21 #3 type] 
Type domain.Event is not enhanced.

[2019-03-02 22:27:21 #4 type] 
Type domain.User is not enhanced.

[2019-03-02 22:27:21 #5 type] 
Type domain.Erabiltzailea is not enhanced.

[2019-03-02 22:27:21 #6 type] 
Type domain.Admin is not enhanced.

[2019-03-02 22:27:21 #7 type] 
Type domain.Langilea is not enhanced.

------------------------------------------------------------------------------------------------------------------------

[2019-03-02 22:28:57 #1 store] 
Database 'C:\Users\david\Desktop\Eclipse-Projects\IS-Proiektua_(Bets)\resources\bets.temp' is opened by 12932@MSI

[2019-03-02 22:28:57 #2 type] 
Type domain.Question is not enhanced.

[2019-03-02 22:28:57 #3 type] 
Type domain.Event is not enhanced.

[2019-03-02 22:28:57 #4 type] 
Type domain.User is not enhanced.

[2019-03-02 22:28:57 #5 type] 
Type domain.Erabiltzailea is not enhanced.

[2019-03-02 22:28:57 #6 type] 
Type domain.Admin is not enhanced.

[2019-03-02 22:28:57 #7 type] 
Type domain.Langilea is not enhanced.

------------------------------------------------------------------------------------------------------------------------

[2019-03-02 22:33:28 #1 store] 
Database 'C:\Users\david\Desktop\Eclipse-Projects\IS-Proiektua_(Bets)\resources\bets.temp' is opened by 10904@MSI

[2019-03-02 22:33:28 #2 type] 
Type domain.Question is not enhanced.

[2019-03-02 22:33:28 #3 type] 
Type domain.Event is not enhanced.

[2019-03-02 22:33:28 #4 type] 
Type domain.User is not enhanced.

[2019-03-02 22:33:28 #5 type] 
Type domain.Erabiltzailea is not enhanced.

[2019-03-02 22:33:28 #6 type] 
Type domain.Admin is not enhanced.

[2019-03-02 22:33:28 #7 type] 
Type domain.Langilea is not enhanced.

------------------------------------------------------------------------------------------------------------------------

[2019-03-02 22:46:29 #1 store] 
Database 'C:\Users\david\Desktop\Eclipse-Projects\IS-Proiektua_(Bets)\resources\bets.temp' is opened by 5512@MSI

[2019-03-02 22:46:29 #2 type] 
Type domain.Question is not enhanced.

[2019-03-02 22:46:29 #3 type] 
Type domain.Event is not enhanced.

[2019-03-02 22:46:29 #4 type] 
Type domain.User is not enhanced.

[2019-03-02 22:46:29 #5 type] 
Type domain.Erabiltzailea is not enhanced.

[2019-03-02 22:46:29 #6 type] 
Type domain.Admin is not enhanced.

[2019-03-02 22:46:29 #7 type] 
Type domain.Langilea is not enhanced.

------------------------------------------------------------------------------------------------------------------------

[2019-03-02 22:53:49 #1 store] 
Database 'C:\Users\david\Desktop\Eclipse-Projects\IS-Proiektua_(Bets)\resources\bets.temp' is opened by 9500@MSI

[2019-03-02 22:53:50 #2 type] 
Type domain.Question is not enhanced.

[2019-03-02 22:53:50 #3 type] 
Type domain.Event is not enhanced.

[2019-03-02 22:53:50 #4 type] 
Type domain.User is not enhanced.

[2019-03-02 22:53:50 #5 type] 
Type domain.Erabiltzailea is not enhanced.

[2019-03-02 22:53:50 #6 type] 
Type domain.Admin is not enhanced.

[2019-03-02 22:53:50 #7 type] 
Type domain.Langilea is not enhanced.

