------------------------------------------------------------------------------------------------------------------------

[2019-05-15 00:52:04 #1 server] 
Server on port 6136 has started by 13020@MSI

[2019-05-15 00:52:09 #2 store] 
Database 'C:\Users\david\Desktop\Eclipse-Projects\SI-Proiektua_(Bets)\libs\db\resources\bets.temp' is opened by 13020@MSI

------------------------------------------------------------------------------------------------------------------------

[2019-05-15 00:52:09 #1 type.registry] 
New type domain.User

[2019-05-15 00:52:09 #2 type.registry] 
New type domain.Admin

[2019-05-15 00:52:09 #3 type] 
Type domain.User is not enhanced.

[2019-05-15 00:52:09 #4 type] 
Type domain.Admin is not enhanced.

[2019-05-15 00:52:09 #5 type.registry] 
New type domain.Langilea

[2019-05-15 00:52:09 #6 type] 
Type domain.Langilea is not enhanced.

[2019-05-15 00:52:09 #7 type.registry] 
New type domain.Erabiltzailea

[2019-05-15 00:52:09 #8 type] 
Type domain.Erabiltzailea is not enhanced.

[2019-05-15 00:52:09 #9 type.registry] 
New type domain.SuperBet

[2019-05-15 00:52:09 #10 type.registry] 
New type java.util.Vector<domain.SuperBet>

[2019-05-15 00:52:09 #11 type.registry] 
New type domain.Bet

[2019-05-15 00:52:09 #12 type.registry] 
New type java.util.Vector<domain.Bet>

[2019-05-15 00:52:09 #13 type.registry] 
New type domain.Mugimendua

[2019-05-15 00:52:09 #14 type.registry] 
New type java.util.Vector<domain.Mugimendua>

[2019-05-15 00:52:09 #15 type] 
Type domain.SuperBet is not enhanced.

[2019-05-15 00:52:09 #16 type.registry] 
New type domain.Result

[2019-05-15 00:52:09 #17 type.registry] 
New type java.util.Vector<domain.Result>

[2019-05-15 00:52:09 #18 type] 
Type domain.Bet is not enhanced.

[2019-05-15 00:52:09 #19 type] 
Type domain.Mugimendua is not enhanced.

[2019-05-15 00:52:09 #20 type] 
Type domain.Result is not enhanced.

[2019-05-15 00:52:09 #21 type.registry] 
New type domain.Question

[2019-05-15 00:52:09 #22 type] 
Type domain.Question is not enhanced.

[2019-05-15 00:52:09 #23 type.registry] 
New type domain.Event

[2019-05-15 00:52:09 #24 type] 
Type domain.Event is not enhanced.

[2019-05-15 00:52:09 #25 type.registry] 
New type java.util.Vector<domain.Question>

[2019-05-15 00:52:09 #26 type.registry] 
New type java.util.Vector<java.lang.Object>

[2019-05-15 01:05:10 #3 store] 
Database 'C:\Users\david\Desktop\Eclipse-Projects\SI-Proiektua_(Bets)\libs\db\resources\bets.temp' is closed by 13020@MSI

------------------------------------------------------------------------------------------------------------------------

[2019-05-15 01:05:32 #1 server] 
java.net.BindException: Address already in use: JVM_Bind
	at java.net.DualStackPlainSocketImpl.bind0(Native Method)
	at java.net.DualStackPlainSocketImpl.socketBind(DualStackPlainSocketImpl.java:106)
	at java.net.AbstractPlainSocketImpl.bind(AbstractPlainSocketImpl.java:387)
	at java.net.PlainSocketImpl.bind(PlainSocketImpl.java:190)
	at java.net.ServerSocket.bind(ServerSocket.java:375)
	at java.net.ServerSocket.<init>(ServerSocket.java:237)
	at java.net.ServerSocket.<init>(ServerSocket.java:181)
	at com.objectdb.o.SMR.I(SMR.java:259)
	at com.objectdb.o.SMR.n(SMR.java:159)
	at com.objectdb.o.TOL.run(TOL.java:116)
	at com.objectdb.Server.runCommand(Server.java:200)
	at com.objectdb.Server.run(Server.java:104)
	at com.objectdb.Server.main(Server.java:63)

[2019-05-15 01:05:40 #4 server] 
Server on port 6136 has stopped by 13020@MSI

------------------------------------------------------------------------------------------------------------------------

[2019-05-15 01:06:21 #1 server] 
Server on port 6136 has started by 12724@MSI

[2019-05-15 01:06:24 #2 store] 
Database 'C:\Users\david\Desktop\Eclipse-Projects\SI-Proiektua_(Bets)\libs\db\resources\bets.temp' is opened by 12724@MSI

------------------------------------------------------------------------------------------------------------------------

[2019-05-15 01:06:24 #1 type.registry] 
New type domain.User

[2019-05-15 01:06:24 #2 type.registry] 
New type domain.Admin

[2019-05-15 01:06:24 #3 type] 
Type domain.User is not enhanced.

[2019-05-15 01:06:24 #4 type] 
Type domain.Admin is not enhanced.

[2019-05-15 01:06:25 #5 type.registry] 
New type domain.Langilea

[2019-05-15 01:06:25 #6 type] 
Type domain.Langilea is not enhanced.

[2019-05-15 01:06:25 #7 type.registry] 
New type domain.Erabiltzailea

[2019-05-15 01:06:25 #8 type] 
Type domain.Erabiltzailea is not enhanced.

[2019-05-15 01:06:25 #9 type.registry] 
New type domain.SuperBet

[2019-05-15 01:06:25 #10 type.registry] 
New type java.util.Vector<domain.SuperBet>

[2019-05-15 01:06:25 #11 type.registry] 
New type domain.Bet

[2019-05-15 01:06:25 #12 type.registry] 
New type java.util.Vector<domain.Bet>

[2019-05-15 01:06:25 #13 type.registry] 
New type domain.Mugimendua

[2019-05-15 01:06:25 #14 type.registry] 
New type java.util.Vector<domain.Mugimendua>

[2019-05-15 01:06:25 #15 type] 
Type domain.SuperBet is not enhanced.

[2019-05-15 01:06:25 #16 type.registry] 
New type domain.Result

[2019-05-15 01:06:25 #17 type.registry] 
New type java.util.Vector<domain.Result>

[2019-05-15 01:06:25 #18 type] 
Type domain.Bet is not enhanced.

[2019-05-15 01:06:25 #19 type] 
Type domain.Mugimendua is not enhanced.

[2019-05-15 01:06:25 #20 type] 
Type domain.Result is not enhanced.

[2019-05-15 01:06:25 #21 type.registry] 
New type domain.Question

[2019-05-15 01:06:25 #22 type] 
Type domain.Question is not enhanced.

[2019-05-15 01:06:25 #23 type.registry] 
New type domain.Event

[2019-05-15 01:06:25 #24 type] 
Type domain.Event is not enhanced.

[2019-05-15 01:06:25 #25 type.registry] 
New type java.util.Vector<domain.Question>

[2019-05-15 01:06:25 #26 type.registry] 
New type java.util.Vector<java.lang.Object>

[2019-05-15 01:08:42 #3 store] 
Database 'C:\Users\david\Desktop\Eclipse-Projects\SI-Proiektua_(Bets)\libs\db\resources\bets.temp' is closed by 12724@MSI

------------------------------------------------------------------------------------------------------------------------

[2019-05-15 01:08:49 #1 server] 
java.net.BindException: Address already in use: JVM_Bind
	at java.net.DualStackPlainSocketImpl.bind0(Native Method)
	at java.net.DualStackPlainSocketImpl.socketBind(DualStackPlainSocketImpl.java:106)
	at java.net.AbstractPlainSocketImpl.bind(AbstractPlainSocketImpl.java:387)
	at java.net.PlainSocketImpl.bind(PlainSocketImpl.java:190)
	at java.net.ServerSocket.bind(ServerSocket.java:375)
	at java.net.ServerSocket.<init>(ServerSocket.java:237)
	at java.net.ServerSocket.<init>(ServerSocket.java:181)
	at com.objectdb.o.SMR.I(SMR.java:259)
	at com.objectdb.o.SMR.n(SMR.java:159)
	at com.objectdb.o.TOL.run(TOL.java:116)
	at com.objectdb.Server.runCommand(Server.java:200)
	at com.objectdb.Server.run(Server.java:104)
	at com.objectdb.Server.main(Server.java:63)

[2019-05-15 01:08:56 #4 server] 
Server on port 6136 has stopped by 12724@MSI

------------------------------------------------------------------------------------------------------------------------

[2019-05-15 01:09:03 #1 server] 
Server on port 6136 has started by 4740@MSI

[2019-05-15 01:09:05 #2 store] 
Database 'C:\Users\david\Desktop\Eclipse-Projects\SI-Proiektua_(Bets)\libs\db\resources\bets.temp' is opened by 4740@MSI

------------------------------------------------------------------------------------------------------------------------

[2019-05-15 01:09:06 #1 type.registry] 
New type domain.User

[2019-05-15 01:09:06 #2 type.registry] 
New type domain.Admin

[2019-05-15 01:09:06 #3 type] 
Type domain.User is not enhanced.

[2019-05-15 01:09:06 #4 type] 
Type domain.Admin is not enhanced.

[2019-05-15 01:09:06 #5 type.registry] 
New type domain.Langilea

[2019-05-15 01:09:06 #6 type] 
Type domain.Langilea is not enhanced.

[2019-05-15 01:09:06 #7 type.registry] 
New type domain.Erabiltzailea

[2019-05-15 01:09:06 #8 type] 
Type domain.Erabiltzailea is not enhanced.

[2019-05-15 01:09:06 #9 type.registry] 
New type domain.SuperBet

[2019-05-15 01:09:06 #10 type.registry] 
New type java.util.Vector<domain.SuperBet>

[2019-05-15 01:09:06 #11 type.registry] 
New type domain.Bet

[2019-05-15 01:09:06 #12 type.registry] 
New type java.util.Vector<domain.Bet>

[2019-05-15 01:09:06 #13 type.registry] 
New type domain.Mugimendua

[2019-05-15 01:09:06 #14 type.registry] 
New type java.util.Vector<domain.Mugimendua>

[2019-05-15 01:09:06 #15 type] 
Type domain.SuperBet is not enhanced.

[2019-05-15 01:09:06 #16 type.registry] 
New type domain.Result

[2019-05-15 01:09:06 #17 type.registry] 
New type java.util.Vector<domain.Result>

[2019-05-15 01:09:06 #18 type] 
Type domain.Bet is not enhanced.

[2019-05-15 01:09:06 #19 type] 
Type domain.Mugimendua is not enhanced.

[2019-05-15 01:09:06 #20 type] 
Type domain.Result is not enhanced.

[2019-05-15 01:09:06 #21 type.registry] 
New type domain.Question

[2019-05-15 01:09:06 #22 type] 
Type domain.Question is not enhanced.

[2019-05-15 01:09:06 #23 type.registry] 
New type domain.Event

[2019-05-15 01:09:06 #24 type] 
Type domain.Event is not enhanced.

[2019-05-15 01:09:06 #25 type.registry] 
New type java.util.Vector<domain.Question>

[2019-05-15 01:09:06 #26 type.registry] 
New type java.util.Vector<java.lang.Object>

[2019-05-15 01:25:05 #3 store] 
Database 'C:\Users\david\Desktop\Eclipse-Projects\SI-Proiektua_(Bets)\libs\db\resources\bets.temp' is closed by 4740@MSI

------------------------------------------------------------------------------------------------------------------------

[2019-05-15 01:33:15 #1 server] 
java.net.BindException: Address already in use: JVM_Bind
	at java.net.DualStackPlainSocketImpl.bind0(Native Method)
	at java.net.DualStackPlainSocketImpl.socketBind(DualStackPlainSocketImpl.java:106)
	at java.net.AbstractPlainSocketImpl.bind(AbstractPlainSocketImpl.java:387)
	at java.net.PlainSocketImpl.bind(PlainSocketImpl.java:190)
	at java.net.ServerSocket.bind(ServerSocket.java:375)
	at java.net.ServerSocket.<init>(ServerSocket.java:237)
	at java.net.ServerSocket.<init>(ServerSocket.java:181)
	at com.objectdb.o.SMR.I(SMR.java:259)
	at com.objectdb.o.SMR.n(SMR.java:159)
	at com.objectdb.o.TOL.run(TOL.java:116)
	at com.objectdb.Server.runCommand(Server.java:200)
	at com.objectdb.Server.run(Server.java:104)
	at com.objectdb.Server.main(Server.java:63)

[2019-05-15 01:33:22 #4 server] 
Server on port 6136 has stopped by 4740@MSI

------------------------------------------------------------------------------------------------------------------------

[2019-05-15 01:33:27 #1 server] 
Server on port 6136 has started by 11784@MSI

[2019-05-15 01:33:33 #2 server] 
Server on port 6136 has stopped by 11784@MSI

------------------------------------------------------------------------------------------------------------------------

[2019-05-15 01:33:35 #1 server] 
Server on port 6136 has started by 12488@MSI

[2019-05-15 01:33:36 #2 store] 
Database 'C:\Users\david\Desktop\Eclipse-Projects\SI-Proiektua_(Bets)\libs\db\resources\bets.temp' is opened by 12488@MSI

------------------------------------------------------------------------------------------------------------------------

[2019-05-15 01:33:37 #1 type.registry] 
New type domain.User

[2019-05-15 01:33:37 #2 type.registry] 
New type domain.Admin

[2019-05-15 01:33:37 #3 type] 
Type domain.User is not enhanced.

[2019-05-15 01:33:37 #4 type] 
Type domain.Admin is not enhanced.

[2019-05-15 01:33:37 #5 type.registry] 
New type domain.Langilea

[2019-05-15 01:33:37 #6 type] 
Type domain.Langilea is not enhanced.

[2019-05-15 01:33:37 #7 type.registry] 
New type domain.Erabiltzailea

[2019-05-15 01:33:37 #8 type] 
Type domain.Erabiltzailea is not enhanced.

[2019-05-15 01:33:37 #9 type.registry] 
New type domain.SuperBet

[2019-05-15 01:33:37 #10 type.registry] 
New type java.util.Vector<domain.SuperBet>

[2019-05-15 01:33:37 #11 type.registry] 
New type domain.Bet

[2019-05-15 01:33:37 #12 type.registry] 
New type java.util.Vector<domain.Bet>

[2019-05-15 01:33:37 #13 type.registry] 
New type domain.Mugimendua

[2019-05-15 01:33:37 #14 type.registry] 
New type java.util.Vector<domain.Mugimendua>

[2019-05-15 01:33:37 #15 type] 
Type domain.SuperBet is not enhanced.

[2019-05-15 01:33:37 #16 type.registry] 
New type domain.Result

[2019-05-15 01:33:37 #17 type.registry] 
New type java.util.Vector<domain.Result>

[2019-05-15 01:33:37 #18 type] 
Type domain.Bet is not enhanced.

[2019-05-15 01:33:37 #19 type] 
Type domain.Mugimendua is not enhanced.

[2019-05-15 01:33:37 #20 type] 
Type domain.Result is not enhanced.

[2019-05-15 01:33:37 #21 type.registry] 
New type domain.Question

[2019-05-15 01:33:37 #22 type] 
Type domain.Question is not enhanced.

[2019-05-15 01:33:37 #23 type.registry] 
New type domain.Event

[2019-05-15 01:33:37 #24 type] 
Type domain.Event is not enhanced.

[2019-05-15 01:33:37 #25 type.registry] 
New type java.util.Vector<domain.Question>

[2019-05-15 01:33:37 #26 type.registry] 
New type java.util.Vector<java.lang.Object>

[2019-05-15 01:35:55 #3 store] 
Database 'C:\Users\david\Desktop\Eclipse-Projects\SI-Proiektua_(Bets)\libs\db\resources\bets.temp' is closed by 12488@MSI

[2019-05-15 01:36:10 #4 server] 
Server on port 6136 has stopped by 12488@MSI

------------------------------------------------------------------------------------------------------------------------

[2019-05-15 10:02:52 #1 server] 
Server on port 6136 has started by 5156@MSI

[2019-05-15 10:02:55 #2 store] 
Database 'C:\Users\david\Desktop\Eclipse-Projects\SI-Proiektua_(Bets)\libs\db\resources\bets.temp' is opened by 5156@MSI

------------------------------------------------------------------------------------------------------------------------

[2019-05-15 10:02:55 #1 type.registry] 
New type domain.User

[2019-05-15 10:02:55 #2 type.registry] 
New type domain.Admin

[2019-05-15 10:02:55 #3 type] 
Type domain.User is not enhanced.

[2019-05-15 10:02:55 #4 type] 
Type domain.Admin is not enhanced.

[2019-05-15 10:02:55 #5 type.registry] 
New type domain.Langilea

[2019-05-15 10:02:55 #6 type] 
Type domain.Langilea is not enhanced.

[2019-05-15 10:02:55 #7 type.registry] 
New type domain.Erabiltzailea

[2019-05-15 10:02:55 #8 type] 
Type domain.Erabiltzailea is not enhanced.

[2019-05-15 10:02:55 #9 type.registry] 
New type domain.SuperBet

[2019-05-15 10:02:56 #10 type.registry] 
New type java.util.Vector<domain.SuperBet>

[2019-05-15 10:02:56 #11 type.registry] 
New type domain.Bet

[2019-05-15 10:02:56 #12 type.registry] 
New type java.util.Vector<domain.Bet>

[2019-05-15 10:02:56 #13 type.registry] 
New type domain.Mugimendua

[2019-05-15 10:02:56 #14 type.registry] 
New type java.util.Vector<domain.Mugimendua>

[2019-05-15 10:02:56 #15 type] 
Type domain.SuperBet is not enhanced.

[2019-05-15 10:02:56 #16 type.registry] 
New type domain.Result

[2019-05-15 10:02:56 #17 type.registry] 
New type java.util.Vector<domain.Result>

[2019-05-15 10:02:56 #18 type] 
Type domain.Bet is not enhanced.

[2019-05-15 10:02:56 #19 type] 
Type domain.Mugimendua is not enhanced.

[2019-05-15 10:02:56 #20 type] 
Type domain.Result is not enhanced.

[2019-05-15 10:02:56 #21 type.registry] 
New type domain.Question

[2019-05-15 10:02:56 #22 type] 
Type domain.Question is not enhanced.

[2019-05-15 10:02:56 #23 type.registry] 
New type domain.Event

[2019-05-15 10:02:56 #24 type] 
Type domain.Event is not enhanced.

[2019-05-15 10:02:56 #25 type.registry] 
New type java.util.Vector<domain.Question>

[2019-05-15 10:02:56 #26 type.registry] 
New type java.util.Vector<java.lang.Object>

[2019-05-15 10:08:58 #3 store] 
Database 'C:\Users\david\Desktop\Eclipse-Projects\SI-Proiektua_(Bets)\libs\db\resources\bets.temp' is closed by 5156@MSI

[2019-05-15 10:09:04 #4 server] 
Server on port 6136 has stopped by 5156@MSI

------------------------------------------------------------------------------------------------------------------------

[2019-05-15 11:14:27 #1 server] 
Server on port 6136 has started by 13424@MSI

[2019-05-15 11:14:33 #2 store] 
Database 'C:\Users\david\Desktop\Eclipse-Projects\SI-Proiektua_(Bets)\libs\db\resources\bets.temp' is opened by 13424@MSI

------------------------------------------------------------------------------------------------------------------------

[2019-05-15 11:14:33 #1 type.registry] 
New type domain.User

[2019-05-15 11:14:33 #2 type.registry] 
New type domain.Admin

[2019-05-15 11:14:33 #3 type] 
Type domain.User is not enhanced.

[2019-05-15 11:14:33 #4 type] 
Type domain.Admin is not enhanced.

[2019-05-15 11:14:33 #5 type.registry] 
New type domain.Langilea

[2019-05-15 11:14:33 #6 type] 
Type domain.Langilea is not enhanced.

[2019-05-15 11:14:33 #7 type.registry] 
New type domain.Erabiltzailea

[2019-05-15 11:14:33 #8 type] 
Type domain.Erabiltzailea is not enhanced.

[2019-05-15 11:14:33 #9 type.registry] 
New type domain.SuperBet

[2019-05-15 11:14:33 #10 type.registry] 
New type java.util.Vector<domain.SuperBet>

[2019-05-15 11:14:33 #11 type.registry] 
New type domain.Bet

[2019-05-15 11:14:33 #12 type.registry] 
New type java.util.Vector<domain.Bet>

[2019-05-15 11:14:33 #13 type.registry] 
New type domain.Mugimendua

[2019-05-15 11:14:33 #14 type.registry] 
New type java.util.Vector<domain.Mugimendua>

[2019-05-15 11:14:33 #15 type] 
Type domain.SuperBet is not enhanced.

[2019-05-15 11:14:33 #16 type.registry] 
New type domain.Result

[2019-05-15 11:14:33 #17 type.registry] 
New type java.util.Vector<domain.Result>

[2019-05-15 11:14:33 #18 type] 
Type domain.Bet is not enhanced.

[2019-05-15 11:14:33 #19 type] 
Type domain.Mugimendua is not enhanced.

[2019-05-15 11:14:33 #20 type] 
Type domain.Result is not enhanced.

[2019-05-15 11:14:33 #21 type.registry] 
New type domain.Question

[2019-05-15 11:14:33 #22 type] 
Type domain.Question is not enhanced.

[2019-05-15 11:14:33 #23 type.registry] 
New type domain.Event

[2019-05-15 11:14:33 #24 type] 
Type domain.Event is not enhanced.

[2019-05-15 11:14:33 #25 type.registry] 
New type java.util.Vector<domain.Question>

[2019-05-15 11:14:34 #26 type.registry] 
New type java.util.Vector<java.lang.Object>

[2019-05-15 11:18:20 #3 store] 
Database 'C:\Users\david\Desktop\Eclipse-Projects\SI-Proiektua_(Bets)\libs\db\resources\bets.temp' is closed by 13424@MSI

[2019-05-15 11:18:26 #4 server] 
Server on port 6136 has stopped by 13424@MSI

------------------------------------------------------------------------------------------------------------------------

[2019-05-15 11:18:31 #1 server] 
Server on port 6136 has started by 10724@MSI

[2019-05-15 11:18:34 #2 store] 
Database 'C:\Users\david\Desktop\Eclipse-Projects\SI-Proiektua_(Bets)\libs\db\resources\bets.temp' is opened by 10724@MSI

------------------------------------------------------------------------------------------------------------------------

[2019-05-15 11:18:34 #1 type.registry] 
New type domain.User

[2019-05-15 11:18:34 #2 type.registry] 
New type domain.Admin

[2019-05-15 11:18:34 #3 type] 
Type domain.User is not enhanced.

[2019-05-15 11:18:34 #4 type] 
Type domain.Admin is not enhanced.

[2019-05-15 11:18:34 #5 type.registry] 
New type domain.Langilea

[2019-05-15 11:18:34 #6 type] 
Type domain.Langilea is not enhanced.

[2019-05-15 11:18:34 #7 type.registry] 
New type domain.Erabiltzailea

[2019-05-15 11:18:34 #8 type] 
Type domain.Erabiltzailea is not enhanced.

[2019-05-15 11:18:34 #9 type.registry] 
New type domain.SuperBet

[2019-05-15 11:18:34 #10 type.registry] 
New type java.util.Vector<domain.SuperBet>

[2019-05-15 11:18:34 #11 type.registry] 
New type domain.Bet

[2019-05-15 11:18:34 #12 type.registry] 
New type java.util.Vector<domain.Bet>

[2019-05-15 11:18:34 #13 type.registry] 
New type domain.Mugimendua

[2019-05-15 11:18:34 #14 type.registry] 
New type java.util.Vector<domain.Mugimendua>

[2019-05-15 11:18:34 #15 type] 
Type domain.SuperBet is not enhanced.

[2019-05-15 11:18:34 #16 type.registry] 
New type domain.Result

[2019-05-15 11:18:34 #17 type.registry] 
New type java.util.Vector<domain.Result>

[2019-05-15 11:18:34 #18 type] 
Type domain.Bet is not enhanced.

[2019-05-15 11:18:34 #19 type] 
Type domain.Mugimendua is not enhanced.

[2019-05-15 11:18:34 #20 type] 
Type domain.Result is not enhanced.

[2019-05-15 11:18:34 #21 type.registry] 
New type domain.Question

[2019-05-15 11:18:34 #22 type] 
Type domain.Question is not enhanced.

[2019-05-15 11:18:34 #23 type.registry] 
New type domain.Event

[2019-05-15 11:18:34 #24 type] 
Type domain.Event is not enhanced.

[2019-05-15 11:18:34 #25 type.registry] 
New type java.util.Vector<domain.Question>

[2019-05-15 11:18:34 #26 type.registry] 
New type java.util.Vector<java.lang.Object>

[2019-05-15 11:20:23 #3 store] 
Database 'C:\Users\david\Desktop\Eclipse-Projects\SI-Proiektua_(Bets)\libs\db\resources\bets.temp' is closed by 10724@MSI

[2019-05-15 11:20:28 #4 server] 
Server on port 6136 has stopped by 10724@MSI

------------------------------------------------------------------------------------------------------------------------

[2019-05-15 11:20:31 #1 server] 
Server on port 6136 has started by 1760@MSI

[2019-05-15 11:20:34 #2 store] 
Database 'C:\Users\david\Desktop\Eclipse-Projects\SI-Proiektua_(Bets)\libs\db\resources\bets.temp' is opened by 1760@MSI

------------------------------------------------------------------------------------------------------------------------

[2019-05-15 11:20:35 #1 type.registry] 
New type domain.User

[2019-05-15 11:20:35 #2 type.registry] 
New type domain.Admin

[2019-05-15 11:20:35 #3 type] 
Type domain.User is not enhanced.

[2019-05-15 11:20:35 #4 type] 
Type domain.Admin is not enhanced.

[2019-05-15 11:20:35 #5 type.registry] 
New type domain.Langilea

[2019-05-15 11:20:35 #6 type] 
Type domain.Langilea is not enhanced.

[2019-05-15 11:20:35 #7 type.registry] 
New type domain.Erabiltzailea

[2019-05-15 11:20:35 #8 type] 
Type domain.Erabiltzailea is not enhanced.

[2019-05-15 11:20:35 #9 type.registry] 
New type domain.SuperBet

[2019-05-15 11:20:35 #10 type.registry] 
New type java.util.Vector<domain.SuperBet>

[2019-05-15 11:20:35 #11 type.registry] 
New type domain.Bet

[2019-05-15 11:20:35 #12 type.registry] 
New type java.util.Vector<domain.Bet>

[2019-05-15 11:20:35 #13 type.registry] 
New type domain.Mugimendua

[2019-05-15 11:20:35 #14 type.registry] 
New type java.util.Vector<domain.Mugimendua>

[2019-05-15 11:20:35 #15 type] 
Type domain.SuperBet is not enhanced.

[2019-05-15 11:20:35 #16 type.registry] 
New type domain.Result

[2019-05-15 11:20:35 #17 type.registry] 
New type java.util.Vector<domain.Result>

[2019-05-15 11:20:35 #18 type] 
Type domain.Bet is not enhanced.

[2019-05-15 11:20:35 #19 type] 
Type domain.Mugimendua is not enhanced.

[2019-05-15 11:20:35 #20 type] 
Type domain.Result is not enhanced.

[2019-05-15 11:20:35 #21 type.registry] 
New type domain.Question

[2019-05-15 11:20:35 #22 type] 
Type domain.Question is not enhanced.

[2019-05-15 11:20:35 #23 type.registry] 
New type domain.Event

[2019-05-15 11:20:35 #24 type] 
Type domain.Event is not enhanced.

[2019-05-15 11:20:35 #25 type.registry] 
New type java.util.Vector<domain.Question>

[2019-05-15 11:20:35 #26 type.registry] 
New type java.util.Vector<java.lang.Object>

[2019-05-15 11:23:43 #3 store] 
Database 'C:\Users\david\Desktop\Eclipse-Projects\SI-Proiektua_(Bets)\libs\db\resources\bets.temp' is closed by 1760@MSI

[2019-05-15 11:23:47 #4 server] 
Server on port 6136 has stopped by 1760@MSI

------------------------------------------------------------------------------------------------------------------------

[2019-05-15 12:52:11 #1 server] 
Server on port 6136 has started by 4124@MSI

[2019-05-15 12:52:12 #2 store] 
Database 'C:\Users\david\Desktop\Eclipse-Projects\SI-Proiektua_(Bets)\libs\db\resources\bets.temp' is opened by 4124@MSI

------------------------------------------------------------------------------------------------------------------------

[2019-05-15 12:52:13 #1 type.registry] 
New type domain.User

[2019-05-15 12:52:13 #2 type.registry] 
New type domain.Admin

[2019-05-15 12:52:13 #3 type] 
Type domain.User is not enhanced.

[2019-05-15 12:52:13 #4 type] 
Type domain.Admin is not enhanced.

[2019-05-15 12:52:13 #5 type.registry] 
New type domain.Langilea

[2019-05-15 12:52:13 #6 type] 
Type domain.Langilea is not enhanced.

[2019-05-15 12:52:13 #7 type.registry] 
New type domain.Erabiltzailea

[2019-05-15 12:52:13 #8 type] 
Type domain.Erabiltzailea is not enhanced.

[2019-05-15 12:52:13 #9 type.registry] 
New type domain.SuperBet

[2019-05-15 12:52:13 #10 type.registry] 
New type java.util.Vector<domain.SuperBet>

[2019-05-15 12:52:13 #11 type.registry] 
New type domain.Bet

[2019-05-15 12:52:13 #12 type.registry] 
New type java.util.Vector<domain.Bet>

[2019-05-15 12:52:13 #13 type.registry] 
New type domain.Mugimendua

[2019-05-15 12:52:13 #14 type.registry] 
New type java.util.Vector<domain.Mugimendua>

[2019-05-15 12:52:13 #15 type] 
Type domain.SuperBet is not enhanced.

[2019-05-15 12:52:13 #16 type.registry] 
New type domain.Result

[2019-05-15 12:52:13 #17 type.registry] 
New type java.util.Vector<domain.Result>

[2019-05-15 12:52:13 #18 type] 
Type domain.Bet is not enhanced.

[2019-05-15 12:52:13 #19 type] 
Type domain.Mugimendua is not enhanced.

[2019-05-15 12:52:13 #20 type] 
Type domain.Result is not enhanced.

[2019-05-15 12:52:13 #21 type.registry] 
New type domain.Question

[2019-05-15 12:52:13 #22 type] 
Type domain.Question is not enhanced.

[2019-05-15 12:52:13 #23 type.registry] 
New type domain.Event

[2019-05-15 12:52:13 #24 type] 
Type domain.Event is not enhanced.

[2019-05-15 12:52:13 #25 type.registry] 
New type java.util.Vector<domain.Question>

[2019-05-15 12:52:13 #26 type.registry] 
New type java.util.Vector<java.lang.Object>

[2019-05-15 12:54:15 #3 store] 
Database 'C:\Users\david\Desktop\Eclipse-Projects\SI-Proiektua_(Bets)\libs\db\resources\bets.temp' is closed by 4124@MSI

------------------------------------------------------------------------------------------------------------------------

[2019-05-15 12:55:28 #1 server] 
java.net.BindException: Address already in use: JVM_Bind
	at java.net.DualStackPlainSocketImpl.bind0(Native Method)
	at java.net.DualStackPlainSocketImpl.socketBind(DualStackPlainSocketImpl.java:106)
	at java.net.AbstractPlainSocketImpl.bind(AbstractPlainSocketImpl.java:387)
	at java.net.PlainSocketImpl.bind(PlainSocketImpl.java:190)
	at java.net.ServerSocket.bind(ServerSocket.java:375)
	at java.net.ServerSocket.<init>(ServerSocket.java:237)
	at java.net.ServerSocket.<init>(ServerSocket.java:181)
	at com.objectdb.o.SMR.I(SMR.java:259)
	at com.objectdb.o.SMR.n(SMR.java:159)
	at com.objectdb.o.TOL.run(TOL.java:116)
	at com.objectdb.Server.runCommand(Server.java:200)
	at com.objectdb.Server.run(Server.java:104)
	at com.objectdb.Server.main(Server.java:63)

[2019-05-15 12:55:34 #4 server] 
Server on port 6136 has stopped by 4124@MSI

------------------------------------------------------------------------------------------------------------------------

[2019-05-15 12:55:41 #1 server] 
Server on port 6136 has started by 8316@MSI

[2019-05-15 12:55:42 #2 store] 
Database 'C:\Users\david\Desktop\Eclipse-Projects\SI-Proiektua_(Bets)\libs\db\resources\bets.temp' is opened by 8316@MSI

------------------------------------------------------------------------------------------------------------------------

[2019-05-15 12:55:43 #1 type.registry] 
New type domain.User

[2019-05-15 12:55:43 #2 type.registry] 
New type domain.Admin

[2019-05-15 12:55:43 #3 type] 
Type domain.User is not enhanced.

[2019-05-15 12:55:43 #4 type] 
Type domain.Admin is not enhanced.

[2019-05-15 12:55:43 #5 type.registry] 
New type domain.Langilea

[2019-05-15 12:55:43 #6 type] 
Type domain.Langilea is not enhanced.

[2019-05-15 12:55:43 #7 type.registry] 
New type domain.Erabiltzailea

[2019-05-15 12:55:43 #8 type] 
Type domain.Erabiltzailea is not enhanced.

[2019-05-15 12:55:43 #9 type.registry] 
New type domain.SuperBet

[2019-05-15 12:55:43 #10 type.registry] 
New type java.util.Vector<domain.SuperBet>

[2019-05-15 12:55:43 #11 type.registry] 
New type domain.Bet

[2019-05-15 12:55:43 #12 type.registry] 
New type java.util.Vector<domain.Bet>

[2019-05-15 12:55:43 #13 type.registry] 
New type domain.Mugimendua

[2019-05-15 12:55:43 #14 type.registry] 
New type java.util.Vector<domain.Mugimendua>

[2019-05-15 12:55:43 #15 type] 
Type domain.SuperBet is not enhanced.

[2019-05-15 12:55:43 #16 type.registry] 
New type domain.Result

[2019-05-15 12:55:43 #17 type.registry] 
New type java.util.Vector<domain.Result>

[2019-05-15 12:55:43 #18 type] 
Type domain.Bet is not enhanced.

[2019-05-15 12:55:43 #19 type] 
Type domain.Mugimendua is not enhanced.

[2019-05-15 12:55:43 #20 type] 
Type domain.Result is not enhanced.

[2019-05-15 12:55:43 #21 type.registry] 
New type domain.Question

[2019-05-15 12:55:43 #22 type] 
Type domain.Question is not enhanced.

[2019-05-15 12:55:43 #23 type.registry] 
New type domain.Event

[2019-05-15 12:55:43 #24 type] 
Type domain.Event is not enhanced.

[2019-05-15 12:55:43 #25 type.registry] 
New type java.util.Vector<domain.Question>

[2019-05-15 12:55:43 #26 type.registry] 
New type java.util.Vector<java.lang.Object>

[2019-05-15 13:00:15 #3 store] 
Database 'C:\Users\david\Desktop\Eclipse-Projects\SI-Proiektua_(Bets)\libs\db\resources\bets.temp' is closed by 8316@MSI

[2019-05-15 13:00:21 #4 server] 
Server on port 6136 has stopped by 8316@MSI

------------------------------------------------------------------------------------------------------------------------

[2019-05-15 13:00:22 #1 server] 
Server on port 6136 has started by 13532@MSI

[2019-05-15 13:00:24 #2 store] 
Database 'C:\Users\david\Desktop\Eclipse-Projects\SI-Proiektua_(Bets)\libs\db\resources\bets.temp' is opened by 13532@MSI

------------------------------------------------------------------------------------------------------------------------

[2019-05-15 13:00:25 #1 type.registry] 
New type domain.User

[2019-05-15 13:00:25 #2 type.registry] 
New type domain.Admin

[2019-05-15 13:00:25 #3 type] 
Type domain.User is not enhanced.

[2019-05-15 13:00:25 #4 type] 
Type domain.Admin is not enhanced.

[2019-05-15 13:00:25 #5 type.registry] 
New type domain.Langilea

[2019-05-15 13:00:25 #6 type] 
Type domain.Langilea is not enhanced.

[2019-05-15 13:00:25 #7 type.registry] 
New type domain.Erabiltzailea

[2019-05-15 13:00:25 #8 type] 
Type domain.Erabiltzailea is not enhanced.

[2019-05-15 13:00:25 #9 type.registry] 
New type domain.SuperBet

[2019-05-15 13:00:25 #10 type.registry] 
New type java.util.Vector<domain.SuperBet>

[2019-05-15 13:00:25 #11 type.registry] 
New type domain.Bet

[2019-05-15 13:00:25 #12 type.registry] 
New type java.util.Vector<domain.Bet>

[2019-05-15 13:00:25 #13 type.registry] 
New type domain.Mugimendua

[2019-05-15 13:00:25 #14 type.registry] 
New type java.util.Vector<domain.Mugimendua>

[2019-05-15 13:00:25 #15 type] 
Type domain.SuperBet is not enhanced.

[2019-05-15 13:00:25 #16 type.registry] 
New type domain.Result

[2019-05-15 13:00:25 #17 type.registry] 
New type java.util.Vector<domain.Result>

[2019-05-15 13:00:25 #18 type] 
Type domain.Bet is not enhanced.

[2019-05-15 13:00:25 #19 type] 
Type domain.Mugimendua is not enhanced.

[2019-05-15 13:00:25 #20 type] 
Type domain.Result is not enhanced.

[2019-05-15 13:00:25 #21 type.registry] 
New type domain.Question

[2019-05-15 13:00:25 #22 type] 
Type domain.Question is not enhanced.

[2019-05-15 13:00:25 #23 type.registry] 
New type domain.Event

[2019-05-15 13:00:25 #24 type] 
Type domain.Event is not enhanced.

[2019-05-15 13:00:25 #25 type.registry] 
New type java.util.Vector<domain.Question>

[2019-05-15 13:00:25 #26 type.registry] 
New type java.util.Vector<java.lang.Object>

[2019-05-15 13:02:42 #3 store] 
Database 'C:\Users\david\Desktop\Eclipse-Projects\SI-Proiektua_(Bets)\libs\db\resources\bets.temp' is closed by 13532@MSI

[2019-05-15 13:03:34 #4 store] 
Database 'C:\Users\david\Desktop\Eclipse-Projects\SI-Proiektua_(Bets)\libs\db\resources\bets.temp' is opened by 13532@MSI

[2019-05-15 13:03:52 #5 store] 
Database 'C:\Users\david\Desktop\Eclipse-Projects\SI-Proiektua_(Bets)\libs\db\resources\bets.temp' is closed by 13532@MSI

------------------------------------------------------------------------------------------------------------------------

[2019-05-15 13:04:51 #1 store] 
Database 'C:\Users\david\Desktop\Eclipse-Projects\SI-Proiektua_(Bets)\resources\bets.temp' is opened by 3620@MSI

[2019-05-15 13:04:52 #2 type.registry] 
New type domain.User

[2019-05-15 13:04:52 #3 type.registry] 
New type domain.Admin

[2019-05-15 13:04:52 #4 type] 
Type domain.User is not enhanced.

[2019-05-15 13:04:52 #5 type] 
Type domain.Admin is not enhanced.

[2019-05-15 13:04:52 #6 type.registry] 
New type domain.Langilea

[2019-05-15 13:04:52 #7 type] 
Type domain.Langilea is not enhanced.

[2019-05-15 13:04:52 #8 type.registry] 
New type domain.Erabiltzailea

[2019-05-15 13:04:52 #9 type] 
Type domain.Erabiltzailea is not enhanced.

[2019-05-15 13:04:52 #10 type.registry] 
New type domain.SuperBet

[2019-05-15 13:04:52 #11 type.registry] 
New type java.util.Vector<domain.SuperBet>

[2019-05-15 13:04:52 #12 type.registry] 
New type domain.Bet

[2019-05-15 13:04:52 #13 type.registry] 
New type java.util.Vector<domain.Bet>

[2019-05-15 13:04:52 #14 type.registry] 
New type domain.Mugimendua

[2019-05-15 13:04:52 #15 type.registry] 
New type java.util.Vector<domain.Mugimendua>

[2019-05-15 13:04:52 #16 type] 
Type domain.SuperBet is not enhanced.

[2019-05-15 13:04:52 #17 type.registry] 
New type domain.Result

[2019-05-15 13:04:52 #18 type.registry] 
New type java.util.Vector<domain.Result>

[2019-05-15 13:04:52 #19 type] 
Type domain.Bet is not enhanced.

[2019-05-15 13:04:52 #20 type] 
Type domain.Mugimendua is not enhanced.

[2019-05-15 13:04:52 #21 type] 
Type domain.Result is not enhanced.

[2019-05-15 13:04:52 #22 type.registry] 
New type domain.Question

[2019-05-15 13:04:52 #23 type] 
Type domain.Question is not enhanced.

[2019-05-15 13:04:52 #24 type.registry] 
New type domain.Event

[2019-05-15 13:04:52 #25 type] 
Type domain.Event is not enhanced.

[2019-05-15 13:04:52 #26 type.registry] 
New type java.util.Vector<domain.Question>

[2019-05-15 13:04:52 #27 type.registry] 
New type java.util.Vector<java.lang.Object>

------------------------------------------------------------------------------------------------------------------------

[2019-05-15 13:06:34 #1 store] 
Database 'C:\Users\david\Desktop\Eclipse-Projects\SI-Proiektua_(Bets)\resources\bets.temp' is opened by 11888@MSI

[2019-05-15 13:06:34 #2 type.registry] 
New type domain.User

[2019-05-15 13:06:34 #3 type.registry] 
New type domain.Admin

[2019-05-15 13:06:34 #4 type] 
Type domain.User is not enhanced.

[2019-05-15 13:06:34 #5 type] 
Type domain.Admin is not enhanced.

[2019-05-15 13:06:34 #6 type.registry] 
New type domain.Langilea

[2019-05-15 13:06:34 #7 type] 
Type domain.Langilea is not enhanced.

[2019-05-15 13:06:34 #8 type.registry] 
New type domain.Erabiltzailea

[2019-05-15 13:06:34 #9 type] 
Type domain.Erabiltzailea is not enhanced.

[2019-05-15 13:06:34 #10 type.registry] 
New type domain.SuperBet

[2019-05-15 13:06:34 #11 type.registry] 
New type java.util.Vector<domain.SuperBet>

[2019-05-15 13:06:34 #12 type.registry] 
New type domain.Bet

[2019-05-15 13:06:34 #13 type.registry] 
New type java.util.Vector<domain.Bet>

[2019-05-15 13:06:34 #14 type.registry] 
New type domain.Mugimendua

[2019-05-15 13:06:34 #15 type.registry] 
New type java.util.Vector<domain.Mugimendua>

[2019-05-15 13:06:34 #16 type] 
Type domain.SuperBet is not enhanced.

[2019-05-15 13:06:34 #17 type.registry] 
New type domain.Result

[2019-05-15 13:06:34 #18 type.registry] 
New type java.util.Vector<domain.Result>

[2019-05-15 13:06:34 #19 type] 
Type domain.Bet is not enhanced.

[2019-05-15 13:06:34 #20 type] 
Type domain.Mugimendua is not enhanced.

[2019-05-15 13:06:34 #21 type] 
Type domain.Result is not enhanced.

[2019-05-15 13:06:34 #22 type.registry] 
New type domain.Question

[2019-05-15 13:06:34 #23 type] 
Type domain.Question is not enhanced.

[2019-05-15 13:06:34 #24 type.registry] 
New type domain.Event

[2019-05-15 13:06:34 #25 type] 
Type domain.Event is not enhanced.

[2019-05-15 13:06:34 #26 type.registry] 
New type java.util.Vector<domain.Question>

[2019-05-15 13:06:34 #27 type.registry] 
New type java.util.Vector<java.lang.Object>

------------------------------------------------------------------------------------------------------------------------

[2019-05-15 13:19:48 #1 store] 
Database 'C:\Users\david\Desktop\Eclipse-Projects\SI-Proiektua_(Bets)\resources\bets.temp' is opened by 5656@MSI

[2019-05-15 13:19:49 #2 type.registry] 
New type domain.User

[2019-05-15 13:19:49 #3 type.registry] 
New type domain.Admin

[2019-05-15 13:19:49 #4 type] 
Type domain.User is not enhanced.

[2019-05-15 13:19:49 #5 type] 
Type domain.Admin is not enhanced.

[2019-05-15 13:19:49 #6 type.registry] 
New type domain.Langilea

[2019-05-15 13:19:49 #7 type] 
Type domain.Langilea is not enhanced.

[2019-05-15 13:19:49 #8 type.registry] 
New type domain.Erabiltzailea

[2019-05-15 13:19:49 #9 type] 
Type domain.Erabiltzailea is not enhanced.

[2019-05-15 13:19:49 #10 type.registry] 
New type domain.SuperBet

[2019-05-15 13:19:49 #11 type.registry] 
New type java.util.Vector<domain.SuperBet>

[2019-05-15 13:19:49 #12 type.registry] 
New type domain.Bet

[2019-05-15 13:19:49 #13 type.registry] 
New type java.util.Vector<domain.Bet>

[2019-05-15 13:19:49 #14 type.registry] 
New type domain.Mugimendua

[2019-05-15 13:19:49 #15 type.registry] 
New type java.util.Vector<domain.Mugimendua>

[2019-05-15 13:19:49 #16 type] 
Type domain.SuperBet is not enhanced.

[2019-05-15 13:19:49 #17 type.registry] 
New type domain.Result

[2019-05-15 13:19:49 #18 type.registry] 
New type java.util.Vector<domain.Result>

[2019-05-15 13:19:49 #19 type] 
Type domain.Bet is not enhanced.

[2019-05-15 13:19:49 #20 type] 
Type domain.Mugimendua is not enhanced.

[2019-05-15 13:19:49 #21 type] 
Type domain.Result is not enhanced.

[2019-05-15 13:19:49 #22 type.registry] 
New type domain.Question

[2019-05-15 13:19:49 #23 type] 
Type domain.Question is not enhanced.

[2019-05-15 13:19:49 #24 type.registry] 
New type domain.Event

[2019-05-15 13:19:49 #25 type] 
Type domain.Event is not enhanced.

[2019-05-15 13:19:49 #26 type.registry] 
New type java.util.Vector<domain.Question>

[2019-05-15 13:19:49 #27 type.registry] 
New type java.util.Vector<java.lang.Object>

------------------------------------------------------------------------------------------------------------------------

[2019-05-15 13:24:28 #1 store] 
Database 'C:\Users\david\Desktop\Eclipse-Projects\SI-Proiektua_(Bets)\resources\bets.temp' is opened by 12668@MSI

[2019-05-15 13:24:28 #2 type.registry] 
New type domain.User

[2019-05-15 13:24:28 #3 type.registry] 
New type domain.Admin

[2019-05-15 13:24:28 #4 type] 
Type domain.User is not enhanced.

[2019-05-15 13:24:28 #5 type] 
Type domain.Admin is not enhanced.

[2019-05-15 13:24:28 #6 type.registry] 
New type domain.Langilea

[2019-05-15 13:24:28 #7 type] 
Type domain.Langilea is not enhanced.

[2019-05-15 13:24:28 #8 type.registry] 
New type domain.Erabiltzailea

[2019-05-15 13:24:28 #9 type] 
Type domain.Erabiltzailea is not enhanced.

[2019-05-15 13:24:28 #10 type.registry] 
New type domain.SuperBet

[2019-05-15 13:24:28 #11 type.registry] 
New type java.util.Vector<domain.SuperBet>

[2019-05-15 13:24:28 #12 type.registry] 
New type domain.Bet

[2019-05-15 13:24:28 #13 type.registry] 
New type java.util.Vector<domain.Bet>

[2019-05-15 13:24:28 #14 type.registry] 
New type domain.Mugimendua

[2019-05-15 13:24:28 #15 type.registry] 
New type java.util.Vector<domain.Mugimendua>

[2019-05-15 13:24:28 #16 type] 
Type domain.SuperBet is not enhanced.

[2019-05-15 13:24:28 #17 type.registry] 
New type domain.Result

[2019-05-15 13:24:28 #18 type.registry] 
New type java.util.Vector<domain.Result>

[2019-05-15 13:24:28 #19 type] 
Type domain.Bet is not enhanced.

[2019-05-15 13:24:28 #20 type] 
Type domain.Mugimendua is not enhanced.

[2019-05-15 13:24:28 #21 type] 
Type domain.Result is not enhanced.

[2019-05-15 13:24:28 #22 type.registry] 
New type domain.Question

[2019-05-15 13:24:28 #23 type] 
Type domain.Question is not enhanced.

[2019-05-15 13:24:28 #24 type.registry] 
New type domain.Event

[2019-05-15 13:24:28 #25 type] 
Type domain.Event is not enhanced.

[2019-05-15 13:24:28 #26 type.registry] 
New type java.util.Vector<domain.Question>

[2019-05-15 13:24:28 #27 type.registry] 
New type java.util.Vector<java.lang.Object>

------------------------------------------------------------------------------------------------------------------------

[2019-05-15 13:26:10 #1 store] 
Database 'C:\Users\david\Desktop\Eclipse-Projects\SI-Proiektua_(Bets)\resources\bets.temp' is opened by 9460@MSI

[2019-05-15 13:26:10 #2 type.registry] 
New type domain.User

[2019-05-15 13:26:10 #3 type.registry] 
New type domain.Admin

[2019-05-15 13:26:10 #4 type] 
Type domain.User is not enhanced.

[2019-05-15 13:26:10 #5 type] 
Type domain.Admin is not enhanced.

[2019-05-15 13:26:10 #6 type.registry] 
New type domain.Langilea

[2019-05-15 13:26:10 #7 type] 
Type domain.Langilea is not enhanced.

[2019-05-15 13:26:10 #8 type.registry] 
New type domain.Erabiltzailea

[2019-05-15 13:26:10 #9 type] 
Type domain.Erabiltzailea is not enhanced.

[2019-05-15 13:26:11 #10 type.registry] 
New type domain.SuperBet

[2019-05-15 13:26:11 #11 type.registry] 
New type java.util.Vector<domain.SuperBet>

[2019-05-15 13:26:11 #12 type.registry] 
New type domain.Bet

[2019-05-15 13:26:11 #13 type.registry] 
New type java.util.Vector<domain.Bet>

[2019-05-15 13:26:11 #14 type.registry] 
New type domain.Mugimendua

[2019-05-15 13:26:11 #15 type.registry] 
New type java.util.Vector<domain.Mugimendua>

[2019-05-15 13:26:11 #16 type] 
Type domain.SuperBet is not enhanced.

[2019-05-15 13:26:11 #17 type.registry] 
New type domain.Result

[2019-05-15 13:26:11 #18 type.registry] 
New type java.util.Vector<domain.Result>

[2019-05-15 13:26:11 #19 type] 
Type domain.Bet is not enhanced.

[2019-05-15 13:26:11 #20 type] 
Type domain.Mugimendua is not enhanced.

[2019-05-15 13:26:11 #21 type] 
Type domain.Result is not enhanced.

[2019-05-15 13:26:11 #22 type.registry] 
New type domain.Question

[2019-05-15 13:26:11 #23 type] 
Type domain.Question is not enhanced.

[2019-05-15 13:26:11 #24 type.registry] 
New type domain.Event

[2019-05-15 13:26:11 #25 type] 
Type domain.Event is not enhanced.

[2019-05-15 13:26:11 #26 type.registry] 
New type java.util.Vector<domain.Question>

[2019-05-15 13:26:11 #27 type.registry] 
New type java.util.Vector<java.lang.Object>

------------------------------------------------------------------------------------------------------------------------

[2019-05-15 17:27:04 #1 store] 
Database 'C:\Users\david\Desktop\Eclipse-Projects\SI-Proiektua_(Bets)\resources\bets.temp' is opened by 10704@MSI

[2019-05-15 17:27:04 #2 type.registry] 
New type domain.User

[2019-05-15 17:27:04 #3 type.registry] 
New type domain.Admin

[2019-05-15 17:27:04 #4 type] 
Type domain.User is not enhanced.

[2019-05-15 17:27:04 #5 type] 
Type domain.Admin is not enhanced.

[2019-05-15 17:27:04 #6 type.registry] 
New type domain.Langilea

[2019-05-15 17:27:04 #7 type] 
Type domain.Langilea is not enhanced.

[2019-05-15 17:27:04 #8 type.registry] 
New type domain.Erabiltzailea

[2019-05-15 17:27:04 #9 type] 
Type domain.Erabiltzailea is not enhanced.

[2019-05-15 17:27:04 #10 type.registry] 
New type domain.SuperBet

[2019-05-15 17:27:04 #11 type.registry] 
New type java.util.Vector<domain.SuperBet>

[2019-05-15 17:27:04 #12 type.registry] 
New type domain.Bet

[2019-05-15 17:27:04 #13 type.registry] 
New type java.util.Vector<domain.Bet>

[2019-05-15 17:27:04 #14 type.registry] 
New type domain.Mugimendua

[2019-05-15 17:27:04 #15 type.registry] 
New type java.util.Vector<domain.Mugimendua>

[2019-05-15 17:27:04 #16 type] 
Type domain.SuperBet is not enhanced.

[2019-05-15 17:27:04 #17 type.registry] 
New type domain.Result

[2019-05-15 17:27:04 #18 type.registry] 
New type java.util.Vector<domain.Result>

[2019-05-15 17:27:04 #19 type] 
Type domain.Bet is not enhanced.

[2019-05-15 17:27:04 #20 type] 
Type domain.Mugimendua is not enhanced.

[2019-05-15 17:27:04 #21 type] 
Type domain.Result is not enhanced.

[2019-05-15 17:27:04 #22 type.registry] 
New type domain.Question

[2019-05-15 17:27:04 #23 type] 
Type domain.Question is not enhanced.

[2019-05-15 17:27:04 #24 type.registry] 
New type domain.Event

[2019-05-15 17:27:04 #25 type] 
Type domain.Event is not enhanced.

[2019-05-15 17:27:04 #26 type.registry] 
New type java.util.Vector<domain.Question>

[2019-05-15 17:27:04 #27 type.registry] 
New type java.util.Vector<java.lang.Object>

------------------------------------------------------------------------------------------------------------------------

[2019-05-15 18:02:39 #1 store] 
Database 'C:\Users\david\Desktop\Eclipse-Projects\SI-Proiektua_(Bets)\resources\bets.temp' is opened by 6888@MSI

[2019-05-15 18:02:39 #2 type.registry] 
New type domain.User

[2019-05-15 18:02:39 #3 type.registry] 
New type domain.Admin

[2019-05-15 18:02:39 #4 type] 
Type domain.User is not enhanced.

[2019-05-15 18:02:39 #5 type] 
Type domain.Admin is not enhanced.

[2019-05-15 18:02:39 #6 type.registry] 
New type domain.Langilea

[2019-05-15 18:02:39 #7 type] 
Type domain.Langilea is not enhanced.

[2019-05-15 18:02:39 #8 type.registry] 
New type domain.Erabiltzailea

[2019-05-15 18:02:39 #9 type] 
Type domain.Erabiltzailea is not enhanced.

[2019-05-15 18:02:39 #10 type.registry] 
New type domain.SuperBet

[2019-05-15 18:02:39 #11 type.registry] 
New type java.util.Vector<domain.SuperBet>

[2019-05-15 18:02:39 #12 type.registry] 
New type domain.Bet

[2019-05-15 18:02:39 #13 type.registry] 
New type java.util.Vector<domain.Bet>

[2019-05-15 18:02:39 #14 type.registry] 
New type domain.Mugimendua

[2019-05-15 18:02:39 #15 type.registry] 
New type java.util.Vector<domain.Mugimendua>

[2019-05-15 18:02:39 #16 type] 
Type domain.SuperBet is not enhanced.

[2019-05-15 18:02:39 #17 type.registry] 
New type domain.Result

[2019-05-15 18:02:39 #18 type.registry] 
New type java.util.Vector<domain.Result>

[2019-05-15 18:02:39 #19 type] 
Type domain.Bet is not enhanced.

[2019-05-15 18:02:39 #20 type] 
Type domain.Mugimendua is not enhanced.

[2019-05-15 18:02:39 #21 type] 
Type domain.Result is not enhanced.

[2019-05-15 18:02:39 #22 type.registry] 
New type domain.Question

[2019-05-15 18:02:39 #23 type] 
Type domain.Question is not enhanced.

[2019-05-15 18:02:39 #24 type.registry] 
New type domain.Event

[2019-05-15 18:02:39 #25 type] 
Type domain.Event is not enhanced.

[2019-05-15 18:02:39 #26 type.registry] 
New type java.util.Vector<domain.Question>

[2019-05-15 18:02:39 #27 type.registry] 
New type java.util.Vector<java.lang.Object>

