------------------------------------------------------------------------------------------------------------------------

[2020-10-19 16:47:25 #1 store] 
Database 'C:\Users\MikelGorka\git\Bets_Repository\SI2\resources\bets.temp' is opened by 6580@GorkaMikel

[2020-10-19 16:47:25 #2 type.registry] 
New type domain.User

[2020-10-19 16:47:25 #3 type.registry] 
New type domain.Admin

[2020-10-19 16:47:25 #4 type] 
Type domain.User is not enhanced.

[2020-10-19 16:47:25 #5 type] 
Type domain.Admin is not enhanced.

[2020-10-19 16:47:25 #6 type.registry] 
New type domain.Langilea

[2020-10-19 16:47:25 #7 type] 
Type domain.Langilea is not enhanced.

[2020-10-19 16:47:25 #8 type.registry] 
New type domain.Erabiltzailea

[2020-10-19 16:47:25 #9 type] 
Type domain.Erabiltzailea is not enhanced.

[2020-10-19 16:47:25 #10 type.registry] 
New type domain.SuperBet

[2020-10-19 16:47:25 #11 type.registry] 
New type java.util.Vector<domain.SuperBet>

[2020-10-19 16:47:25 #12 type.registry] 
New type domain.Bet

[2020-10-19 16:47:25 #13 type.registry] 
New type java.util.Vector<domain.Bet>

[2020-10-19 16:47:25 #14 type.registry] 
New type domain.Mugimendua

[2020-10-19 16:47:25 #15 type.registry] 
New type java.util.Vector<domain.Mugimendua>

[2020-10-19 16:47:25 #16 type] 
Type domain.SuperBet is not enhanced.

[2020-10-19 16:47:25 #17 type.registry] 
New type domain.Result

[2020-10-19 16:47:25 #18 type.registry] 
New type java.util.Vector<domain.Result>

[2020-10-19 16:47:25 #19 type] 
Type domain.Bet is not enhanced.

[2020-10-19 16:47:25 #20 type] 
Type domain.Mugimendua is not enhanced.

[2020-10-19 16:47:25 #21 type] 
Type domain.Result is not enhanced.

[2020-10-19 16:47:25 #22 type.registry] 
New type domain.Question

[2020-10-19 16:47:25 #23 type] 
Type domain.Question is not enhanced.

[2020-10-19 16:47:25 #24 type.registry] 
New type domain.Event

[2020-10-19 16:47:25 #25 type] 
Type domain.Event is not enhanced.

[2020-10-19 16:47:25 #26 type.registry] 
New type java.util.Vector<domain.Question>

[2020-10-19 16:47:25 #27 type.registry] 
New type java.util.Vector<java.lang.Object>

------------------------------------------------------------------------------------------------------------------------

[2020-10-19 17:46:58 #1 store] 
Database 'C:\Users\MikelGorka\git\Bets_Repository\SI2\resources\bets.temp' is opened by 12464@GorkaMikel

[2020-10-19 17:46:58 #2 type.registry] 
New type domain.User

[2020-10-19 17:46:58 #3 type.registry] 
New type domain.Admin

[2020-10-19 17:46:58 #4 type] 
Type domain.User is not enhanced.

[2020-10-19 17:46:58 #5 type] 
Type domain.Admin is not enhanced.

[2020-10-19 17:46:58 #6 type.registry] 
New type domain.Langilea

[2020-10-19 17:46:58 #7 type] 
Type domain.Langilea is not enhanced.

[2020-10-19 17:46:58 #8 type.registry] 
New type domain.Erabiltzailea

[2020-10-19 17:46:58 #9 type] 
Type domain.Erabiltzailea is not enhanced.

[2020-10-19 17:46:58 #10 type.registry] 
New type domain.SuperBet

[2020-10-19 17:46:58 #11 type.registry] 
New type java.util.Vector<domain.SuperBet>

[2020-10-19 17:46:58 #12 type.registry] 
New type domain.Bet

[2020-10-19 17:46:58 #13 type.registry] 
New type java.util.Vector<domain.Bet>

[2020-10-19 17:46:58 #14 type.registry] 
New type domain.Mugimendua

[2020-10-19 17:46:58 #15 type.registry] 
New type java.util.Vector<domain.Mugimendua>

[2020-10-19 17:46:58 #16 type] 
Type domain.SuperBet is not enhanced.

[2020-10-19 17:46:58 #17 type.registry] 
New type domain.Result

[2020-10-19 17:46:58 #18 type.registry] 
New type java.util.Vector<domain.Result>

[2020-10-19 17:46:58 #19 type] 
Type domain.Bet is not enhanced.

[2020-10-19 17:46:58 #20 type] 
Type domain.Mugimendua is not enhanced.

[2020-10-19 17:46:58 #21 type] 
Type domain.Result is not enhanced.

[2020-10-19 17:46:58 #22 type.registry] 
New type domain.Question

[2020-10-19 17:46:58 #23 type] 
Type domain.Question is not enhanced.

[2020-10-19 17:46:58 #24 type.registry] 
New type domain.Event

[2020-10-19 17:46:58 #25 type] 
Type domain.Event is not enhanced.

[2020-10-19 17:46:58 #26 type.registry] 
New type java.util.Vector<domain.Question>

[2020-10-19 17:46:58 #27 type.registry] 
New type java.util.Vector<java.lang.Object>

------------------------------------------------------------------------------------------------------------------------

[2020-10-19 23:16:31 #1 store] 
Database 'C:\Users\MikelGorka\git\Bets_Repository\SI2\resources\bets.temp' is opened by 584@GorkaMikel

[2020-10-19 23:16:31 #2 type.registry] 
New type domain.User

[2020-10-19 23:16:31 #3 type.registry] 
New type domain.Admin

[2020-10-19 23:16:31 #4 type] 
Type domain.User is not enhanced.

[2020-10-19 23:16:31 #5 type] 
Type domain.Admin is not enhanced.

[2020-10-19 23:16:31 #6 type.registry] 
New type domain.Langilea

[2020-10-19 23:16:31 #7 type] 
Type domain.Langilea is not enhanced.

[2020-10-19 23:16:31 #8 type.registry] 
New type domain.Erabiltzailea

[2020-10-19 23:16:31 #9 type] 
Type domain.Erabiltzailea is not enhanced.

[2020-10-19 23:16:31 #10 type.registry] 
New type domain.SuperBet

[2020-10-19 23:16:31 #11 type.registry] 
New type java.util.Vector<domain.SuperBet>

[2020-10-19 23:16:31 #12 type.registry] 
New type domain.Bet

[2020-10-19 23:16:31 #13 type.registry] 
New type java.util.Vector<domain.Bet>

[2020-10-19 23:16:31 #14 type.registry] 
New type domain.Mugimendua

[2020-10-19 23:16:31 #15 type.registry] 
New type java.util.Vector<domain.Mugimendua>

[2020-10-19 23:16:31 #16 type] 
Type domain.SuperBet is not enhanced.

[2020-10-19 23:16:31 #17 type.registry] 
New type domain.Result

[2020-10-19 23:16:31 #18 type.registry] 
New type java.util.Vector<domain.Result>

[2020-10-19 23:16:31 #19 type] 
Type domain.Bet is not enhanced.

[2020-10-19 23:16:31 #20 type] 
Type domain.Mugimendua is not enhanced.

[2020-10-19 23:16:31 #21 type] 
Type domain.Result is not enhanced.

[2020-10-19 23:16:31 #22 type.registry] 
New type domain.Question

[2020-10-19 23:16:31 #23 type] 
Type domain.Question is not enhanced.

[2020-10-19 23:16:31 #24 type.registry] 
New type domain.Event

[2020-10-19 23:16:31 #25 type] 
Type domain.Event is not enhanced.

[2020-10-19 23:16:31 #26 type.registry] 
New type java.util.Vector<domain.Question>

[2020-10-19 23:16:31 #27 type.registry] 
New type java.util.Vector<java.lang.Object>

