------------------------------------------------------------------------------------------------------------------------

[2020-10-18 16:34:00 #1 store] 
Database 'C:\Users\MikelGorka\Desktop\DEA-2019-12-18\Iterator\SI2\resources\bets.temp' is opened by 1272@GorkaMikel

[2020-10-18 16:34:00 #2 type.registry] 
New type domain.User

[2020-10-18 16:34:00 #3 type.registry] 
New type domain.Admin

[2020-10-18 16:34:00 #4 type] 
Type domain.User is not enhanced.

[2020-10-18 16:34:00 #5 type] 
Type domain.Admin is not enhanced.

[2020-10-18 16:34:00 #6 type.registry] 
New type domain.Langilea

[2020-10-18 16:34:00 #7 type] 
Type domain.Langilea is not enhanced.

[2020-10-18 16:34:00 #8 type.registry] 
New type domain.Erabiltzailea

[2020-10-18 16:34:00 #9 type] 
Type domain.Erabiltzailea is not enhanced.

[2020-10-18 16:34:00 #10 type.registry] 
New type domain.SuperBet

[2020-10-18 16:34:00 #11 type.registry] 
New type java.util.Vector<domain.SuperBet>

[2020-10-18 16:34:00 #12 type.registry] 
New type domain.Bet

[2020-10-18 16:34:00 #13 type.registry] 
New type java.util.Vector<domain.Bet>

[2020-10-18 16:34:00 #14 type.registry] 
New type domain.Mugimendua

[2020-10-18 16:34:00 #15 type.registry] 
New type java.util.Vector<domain.Mugimendua>

[2020-10-18 16:34:00 #16 type] 
Type domain.SuperBet is not enhanced.

[2020-10-18 16:34:00 #17 type.registry] 
New type domain.Result

[2020-10-18 16:34:00 #18 type.registry] 
New type java.util.Vector<domain.Result>

[2020-10-18 16:34:00 #19 type] 
Type domain.Bet is not enhanced.

[2020-10-18 16:34:00 #20 type] 
Type domain.Mugimendua is not enhanced.

[2020-10-18 16:34:00 #21 type] 
Type domain.Result is not enhanced.

[2020-10-18 16:34:00 #22 type.registry] 
New type domain.Question

[2020-10-18 16:34:00 #23 type] 
Type domain.Question is not enhanced.

[2020-10-18 16:34:00 #24 type.registry] 
New type domain.Event

[2020-10-18 16:34:00 #25 type] 
Type domain.Event is not enhanced.

[2020-10-18 16:34:00 #26 type.registry] 
New type java.util.Vector<domain.Question>

[2020-10-18 16:34:00 #27 type.registry] 
New type java.util.Vector<java.lang.Object>

------------------------------------------------------------------------------------------------------------------------

[2020-10-18 16:34:56 #1 store] 
Database 'C:\Users\MikelGorka\Desktop\DEA-2019-12-18\Iterator\SI2\resources\bets.temp' is opened by 13676@GorkaMikel

[2020-10-18 16:34:56 #2 type.registry] 
New type domain.User

[2020-10-18 16:34:56 #3 type] 
Type domain.User is not enhanced.

[2020-10-18 16:34:56 #4 type.registry] 
New type domain.Erabiltzailea

[2020-10-18 16:34:56 #5 type] 
Type domain.Erabiltzailea is not enhanced.

[2020-10-18 16:34:56 #6 type.registry] 
New type domain.SuperBet

[2020-10-18 16:34:56 #7 type.registry] 
New type java.util.Vector<domain.SuperBet>

[2020-10-18 16:34:56 #8 type.registry] 
New type domain.Bet

[2020-10-18 16:34:56 #9 type.registry] 
New type java.util.Vector<domain.Bet>

[2020-10-18 16:34:56 #10 type.registry] 
New type domain.Mugimendua

[2020-10-18 16:34:56 #11 type.registry] 
New type java.util.Vector<domain.Mugimendua>

[2020-10-18 16:34:56 #12 type] 
Type domain.SuperBet is not enhanced.

[2020-10-18 16:34:56 #13 type.registry] 
New type domain.Result

[2020-10-18 16:34:56 #14 type.registry] 
New type java.util.Vector<domain.Result>

[2020-10-18 16:34:56 #15 type] 
Type domain.Bet is not enhanced.

[2020-10-18 16:34:56 #16 type] 
Type domain.Mugimendua is not enhanced.

[2020-10-18 16:34:56 #17 type] 
Type domain.Result is not enhanced.

[2020-10-18 16:34:56 #18 type.registry] 
New type domain.Question

[2020-10-18 16:34:56 #19 type] 
Type domain.Question is not enhanced.

[2020-10-18 16:34:56 #20 type.registry] 
New type domain.Event

[2020-10-18 16:34:56 #21 type] 
Type domain.Event is not enhanced.

[2020-10-18 16:34:56 #22 type.registry] 
New type java.util.Vector<domain.Question>

[2020-10-18 16:34:56 #23 type.registry] 
New type java.util.Vector<java.lang.Object>

[2020-10-18 16:34:56 #24 type.registry] 
New type domain.Langilea

[2020-10-18 16:34:56 #25 type] 
Type domain.Langilea is not enhanced.

[2020-10-18 16:34:57 #26 type.registry] 
New type domain.Admin

[2020-10-18 16:34:57 #27 type] 
Type domain.Admin is not enhanced.

------------------------------------------------------------------------------------------------------------------------

[2020-10-18 16:41:12 #1 store] 
Database 'C:\Users\MikelGorka\Desktop\DEA-2019-12-18\Iterator\SI2\resources\bets.temp' is opened by 8940@GorkaMikel

[2020-10-18 16:41:12 #2 type.registry] 
New type domain.User

[2020-10-18 16:41:12 #3 type.registry] 
New type domain.Admin

[2020-10-18 16:41:12 #4 type] 
Type domain.User is not enhanced.

[2020-10-18 16:41:12 #5 type] 
Type domain.Admin is not enhanced.

[2020-10-18 16:41:12 #6 type.registry] 
New type domain.Langilea

[2020-10-18 16:41:12 #7 type] 
Type domain.Langilea is not enhanced.

[2020-10-18 16:41:12 #8 type.registry] 
New type domain.Erabiltzailea

[2020-10-18 16:41:12 #9 type] 
Type domain.Erabiltzailea is not enhanced.

[2020-10-18 16:41:12 #10 type.registry] 
New type domain.SuperBet

[2020-10-18 16:41:12 #11 type.registry] 
New type java.util.Vector<domain.SuperBet>

[2020-10-18 16:41:12 #12 type.registry] 
New type domain.Bet

[2020-10-18 16:41:12 #13 type.registry] 
New type java.util.Vector<domain.Bet>

[2020-10-18 16:41:12 #14 type.registry] 
New type domain.Mugimendua

[2020-10-18 16:41:12 #15 type.registry] 
New type java.util.Vector<domain.Mugimendua>

[2020-10-18 16:41:12 #16 type] 
Type domain.SuperBet is not enhanced.

[2020-10-18 16:41:12 #17 type.registry] 
New type domain.Result

[2020-10-18 16:41:12 #18 type.registry] 
New type java.util.Vector<domain.Result>

[2020-10-18 16:41:12 #19 type] 
Type domain.Bet is not enhanced.

[2020-10-18 16:41:12 #20 type] 
Type domain.Mugimendua is not enhanced.

[2020-10-18 16:41:12 #21 type] 
Type domain.Result is not enhanced.

[2020-10-18 16:41:12 #22 type.registry] 
New type domain.Question

[2020-10-18 16:41:12 #23 type] 
Type domain.Question is not enhanced.

[2020-10-18 16:41:12 #24 type.registry] 
New type domain.Event

[2020-10-18 16:41:12 #25 type] 
Type domain.Event is not enhanced.

[2020-10-18 16:41:12 #26 type.registry] 
New type java.util.Vector<domain.Question>

[2020-10-18 16:41:12 #27 type.registry] 
New type java.util.Vector<java.lang.Object>

------------------------------------------------------------------------------------------------------------------------

[2020-10-18 16:51:39 #1 store] 
Database 'C:\Users\MikelGorka\Desktop\DEA-2019-12-18\Iterator\SI2\resources\bets.temp' is opened by 4840@GorkaMikel

[2020-10-18 16:51:39 #2 type.registry] 
New type domain.User

[2020-10-18 16:51:39 #3 type.registry] 
New type domain.Admin

[2020-10-18 16:51:39 #4 type] 
Type domain.User is not enhanced.

[2020-10-18 16:51:39 #5 type] 
Type domain.Admin is not enhanced.

[2020-10-18 16:51:39 #6 type.registry] 
New type domain.Langilea

[2020-10-18 16:51:39 #7 type] 
Type domain.Langilea is not enhanced.

[2020-10-18 16:51:39 #8 type.registry] 
New type domain.Erabiltzailea

[2020-10-18 16:51:39 #9 type] 
Type domain.Erabiltzailea is not enhanced.

[2020-10-18 16:51:39 #10 type.registry] 
New type domain.SuperBet

[2020-10-18 16:51:39 #11 type.registry] 
New type java.util.Vector<domain.SuperBet>

[2020-10-18 16:51:39 #12 type.registry] 
New type domain.Bet

[2020-10-18 16:51:39 #13 type.registry] 
New type java.util.Vector<domain.Bet>

[2020-10-18 16:51:39 #14 type.registry] 
New type domain.Mugimendua

[2020-10-18 16:51:39 #15 type.registry] 
New type java.util.Vector<domain.Mugimendua>

[2020-10-18 16:51:39 #16 type] 
Type domain.SuperBet is not enhanced.

[2020-10-18 16:51:39 #17 type.registry] 
New type domain.Result

[2020-10-18 16:51:39 #18 type.registry] 
New type java.util.Vector<domain.Result>

[2020-10-18 16:51:39 #19 type] 
Type domain.Bet is not enhanced.

[2020-10-18 16:51:39 #20 type] 
Type domain.Mugimendua is not enhanced.

[2020-10-18 16:51:39 #21 type] 
Type domain.Result is not enhanced.

[2020-10-18 16:51:39 #22 type.registry] 
New type domain.Question

[2020-10-18 16:51:39 #23 type] 
Type domain.Question is not enhanced.

[2020-10-18 16:51:39 #24 type.registry] 
New type domain.Event

[2020-10-18 16:51:39 #25 type] 
Type domain.Event is not enhanced.

[2020-10-18 16:51:39 #26 type.registry] 
New type java.util.Vector<domain.Question>

[2020-10-18 16:51:39 #27 type.registry] 
New type java.util.Vector<java.lang.Object>

------------------------------------------------------------------------------------------------------------------------

[2020-10-18 16:57:34 #1 store] 
Database 'C:\Users\MikelGorka\Desktop\DEA-2019-12-18\Iterator\SI2\resources\bets.temp' is opened by 14916@GorkaMikel

[2020-10-18 16:57:35 #2 type.registry] 
New type domain.User

[2020-10-18 16:57:35 #3 type.registry] 
New type domain.Admin

[2020-10-18 16:57:35 #4 type] 
Type domain.User is not enhanced.

[2020-10-18 16:57:35 #5 type] 
Type domain.Admin is not enhanced.

[2020-10-18 16:57:35 #6 type.registry] 
New type domain.Langilea

[2020-10-18 16:57:35 #7 type] 
Type domain.Langilea is not enhanced.

[2020-10-18 16:57:35 #8 type.registry] 
New type domain.Erabiltzailea

[2020-10-18 16:57:35 #9 type] 
Type domain.Erabiltzailea is not enhanced.

[2020-10-18 16:57:35 #10 type.registry] 
New type domain.SuperBet

[2020-10-18 16:57:35 #11 type.registry] 
New type java.util.Vector<domain.SuperBet>

[2020-10-18 16:57:35 #12 type.registry] 
New type domain.Bet

[2020-10-18 16:57:35 #13 type.registry] 
New type java.util.Vector<domain.Bet>

[2020-10-18 16:57:35 #14 type.registry] 
New type domain.Mugimendua

[2020-10-18 16:57:35 #15 type.registry] 
New type java.util.Vector<domain.Mugimendua>

[2020-10-18 16:57:35 #16 type] 
Type domain.SuperBet is not enhanced.

[2020-10-18 16:57:35 #17 type.registry] 
New type domain.Result

[2020-10-18 16:57:35 #18 type.registry] 
New type java.util.Vector<domain.Result>

[2020-10-18 16:57:35 #19 type] 
Type domain.Bet is not enhanced.

[2020-10-18 16:57:35 #20 type] 
Type domain.Mugimendua is not enhanced.

[2020-10-18 16:57:35 #21 type] 
Type domain.Result is not enhanced.

[2020-10-18 16:57:35 #22 type.registry] 
New type domain.Question

[2020-10-18 16:57:35 #23 type] 
Type domain.Question is not enhanced.

[2020-10-18 16:57:35 #24 type.registry] 
New type domain.Event

[2020-10-18 16:57:35 #25 type] 
Type domain.Event is not enhanced.

[2020-10-18 16:57:35 #26 type.registry] 
New type java.util.Vector<domain.Question>

[2020-10-18 16:57:35 #27 type.registry] 
New type java.util.Vector<java.lang.Object>

------------------------------------------------------------------------------------------------------------------------

[2020-10-18 17:18:30 #1 store] 
Database 'C:\Users\MikelGorka\Desktop\DEA-2019-12-18\Iterator\SI2\resources\bets.temp' is opened by 14496@GorkaMikel

[2020-10-18 17:18:31 #2 type.registry] 
New type domain.User

[2020-10-18 17:18:31 #3 type.registry] 
New type domain.Admin

[2020-10-18 17:18:31 #4 type] 
Type domain.User is not enhanced.

[2020-10-18 17:18:31 #5 type] 
Type domain.Admin is not enhanced.

[2020-10-18 17:18:31 #6 type.registry] 
New type domain.Langilea

[2020-10-18 17:18:31 #7 type] 
Type domain.Langilea is not enhanced.

[2020-10-18 17:18:31 #8 type.registry] 
New type domain.Erabiltzailea

[2020-10-18 17:18:31 #9 type] 
Type domain.Erabiltzailea is not enhanced.

[2020-10-18 17:18:31 #10 type.registry] 
New type domain.SuperBet

[2020-10-18 17:18:31 #11 type.registry] 
New type java.util.Vector<domain.SuperBet>

[2020-10-18 17:18:31 #12 type.registry] 
New type domain.Bet

[2020-10-18 17:18:31 #13 type.registry] 
New type java.util.Vector<domain.Bet>

[2020-10-18 17:18:31 #14 type.registry] 
New type domain.Mugimendua

[2020-10-18 17:18:31 #15 type.registry] 
New type java.util.Vector<domain.Mugimendua>

[2020-10-18 17:18:31 #16 type] 
Type domain.SuperBet is not enhanced.

[2020-10-18 17:18:31 #17 type.registry] 
New type domain.Result

[2020-10-18 17:18:31 #18 type.registry] 
New type java.util.Vector<domain.Result>

[2020-10-18 17:18:31 #19 type] 
Type domain.Bet is not enhanced.

[2020-10-18 17:18:31 #20 type] 
Type domain.Mugimendua is not enhanced.

[2020-10-18 17:18:31 #21 type] 
Type domain.Result is not enhanced.

[2020-10-18 17:18:31 #22 type.registry] 
New type domain.Question

[2020-10-18 17:18:31 #23 type] 
Type domain.Question is not enhanced.

[2020-10-18 17:18:31 #24 type.registry] 
New type domain.Event

[2020-10-18 17:18:31 #25 type] 
Type domain.Event is not enhanced.

[2020-10-18 17:18:31 #26 type.registry] 
New type java.util.Vector<domain.Question>

[2020-10-18 17:18:31 #27 type.registry] 
New type java.util.Vector<java.lang.Object>

------------------------------------------------------------------------------------------------------------------------

[2020-10-18 17:18:45 #1 store] 
Database 'C:\Users\MikelGorka\Desktop\DEA-2019-12-18\Iterator\SI2\resources\bets.temp' is opened by 14492@GorkaMikel

[2020-10-18 17:18:45 #2 type.registry] 
New type domain.Event

[2020-10-18 17:18:45 #3 type] 
Type domain.Event is not enhanced.

[2020-10-18 17:18:45 #4 type.registry] 
New type domain.Question

[2020-10-18 17:18:45 #5 type.registry] 
New type java.util.Vector<domain.Question>

[2020-10-18 17:18:45 #6 type] 
Type domain.Question is not enhanced.

[2020-10-18 17:18:45 #7 type.registry] 
New type domain.Result

[2020-10-18 17:18:45 #8 type.registry] 
New type java.util.Vector<domain.Result>

[2020-10-18 17:18:45 #9 type] 
Type domain.Result is not enhanced.

[2020-10-18 17:18:45 #10 type.registry] 
New type domain.SuperBet

[2020-10-18 17:18:45 #11 type.registry] 
New type java.util.Vector<domain.SuperBet>

[2020-10-18 17:18:45 #12 type.registry] 
New type domain.Bet

[2020-10-18 17:18:45 #13 type.registry] 
New type java.util.Vector<domain.Bet>

[2020-10-18 17:18:45 #14 type] 
Type domain.SuperBet is not enhanced.

[2020-10-18 17:18:45 #15 type.registry] 
New type domain.User

[2020-10-18 17:18:45 #16 type.registry] 
New type domain.Erabiltzailea

[2020-10-18 17:18:45 #17 type] 
Type domain.Bet is not enhanced.

[2020-10-18 17:18:45 #18 type] 
Type domain.User is not enhanced.

[2020-10-18 17:18:45 #19 type] 
Type domain.Erabiltzailea is not enhanced.

[2020-10-18 17:18:45 #20 type.registry] 
New type domain.Mugimendua

[2020-10-18 17:18:45 #21 type.registry] 
New type java.util.Vector<domain.Mugimendua>

[2020-10-18 17:18:45 #22 type] 
Type domain.Mugimendua is not enhanced.

[2020-10-18 17:18:45 #23 type.registry] 
New type java.util.Vector<java.lang.Object>

[2020-10-18 17:18:45 #24 type.registry] 
New type domain.Langilea

[2020-10-18 17:18:45 #25 type] 
Type domain.Langilea is not enhanced.

[2020-10-18 17:18:46 #26 type.registry] 
New type domain.Admin

[2020-10-18 17:18:46 #27 type] 
Type domain.Admin is not enhanced.

------------------------------------------------------------------------------------------------------------------------

[2020-10-18 17:57:47 #1 store] 
Database 'C:\Users\MikelGorka\Desktop\DEA-2019-12-18\Iterator\SI2\resources\bets.temp' is opened by 14488@GorkaMikel

[2020-10-18 17:57:47 #2 type.registry] 
New type domain.User

[2020-10-18 17:57:47 #3 type] 
Type domain.User is not enhanced.

[2020-10-18 17:57:47 #4 type.registry] 
New type domain.Event

[2020-10-18 17:57:47 #5 type] 
Type domain.Event is not enhanced.

[2020-10-18 17:57:47 #6 type.registry] 
New type domain.Question

[2020-10-18 17:57:47 #7 type.registry] 
New type java.util.Vector<domain.Question>

[2020-10-18 17:57:47 #8 type] 
Type domain.Question is not enhanced.

[2020-10-18 17:57:47 #9 type.registry] 
New type domain.Result

[2020-10-18 17:57:47 #10 type.registry] 
New type java.util.Vector<domain.Result>

[2020-10-18 17:57:47 #11 type] 
Type domain.Result is not enhanced.

[2020-10-18 17:57:47 #12 type.registry] 
New type domain.SuperBet

[2020-10-18 17:57:47 #13 type.registry] 
New type java.util.Vector<domain.SuperBet>

[2020-10-18 17:57:47 #14 type.registry] 
New type domain.Bet

[2020-10-18 17:57:47 #15 type.registry] 
New type java.util.Vector<domain.Bet>

[2020-10-18 17:57:47 #16 type] 
Type domain.SuperBet is not enhanced.

[2020-10-18 17:57:47 #17 type.registry] 
New type domain.Erabiltzailea

[2020-10-18 17:57:47 #18 type] 
Type domain.Bet is not enhanced.

[2020-10-18 17:57:47 #19 type] 
Type domain.Erabiltzailea is not enhanced.

[2020-10-18 17:57:47 #20 type.registry] 
New type domain.Mugimendua

[2020-10-18 17:57:47 #21 type.registry] 
New type java.util.Vector<domain.Mugimendua>

[2020-10-18 17:57:47 #22 type] 
Type domain.Mugimendua is not enhanced.

[2020-10-18 17:57:47 #23 type.registry] 
New type java.util.Vector<java.lang.Object>

[2020-10-18 17:57:48 #24 type.registry] 
New type domain.Admin

[2020-10-18 17:57:48 #25 type] 
Type domain.Admin is not enhanced.

[2020-10-18 17:57:48 #26 type.registry] 
New type domain.Langilea

[2020-10-18 17:57:48 #27 type] 
Type domain.Langilea is not enhanced.

------------------------------------------------------------------------------------------------------------------------

[2020-10-18 17:58:00 #1 store] 
Database 'C:\Users\MikelGorka\Desktop\DEA-2019-12-18\Iterator\SI2\resources\bets.temp' is opened by 7308@GorkaMikel

[2020-10-18 17:58:00 #2 type.registry] 
New type domain.User

[2020-10-18 17:58:00 #3 type.registry] 
New type domain.Admin

[2020-10-18 17:58:00 #4 type] 
Type domain.User is not enhanced.

[2020-10-18 17:58:00 #5 type] 
Type domain.Admin is not enhanced.

[2020-10-18 17:58:00 #6 type.registry] 
New type domain.Langilea

[2020-10-18 17:58:00 #7 type] 
Type domain.Langilea is not enhanced.

[2020-10-18 17:58:00 #8 type.registry] 
New type domain.Erabiltzailea

[2020-10-18 17:58:00 #9 type] 
Type domain.Erabiltzailea is not enhanced.

[2020-10-18 17:58:00 #10 type.registry] 
New type domain.SuperBet

[2020-10-18 17:58:01 #11 type.registry] 
New type java.util.Vector<domain.SuperBet>

[2020-10-18 17:58:01 #12 type.registry] 
New type domain.Bet

[2020-10-18 17:58:01 #13 type.registry] 
New type java.util.Vector<domain.Bet>

[2020-10-18 17:58:01 #14 type.registry] 
New type domain.Mugimendua

[2020-10-18 17:58:01 #15 type.registry] 
New type java.util.Vector<domain.Mugimendua>

[2020-10-18 17:58:01 #16 type] 
Type domain.SuperBet is not enhanced.

[2020-10-18 17:58:01 #17 type.registry] 
New type domain.Result

[2020-10-18 17:58:01 #18 type.registry] 
New type java.util.Vector<domain.Result>

[2020-10-18 17:58:01 #19 type] 
Type domain.Bet is not enhanced.

[2020-10-18 17:58:01 #20 type] 
Type domain.Mugimendua is not enhanced.

[2020-10-18 17:58:01 #21 type] 
Type domain.Result is not enhanced.

[2020-10-18 17:58:01 #22 type.registry] 
New type domain.Question

[2020-10-18 17:58:01 #23 type] 
Type domain.Question is not enhanced.

[2020-10-18 17:58:01 #24 type.registry] 
New type domain.Event

[2020-10-18 17:58:01 #25 type] 
Type domain.Event is not enhanced.

[2020-10-18 17:58:01 #26 type.registry] 
New type java.util.Vector<domain.Question>

[2020-10-18 17:58:01 #27 type.registry] 
New type java.util.Vector<java.lang.Object>

------------------------------------------------------------------------------------------------------------------------

[2020-10-18 18:01:12 #1 store] 
Database 'C:\Users\MikelGorka\Desktop\DEA-2019-12-18\Iterator\SI2\resources\bets.temp' is opened by 3400@GorkaMikel

[2020-10-18 18:01:12 #2 type.registry] 
New type domain.User

[2020-10-18 18:01:12 #3 type] 
Type domain.User is not enhanced.

[2020-10-18 18:01:12 #4 type.registry] 
New type domain.Erabiltzailea

[2020-10-18 18:01:12 #5 type] 
Type domain.Erabiltzailea is not enhanced.

[2020-10-18 18:01:12 #6 type.registry] 
New type domain.SuperBet

[2020-10-18 18:01:12 #7 type.registry] 
New type java.util.Vector<domain.SuperBet>

[2020-10-18 18:01:12 #8 type.registry] 
New type domain.Bet

[2020-10-18 18:01:12 #9 type.registry] 
New type java.util.Vector<domain.Bet>

[2020-10-18 18:01:12 #10 type.registry] 
New type domain.Mugimendua

[2020-10-18 18:01:12 #11 type.registry] 
New type java.util.Vector<domain.Mugimendua>

[2020-10-18 18:01:12 #12 type] 
Type domain.SuperBet is not enhanced.

[2020-10-18 18:01:12 #13 type.registry] 
New type domain.Result

[2020-10-18 18:01:12 #14 type.registry] 
New type java.util.Vector<domain.Result>

[2020-10-18 18:01:12 #15 type] 
Type domain.Bet is not enhanced.

[2020-10-18 18:01:12 #16 type] 
Type domain.Mugimendua is not enhanced.

[2020-10-18 18:01:12 #17 type] 
Type domain.Result is not enhanced.

[2020-10-18 18:01:12 #18 type.registry] 
New type domain.Question

[2020-10-18 18:01:12 #19 type] 
Type domain.Question is not enhanced.

[2020-10-18 18:01:12 #20 type.registry] 
New type domain.Event

[2020-10-18 18:01:12 #21 type] 
Type domain.Event is not enhanced.

[2020-10-18 18:01:12 #22 type.registry] 
New type java.util.Vector<domain.Question>

[2020-10-18 18:01:12 #23 type.registry] 
New type java.util.Vector<java.lang.Object>

[2020-10-18 18:01:12 #24 type.registry] 
New type domain.Langilea

[2020-10-18 18:01:12 #25 type] 
Type domain.Langilea is not enhanced.

[2020-10-18 18:01:13 #26 type.registry] 
New type domain.Admin

[2020-10-18 18:01:13 #27 type] 
Type domain.Admin is not enhanced.

------------------------------------------------------------------------------------------------------------------------

[2020-10-18 18:01:46 #1 store] 
Database 'C:\Users\MikelGorka\Desktop\DEA-2019-12-18\Iterator\SI2\resources\bets.temp' is opened by 8620@GorkaMikel

[2020-10-18 18:01:47 #2 type.registry] 
New type domain.User

[2020-10-18 18:01:47 #3 type] 
Type domain.User is not enhanced.

[2020-10-18 18:01:47 #4 type.registry] 
New type domain.Erabiltzailea

[2020-10-18 18:01:47 #5 type] 
Type domain.Erabiltzailea is not enhanced.

[2020-10-18 18:01:47 #6 type.registry] 
New type domain.SuperBet

[2020-10-18 18:01:47 #7 type.registry] 
New type java.util.Vector<domain.SuperBet>

[2020-10-18 18:01:47 #8 type.registry] 
New type domain.Bet

[2020-10-18 18:01:47 #9 type.registry] 
New type java.util.Vector<domain.Bet>

[2020-10-18 18:01:47 #10 type.registry] 
New type domain.Mugimendua

[2020-10-18 18:01:47 #11 type.registry] 
New type java.util.Vector<domain.Mugimendua>

[2020-10-18 18:01:47 #12 type] 
Type domain.SuperBet is not enhanced.

[2020-10-18 18:01:47 #13 type.registry] 
New type domain.Result

[2020-10-18 18:01:47 #14 type.registry] 
New type java.util.Vector<domain.Result>

[2020-10-18 18:01:47 #15 type] 
Type domain.Bet is not enhanced.

[2020-10-18 18:01:47 #16 type] 
Type domain.Mugimendua is not enhanced.

[2020-10-18 18:01:47 #17 type] 
Type domain.Result is not enhanced.

[2020-10-18 18:01:47 #18 type.registry] 
New type domain.Question

[2020-10-18 18:01:47 #19 type] 
Type domain.Question is not enhanced.

[2020-10-18 18:01:47 #20 type.registry] 
New type domain.Event

[2020-10-18 18:01:47 #21 type] 
Type domain.Event is not enhanced.

[2020-10-18 18:01:47 #22 type.registry] 
New type java.util.Vector<domain.Question>

[2020-10-18 18:01:47 #23 type.registry] 
New type java.util.Vector<java.lang.Object>

[2020-10-18 18:01:47 #24 type.registry] 
New type domain.Langilea

[2020-10-18 18:01:47 #25 type] 
Type domain.Langilea is not enhanced.

[2020-10-18 18:01:48 #26 type.registry] 
New type domain.Admin

[2020-10-18 18:01:48 #27 type] 
Type domain.Admin is not enhanced.

------------------------------------------------------------------------------------------------------------------------

[2020-10-18 18:02:55 #1 store] 
Database 'C:\Users\MikelGorka\Desktop\DEA-2019-12-18\Iterator\SI2\resources\bets.temp' is opened by 11372@GorkaMikel

[2020-10-18 18:02:55 #2 type.registry] 
New type domain.User

[2020-10-18 18:02:55 #3 type] 
Type domain.User is not enhanced.

[2020-10-18 18:02:55 #4 type.registry] 
New type domain.Erabiltzailea

[2020-10-18 18:02:55 #5 type] 
Type domain.Erabiltzailea is not enhanced.

[2020-10-18 18:02:55 #6 type.registry] 
New type domain.SuperBet

[2020-10-18 18:02:55 #7 type.registry] 
New type java.util.Vector<domain.SuperBet>

[2020-10-18 18:02:55 #8 type.registry] 
New type domain.Bet

[2020-10-18 18:02:55 #9 type.registry] 
New type java.util.Vector<domain.Bet>

[2020-10-18 18:02:55 #10 type.registry] 
New type domain.Mugimendua

[2020-10-18 18:02:55 #11 type.registry] 
New type java.util.Vector<domain.Mugimendua>

[2020-10-18 18:02:55 #12 type] 
Type domain.SuperBet is not enhanced.

[2020-10-18 18:02:55 #13 type.registry] 
New type domain.Result

[2020-10-18 18:02:55 #14 type.registry] 
New type java.util.Vector<domain.Result>

[2020-10-18 18:02:55 #15 type] 
Type domain.Bet is not enhanced.

[2020-10-18 18:02:55 #16 type] 
Type domain.Mugimendua is not enhanced.

[2020-10-18 18:02:55 #17 type] 
Type domain.Result is not enhanced.

[2020-10-18 18:02:55 #18 type.registry] 
New type domain.Question

[2020-10-18 18:02:55 #19 type] 
Type domain.Question is not enhanced.

[2020-10-18 18:02:55 #20 type.registry] 
New type domain.Event

[2020-10-18 18:02:55 #21 type] 
Type domain.Event is not enhanced.

[2020-10-18 18:02:55 #22 type.registry] 
New type java.util.Vector<domain.Question>

[2020-10-18 18:02:55 #23 type.registry] 
New type java.util.Vector<java.lang.Object>

[2020-10-18 18:02:55 #24 type.registry] 
New type domain.Langilea

[2020-10-18 18:02:55 #25 type] 
Type domain.Langilea is not enhanced.

[2020-10-18 18:02:56 #26 type.registry] 
New type domain.Admin

[2020-10-18 18:02:56 #27 type] 
Type domain.Admin is not enhanced.

------------------------------------------------------------------------------------------------------------------------

[2020-10-18 18:18:37 #1 store] 
Database 'C:\Users\MikelGorka\git\Bets_Repository\SI2\resources\bets.temp' is opened by 10444@GorkaMikel

[2020-10-18 18:18:37 #2 type.registry] 
New type domain.User

[2020-10-18 18:18:37 #3 type.registry] 
New type domain.Admin

[2020-10-18 18:18:37 #4 type] 
Type domain.User is not enhanced.

[2020-10-18 18:18:37 #5 type] 
Type domain.Admin is not enhanced.

[2020-10-18 18:18:37 #6 type.registry] 
New type domain.Langilea

[2020-10-18 18:18:37 #7 type] 
Type domain.Langilea is not enhanced.

[2020-10-18 18:18:37 #8 type.registry] 
New type domain.Erabiltzailea

[2020-10-18 18:18:37 #9 type] 
Type domain.Erabiltzailea is not enhanced.

[2020-10-18 18:18:37 #10 type.registry] 
New type domain.SuperBet

[2020-10-18 18:18:37 #11 type.registry] 
New type java.util.Vector<domain.SuperBet>

[2020-10-18 18:18:37 #12 type.registry] 
New type domain.Bet

[2020-10-18 18:18:37 #13 type.registry] 
New type java.util.Vector<domain.Bet>

[2020-10-18 18:18:37 #14 type.registry] 
New type domain.Mugimendua

[2020-10-18 18:18:37 #15 type.registry] 
New type java.util.Vector<domain.Mugimendua>

[2020-10-18 18:18:37 #16 type] 
Type domain.SuperBet is not enhanced.

[2020-10-18 18:18:37 #17 type.registry] 
New type domain.Result

[2020-10-18 18:18:37 #18 type.registry] 
New type java.util.Vector<domain.Result>

[2020-10-18 18:18:37 #19 type] 
Type domain.Bet is not enhanced.

[2020-10-18 18:18:37 #20 type] 
Type domain.Mugimendua is not enhanced.

[2020-10-18 18:18:37 #21 type] 
Type domain.Result is not enhanced.

[2020-10-18 18:18:37 #22 type.registry] 
New type domain.Question

[2020-10-18 18:18:37 #23 type] 
Type domain.Question is not enhanced.

[2020-10-18 18:18:37 #24 type.registry] 
New type domain.Event

[2020-10-18 18:18:37 #25 type] 
Type domain.Event is not enhanced.

[2020-10-18 18:18:37 #26 type.registry] 
New type java.util.Vector<domain.Question>

[2020-10-18 18:18:37 #27 type.registry] 
New type java.util.Vector<java.lang.Object>

