------------------------------------------------------------------------------------------------------------------------

[2019-03-30 15:24:21 #1 store] 
Database 'C:\Users\pedro\Desktop\IS-Proiektua_(Bets)\resources\bets.temp' is opened by 6460@DESKTOP-VA4LKSU

[2019-03-30 15:24:22 #2 type.registry] 
New type domain.User

[2019-03-30 15:24:22 #3 type] 
Type domain.User is not enhanced.

------------------------------------------------------------------------------------------------------------------------

[2019-03-30 15:25:18 #1 store] 
Database 'C:\Users\pedro\Desktop\IS-Proiektua_(Bets)\resources\bets.temp' is opened by 1372@DESKTOP-VA4LKSU

[2019-03-30 15:25:19 #2 type.registry] 
New type domain.User

[2019-03-30 15:25:19 #3 type.registry] 
New type domain.Langilea

[2019-03-30 15:25:19 #4 type] 
Type domain.User is not enhanced.

[2019-03-30 15:25:19 #5 type] 
Type domain.Langilea is not enhanced.

[2019-03-30 15:25:19 #6 type.registry] 
New type domain.Erabiltzailea

[2019-03-30 15:25:19 #7 type] 
Type domain.Erabiltzailea is not enhanced.

[2019-03-30 15:25:19 #8 type.registry] 
New type domain.Mugimendua

[2019-03-30 15:25:19 #9 type.registry] 
New type java.util.Vector<domain.Mugimendua>

[2019-03-30 15:25:19 #10 type] 
Type domain.Mugimendua is not enhanced.

[2019-03-30 15:25:19 #11 type.registry] 
New type domain.Admin

[2019-03-30 15:25:19 #12 type] 
Type domain.Admin is not enhanced.

[2019-03-30 15:25:19 #13 type.registry] 
New type domain.Result

[2019-03-30 15:25:19 #14 type] 
Type domain.Result is not enhanced.

[2019-03-30 15:25:19 #15 type.registry] 
New type domain.Question

[2019-03-30 15:25:19 #16 type.registry] 
New type domain.Bet

[2019-03-30 15:25:19 #17 type.registry] 
New type java.util.Vector<domain.Bet>

[2019-03-30 15:25:19 #18 type] 
Type domain.Question is not enhanced.

[2019-03-30 15:25:19 #19 type.registry] 
New type domain.Event

[2019-03-30 15:25:19 #20 type.registry] 
New type java.util.Vector<domain.Result>

[2019-03-30 15:25:19 #21 type] 
Type domain.Bet is not enhanced.

[2019-03-30 15:25:19 #22 type] 
Type domain.Event is not enhanced.

[2019-03-30 15:25:19 #23 type.registry] 
New type java.util.Vector<domain.Question>

[2019-03-30 15:25:19 #24 type.registry] 
New type java.util.Vector<java.lang.Object>

------------------------------------------------------------------------------------------------------------------------

[2019-03-30 15:36:54 #1 store] 
Database 'C:\Users\pedro\Desktop\IS-Proiektua_(Bets)\resources\bets.temp' is opened by 7264@DESKTOP-VA4LKSU

[2019-03-30 15:36:55 #2 type.registry] 
New type domain.User

[2019-03-30 15:36:55 #3 type.registry] 
New type domain.Langilea

[2019-03-30 15:36:55 #4 type] 
Type domain.User is not enhanced.

[2019-03-30 15:36:55 #5 type] 
Type domain.Langilea is not enhanced.

[2019-03-30 15:36:55 #6 type.registry] 
New type domain.Erabiltzailea

[2019-03-30 15:36:55 #7 type] 
Type domain.Erabiltzailea is not enhanced.

[2019-03-30 15:36:55 #8 type.registry] 
New type domain.Mugimendua

[2019-03-30 15:36:55 #9 type.registry] 
New type java.util.Vector<domain.Mugimendua>

[2019-03-30 15:36:55 #10 type] 
Type domain.Mugimendua is not enhanced.

[2019-03-30 15:36:55 #11 type.registry] 
New type domain.Admin

[2019-03-30 15:36:55 #12 type] 
Type domain.Admin is not enhanced.

[2019-03-30 15:36:55 #13 type.registry] 
New type domain.Result

[2019-03-30 15:36:55 #14 type] 
Type domain.Result is not enhanced.

[2019-03-30 15:36:55 #15 type.registry] 
New type domain.Question

[2019-03-30 15:36:55 #16 type.registry] 
New type domain.Bet

[2019-03-30 15:36:55 #17 type.registry] 
New type java.util.Vector<domain.Bet>

[2019-03-30 15:36:55 #18 type] 
Type domain.Question is not enhanced.

[2019-03-30 15:36:55 #19 type.registry] 
New type domain.Event

[2019-03-30 15:36:55 #20 type.registry] 
New type java.util.Vector<domain.Result>

[2019-03-30 15:36:55 #21 type] 
Type domain.Bet is not enhanced.

[2019-03-30 15:36:55 #22 type] 
Type domain.Event is not enhanced.

[2019-03-30 15:36:55 #23 type.registry] 
New type java.util.Vector<domain.Question>

[2019-03-30 15:36:55 #24 type.registry] 
New type java.util.Vector<java.lang.Object>

------------------------------------------------------------------------------------------------------------------------

[2019-03-30 15:38:43 #1 store] 
Database 'C:\Users\pedro\Desktop\IS-Proiektua_(Bets)\resources\bets.temp' is opened by 2576@DESKTOP-VA4LKSU

[2019-03-30 15:38:44 #2 type.registry] 
New type domain.User

[2019-03-30 15:38:44 #3 type.registry] 
New type domain.Langilea

[2019-03-30 15:38:44 #4 type] 
Type domain.User is not enhanced.

[2019-03-30 15:38:44 #5 type] 
Type domain.Langilea is not enhanced.

[2019-03-30 15:38:44 #6 type.registry] 
New type domain.Erabiltzailea

[2019-03-30 15:38:44 #7 type] 
Type domain.Erabiltzailea is not enhanced.

[2019-03-30 15:38:44 #8 type.registry] 
New type domain.Mugimendua

[2019-03-30 15:38:44 #9 type.registry] 
New type java.util.Vector<domain.Mugimendua>

[2019-03-30 15:38:44 #10 type] 
Type domain.Mugimendua is not enhanced.

[2019-03-30 15:38:44 #11 type.registry] 
New type domain.Admin

[2019-03-30 15:38:44 #12 type] 
Type domain.Admin is not enhanced.

[2019-03-30 15:38:44 #13 type.registry] 
New type domain.Result

[2019-03-30 15:38:44 #14 type] 
Type domain.Result is not enhanced.

[2019-03-30 15:38:44 #15 type.registry] 
New type domain.Question

[2019-03-30 15:38:44 #16 type.registry] 
New type domain.Bet

[2019-03-30 15:38:44 #17 type.registry] 
New type java.util.Vector<domain.Bet>

[2019-03-30 15:38:44 #18 type] 
Type domain.Question is not enhanced.

[2019-03-30 15:38:44 #19 type.registry] 
New type domain.Event

[2019-03-30 15:38:44 #20 type.registry] 
New type java.util.Vector<domain.Result>

[2019-03-30 15:38:44 #21 type] 
Type domain.Bet is not enhanced.

[2019-03-30 15:38:44 #22 type] 
Type domain.Event is not enhanced.

[2019-03-30 15:38:44 #23 type.registry] 
New type java.util.Vector<domain.Question>

[2019-03-30 15:38:44 #24 type.registry] 
New type java.util.Vector<java.lang.Object>

------------------------------------------------------------------------------------------------------------------------

[2019-03-30 15:39:32 #1 store] 
Database 'C:\Users\pedro\Desktop\IS-Proiektua_(Bets)\resources\bets.temp' is opened by 6636@DESKTOP-VA4LKSU

[2019-03-30 15:39:32 #2 type.registry] 
New type domain.User

[2019-03-30 15:39:32 #3 type.registry] 
New type domain.Langilea

[2019-03-30 15:39:32 #4 type] 
Type domain.User is not enhanced.

[2019-03-30 15:39:32 #5 type] 
Type domain.Langilea is not enhanced.

[2019-03-30 15:39:32 #6 type.registry] 
New type domain.Erabiltzailea

[2019-03-30 15:39:32 #7 type] 
Type domain.Erabiltzailea is not enhanced.

[2019-03-30 15:39:32 #8 type.registry] 
New type domain.Mugimendua

[2019-03-30 15:39:32 #9 type.registry] 
New type java.util.Vector<domain.Mugimendua>

[2019-03-30 15:39:32 #10 type] 
Type domain.Mugimendua is not enhanced.

[2019-03-30 15:39:32 #11 type.registry] 
New type domain.Admin

[2019-03-30 15:39:32 #12 type] 
Type domain.Admin is not enhanced.

[2019-03-30 15:39:32 #13 type.registry] 
New type domain.Result

[2019-03-30 15:39:32 #14 type] 
Type domain.Result is not enhanced.

[2019-03-30 15:39:32 #15 type.registry] 
New type domain.Question

[2019-03-30 15:39:32 #16 type.registry] 
New type domain.Bet

[2019-03-30 15:39:32 #17 type.registry] 
New type java.util.Vector<domain.Bet>

[2019-03-30 15:39:32 #18 type] 
Type domain.Question is not enhanced.

[2019-03-30 15:39:32 #19 type.registry] 
New type domain.Event

[2019-03-30 15:39:32 #20 type.registry] 
New type java.util.Vector<domain.Result>

[2019-03-30 15:39:32 #21 type] 
Type domain.Bet is not enhanced.

[2019-03-30 15:39:32 #22 type] 
Type domain.Event is not enhanced.

[2019-03-30 15:39:32 #23 type.registry] 
New type java.util.Vector<domain.Question>

[2019-03-30 15:39:32 #24 type.registry] 
New type java.util.Vector<java.lang.Object>

------------------------------------------------------------------------------------------------------------------------

[2019-03-30 15:40:08 #1 store] 
Database 'C:\Users\pedro\Desktop\IS-Proiektua_(Bets)\resources\bets.temp' is opened by 10216@DESKTOP-VA4LKSU

[2019-03-30 15:40:08 #2 type.registry] 
New type domain.User

[2019-03-30 15:40:08 #3 type.registry] 
New type domain.Langilea

[2019-03-30 15:40:08 #4 type] 
Type domain.User is not enhanced.

[2019-03-30 15:40:08 #5 type] 
Type domain.Langilea is not enhanced.

[2019-03-30 15:40:08 #6 type.registry] 
New type domain.Erabiltzailea

[2019-03-30 15:40:08 #7 type] 
Type domain.Erabiltzailea is not enhanced.

[2019-03-30 15:40:08 #8 type.registry] 
New type domain.Mugimendua

[2019-03-30 15:40:08 #9 type.registry] 
New type java.util.Vector<domain.Mugimendua>

[2019-03-30 15:40:08 #10 type] 
Type domain.Mugimendua is not enhanced.

[2019-03-30 15:40:08 #11 type.registry] 
New type domain.Admin

[2019-03-30 15:40:08 #12 type] 
Type domain.Admin is not enhanced.

[2019-03-30 15:40:08 #13 type.registry] 
New type domain.Result

[2019-03-30 15:40:08 #14 type] 
Type domain.Result is not enhanced.

[2019-03-30 15:40:08 #15 type.registry] 
New type domain.Question

[2019-03-30 15:40:08 #16 type.registry] 
New type domain.Bet

[2019-03-30 15:40:08 #17 type.registry] 
New type java.util.Vector<domain.Bet>

[2019-03-30 15:40:08 #18 type] 
Type domain.Question is not enhanced.

[2019-03-30 15:40:08 #19 type.registry] 
New type domain.Event

[2019-03-30 15:40:08 #20 type.registry] 
New type java.util.Vector<domain.Result>

[2019-03-30 15:40:08 #21 type] 
Type domain.Bet is not enhanced.

[2019-03-30 15:40:08 #22 type] 
Type domain.Event is not enhanced.

[2019-03-30 15:40:08 #23 type.registry] 
New type java.util.Vector<domain.Question>

[2019-03-30 15:40:08 #24 type.registry] 
New type java.util.Vector<java.lang.Object>

------------------------------------------------------------------------------------------------------------------------

[2019-03-30 15:40:59 #1 store] 
Database 'C:\Users\pedro\Desktop\IS-Proiektua_(Bets)\resources\bets.temp' is opened by 8292@DESKTOP-VA4LKSU

[2019-03-30 15:41:00 #2 type.registry] 
New type domain.User

[2019-03-30 15:41:00 #3 type.registry] 
New type domain.Langilea

[2019-03-30 15:41:00 #4 type] 
Type domain.User is not enhanced.

[2019-03-30 15:41:00 #5 type] 
Type domain.Langilea is not enhanced.

[2019-03-30 15:41:00 #6 type.registry] 
New type domain.Erabiltzailea

[2019-03-30 15:41:00 #7 type] 
Type domain.Erabiltzailea is not enhanced.

[2019-03-30 15:41:00 #8 type.registry] 
New type domain.Mugimendua

[2019-03-30 15:41:00 #9 type.registry] 
New type java.util.Vector<domain.Mugimendua>

[2019-03-30 15:41:00 #10 type] 
Type domain.Mugimendua is not enhanced.

[2019-03-30 15:41:00 #11 type.registry] 
New type domain.Admin

[2019-03-30 15:41:00 #12 type] 
Type domain.Admin is not enhanced.

[2019-03-30 15:41:00 #13 type.registry] 
New type domain.Result

[2019-03-30 15:41:00 #14 type] 
Type domain.Result is not enhanced.

[2019-03-30 15:41:00 #15 type.registry] 
New type domain.Question

[2019-03-30 15:41:00 #16 type.registry] 
New type domain.Bet

[2019-03-30 15:41:00 #17 type.registry] 
New type java.util.Vector<domain.Bet>

[2019-03-30 15:41:00 #18 type] 
Type domain.Question is not enhanced.

[2019-03-30 15:41:00 #19 type.registry] 
New type domain.Event

[2019-03-30 15:41:00 #20 type.registry] 
New type java.util.Vector<domain.Result>

[2019-03-30 15:41:00 #21 type] 
Type domain.Bet is not enhanced.

[2019-03-30 15:41:00 #22 type] 
Type domain.Event is not enhanced.

[2019-03-30 15:41:00 #23 type.registry] 
New type java.util.Vector<domain.Question>

[2019-03-30 15:41:00 #24 type.registry] 
New type java.util.Vector<java.lang.Object>

------------------------------------------------------------------------------------------------------------------------

[2019-03-30 15:41:55 #1 store] 
Database 'C:\Users\pedro\Desktop\IS-Proiektua_(Bets)\resources\bets.temp' is opened by 1744@DESKTOP-VA4LKSU

[2019-03-30 15:41:55 #2 type.registry] 
New type domain.User

[2019-03-30 15:41:55 #3 type.registry] 
New type domain.Langilea

[2019-03-30 15:41:55 #4 type] 
Type domain.User is not enhanced.

[2019-03-30 15:41:55 #5 type] 
Type domain.Langilea is not enhanced.

[2019-03-30 15:41:55 #6 type.registry] 
New type domain.Erabiltzailea

[2019-03-30 15:41:55 #7 type] 
Type domain.Erabiltzailea is not enhanced.

[2019-03-30 15:41:55 #8 type.registry] 
New type domain.Mugimendua

[2019-03-30 15:41:56 #9 type.registry] 
New type java.util.Vector<domain.Mugimendua>

[2019-03-30 15:41:56 #10 type] 
Type domain.Mugimendua is not enhanced.

[2019-03-30 15:41:56 #11 type.registry] 
New type domain.Admin

[2019-03-30 15:41:56 #12 type] 
Type domain.Admin is not enhanced.

[2019-03-30 15:41:56 #13 type.registry] 
New type domain.Result

[2019-03-30 15:41:56 #14 type] 
Type domain.Result is not enhanced.

[2019-03-30 15:41:56 #15 type.registry] 
New type domain.Question

[2019-03-30 15:41:56 #16 type.registry] 
New type domain.Bet

[2019-03-30 15:41:56 #17 type.registry] 
New type java.util.Vector<domain.Bet>

[2019-03-30 15:41:56 #18 type] 
Type domain.Question is not enhanced.

[2019-03-30 15:41:56 #19 type.registry] 
New type domain.Event

[2019-03-30 15:41:56 #20 type.registry] 
New type java.util.Vector<domain.Result>

[2019-03-30 15:41:56 #21 type] 
Type domain.Bet is not enhanced.

[2019-03-30 15:41:56 #22 type] 
Type domain.Event is not enhanced.

[2019-03-30 15:41:56 #23 type.registry] 
New type java.util.Vector<domain.Question>

[2019-03-30 15:41:56 #24 type.registry] 
New type java.util.Vector<java.lang.Object>

------------------------------------------------------------------------------------------------------------------------

[2019-03-30 15:42:34 #1 store] 
Database 'C:\Users\pedro\Desktop\IS-Proiektua_(Bets)\resources\bets.temp' is opened by 6392@DESKTOP-VA4LKSU

[2019-03-30 15:42:35 #2 type.registry] 
New type domain.User

[2019-03-30 15:42:35 #3 type.registry] 
New type domain.Langilea

[2019-03-30 15:42:35 #4 type] 
Type domain.User is not enhanced.

[2019-03-30 15:42:35 #5 type] 
Type domain.Langilea is not enhanced.

[2019-03-30 15:42:35 #6 type.registry] 
New type domain.Erabiltzailea

[2019-03-30 15:42:35 #7 type] 
Type domain.Erabiltzailea is not enhanced.

[2019-03-30 15:42:35 #8 type.registry] 
New type domain.Mugimendua

[2019-03-30 15:42:35 #9 type.registry] 
New type java.util.Vector<domain.Mugimendua>

[2019-03-30 15:42:35 #10 type] 
Type domain.Mugimendua is not enhanced.

[2019-03-30 15:42:35 #11 type.registry] 
New type domain.Admin

[2019-03-30 15:42:35 #12 type] 
Type domain.Admin is not enhanced.

[2019-03-30 15:42:35 #13 type.registry] 
New type domain.Result

[2019-03-30 15:42:35 #14 type] 
Type domain.Result is not enhanced.

[2019-03-30 15:42:35 #15 type.registry] 
New type domain.Question

[2019-03-30 15:42:35 #16 type.registry] 
New type domain.Bet

[2019-03-30 15:42:35 #17 type.registry] 
New type java.util.Vector<domain.Bet>

[2019-03-30 15:42:35 #18 type] 
Type domain.Question is not enhanced.

[2019-03-30 15:42:35 #19 type.registry] 
New type domain.Event

[2019-03-30 15:42:35 #20 type.registry] 
New type java.util.Vector<domain.Result>

[2019-03-30 15:42:35 #21 type] 
Type domain.Bet is not enhanced.

[2019-03-30 15:42:35 #22 type] 
Type domain.Event is not enhanced.

[2019-03-30 15:42:35 #23 type.registry] 
New type java.util.Vector<domain.Question>

[2019-03-30 15:42:35 #24 type.registry] 
New type java.util.Vector<java.lang.Object>

------------------------------------------------------------------------------------------------------------------------

[2019-03-30 15:43:28 #1 store] 
Database 'C:\Users\pedro\Desktop\IS-Proiektua_(Bets)\resources\bets.temp' is opened by 6584@DESKTOP-VA4LKSU

[2019-03-30 15:43:28 #2 type.registry] 
New type domain.User

[2019-03-30 15:43:28 #3 type.registry] 
New type domain.Langilea

[2019-03-30 15:43:28 #4 type] 
Type domain.User is not enhanced.

[2019-03-30 15:43:28 #5 type] 
Type domain.Langilea is not enhanced.

[2019-03-30 15:43:28 #6 type.registry] 
New type domain.Erabiltzailea

[2019-03-30 15:43:28 #7 type] 
Type domain.Erabiltzailea is not enhanced.

[2019-03-30 15:43:28 #8 type.registry] 
New type domain.Mugimendua

[2019-03-30 15:43:28 #9 type.registry] 
New type java.util.Vector<domain.Mugimendua>

[2019-03-30 15:43:28 #10 type] 
Type domain.Mugimendua is not enhanced.

[2019-03-30 15:43:28 #11 type.registry] 
New type domain.Admin

[2019-03-30 15:43:28 #12 type] 
Type domain.Admin is not enhanced.

[2019-03-30 15:43:28 #13 type.registry] 
New type domain.Result

[2019-03-30 15:43:28 #14 type] 
Type domain.Result is not enhanced.

[2019-03-30 15:43:28 #15 type.registry] 
New type domain.Question

[2019-03-30 15:43:28 #16 type.registry] 
New type domain.Bet

[2019-03-30 15:43:28 #17 type.registry] 
New type java.util.Vector<domain.Bet>

[2019-03-30 15:43:28 #18 type] 
Type domain.Question is not enhanced.

[2019-03-30 15:43:28 #19 type.registry] 
New type domain.Event

[2019-03-30 15:43:28 #20 type.registry] 
New type java.util.Vector<domain.Result>

[2019-03-30 15:43:28 #21 type] 
Type domain.Bet is not enhanced.

[2019-03-30 15:43:28 #22 type] 
Type domain.Event is not enhanced.

[2019-03-30 15:43:28 #23 type.registry] 
New type java.util.Vector<domain.Question>

[2019-03-30 15:43:28 #24 type.registry] 
New type java.util.Vector<java.lang.Object>

------------------------------------------------------------------------------------------------------------------------

[2019-03-30 15:44:01 #1 store] 
Database 'C:\Users\pedro\Desktop\IS-Proiektua_(Bets)\resources\bets.temp' is opened by 7640@DESKTOP-VA4LKSU

[2019-03-30 15:44:02 #2 type.registry] 
New type domain.User

[2019-03-30 15:44:02 #3 type.registry] 
New type domain.Langilea

[2019-03-30 15:44:02 #4 type] 
Type domain.User is not enhanced.

[2019-03-30 15:44:02 #5 type] 
Type domain.Langilea is not enhanced.

[2019-03-30 15:44:02 #6 type.registry] 
New type domain.Erabiltzailea

[2019-03-30 15:44:02 #7 type] 
Type domain.Erabiltzailea is not enhanced.

[2019-03-30 15:44:02 #8 type.registry] 
New type domain.Mugimendua

[2019-03-30 15:44:02 #9 type.registry] 
New type java.util.Vector<domain.Mugimendua>

[2019-03-30 15:44:02 #10 type] 
Type domain.Mugimendua is not enhanced.

[2019-03-30 15:44:02 #11 type.registry] 
New type domain.Admin

[2019-03-30 15:44:02 #12 type] 
Type domain.Admin is not enhanced.

[2019-03-30 15:44:02 #13 type.registry] 
New type domain.Result

[2019-03-30 15:44:02 #14 type] 
Type domain.Result is not enhanced.

[2019-03-30 15:44:02 #15 type.registry] 
New type domain.Question

[2019-03-30 15:44:02 #16 type.registry] 
New type domain.Bet

[2019-03-30 15:44:02 #17 type.registry] 
New type java.util.Vector<domain.Bet>

[2019-03-30 15:44:02 #18 type] 
Type domain.Question is not enhanced.

[2019-03-30 15:44:02 #19 type.registry] 
New type domain.Event

[2019-03-30 15:44:02 #20 type.registry] 
New type java.util.Vector<domain.Result>

[2019-03-30 15:44:02 #21 type] 
Type domain.Bet is not enhanced.

[2019-03-30 15:44:02 #22 type] 
Type domain.Event is not enhanced.

[2019-03-30 15:44:02 #23 type.registry] 
New type java.util.Vector<domain.Question>

[2019-03-30 15:44:02 #24 type.registry] 
New type java.util.Vector<java.lang.Object>

------------------------------------------------------------------------------------------------------------------------

[2019-03-30 15:50:59 #1 store] 
Database 'C:\Users\pedro\Desktop\IS-Proiektua_(Bets)\resources\bets.temp' is opened by 9708@DESKTOP-VA4LKSU

[2019-03-30 15:50:59 #2 type.registry] 
New type domain.User

[2019-03-30 15:50:59 #3 type.registry] 
New type domain.Langilea

[2019-03-30 15:50:59 #4 type] 
Type domain.User is not enhanced.

[2019-03-30 15:50:59 #5 type] 
Type domain.Langilea is not enhanced.

[2019-03-30 15:50:59 #6 type.registry] 
New type domain.Erabiltzailea

[2019-03-30 15:50:59 #7 type] 
Type domain.Erabiltzailea is not enhanced.

[2019-03-30 15:50:59 #8 type.registry] 
New type domain.Mugimendua

[2019-03-30 15:50:59 #9 type.registry] 
New type java.util.Vector<domain.Mugimendua>

[2019-03-30 15:50:59 #10 type] 
Type domain.Mugimendua is not enhanced.

[2019-03-30 15:50:59 #11 type.registry] 
New type domain.Admin

[2019-03-30 15:50:59 #12 type] 
Type domain.Admin is not enhanced.

[2019-03-30 15:50:59 #13 type.registry] 
New type domain.Result

[2019-03-30 15:50:59 #14 type] 
Type domain.Result is not enhanced.

[2019-03-30 15:50:59 #15 type.registry] 
New type domain.Question

[2019-03-30 15:50:59 #16 type.registry] 
New type domain.Bet

[2019-03-30 15:50:59 #17 type.registry] 
New type java.util.Vector<domain.Bet>

[2019-03-30 15:50:59 #18 type] 
Type domain.Question is not enhanced.

[2019-03-30 15:50:59 #19 type.registry] 
New type domain.Event

[2019-03-30 15:50:59 #20 type.registry] 
New type java.util.Vector<domain.Result>

[2019-03-30 15:50:59 #21 type] 
Type domain.Bet is not enhanced.

[2019-03-30 15:50:59 #22 type] 
Type domain.Event is not enhanced.

[2019-03-30 15:50:59 #23 type.registry] 
New type java.util.Vector<domain.Question>

[2019-03-30 15:50:59 #24 type.registry] 
New type java.util.Vector<java.lang.Object>

------------------------------------------------------------------------------------------------------------------------

[2019-03-30 15:52:14 #1 store] 
Database 'C:\Users\pedro\Desktop\IS-Proiektua_(Bets)\resources\bets.temp' is opened by 4844@DESKTOP-VA4LKSU

[2019-03-30 15:52:15 #2 type.registry] 
New type domain.User

[2019-03-30 15:52:15 #3 type.registry] 
New type domain.Langilea

[2019-03-30 15:52:15 #4 type] 
Type domain.User is not enhanced.

[2019-03-30 15:52:15 #5 type] 
Type domain.Langilea is not enhanced.

[2019-03-30 15:52:15 #6 type.registry] 
New type domain.Erabiltzailea

[2019-03-30 15:52:15 #7 type] 
Type domain.Erabiltzailea is not enhanced.

[2019-03-30 15:52:15 #8 type.registry] 
New type domain.Mugimendua

[2019-03-30 15:52:15 #9 type.registry] 
New type java.util.Vector<domain.Mugimendua>

[2019-03-30 15:52:15 #10 type] 
Type domain.Mugimendua is not enhanced.

[2019-03-30 15:52:15 #11 type.registry] 
New type domain.Admin

[2019-03-30 15:52:15 #12 type] 
Type domain.Admin is not enhanced.

[2019-03-30 15:52:15 #13 type.registry] 
New type domain.Result

[2019-03-30 15:52:15 #14 type] 
Type domain.Result is not enhanced.

[2019-03-30 15:52:15 #15 type.registry] 
New type domain.Question

[2019-03-30 15:52:15 #16 type.registry] 
New type domain.Bet

[2019-03-30 15:52:15 #17 type.registry] 
New type java.util.Vector<domain.Bet>

[2019-03-30 15:52:15 #18 type] 
Type domain.Question is not enhanced.

[2019-03-30 15:52:15 #19 type.registry] 
New type domain.Event

[2019-03-30 15:52:15 #20 type.registry] 
New type java.util.Vector<domain.Result>

[2019-03-30 15:52:15 #21 type] 
Type domain.Bet is not enhanced.

[2019-03-30 15:52:15 #22 type] 
Type domain.Event is not enhanced.

[2019-03-30 15:52:15 #23 type.registry] 
New type java.util.Vector<domain.Question>

[2019-03-30 15:52:15 #24 type.registry] 
New type java.util.Vector<java.lang.Object>

------------------------------------------------------------------------------------------------------------------------

[2019-03-30 15:52:55 #1 store] 
Database 'C:\Users\pedro\Desktop\IS-Proiektua_(Bets)\resources\bets.temp' is opened by 1604@DESKTOP-VA4LKSU

[2019-03-30 15:52:56 #2 type.registry] 
New type domain.User

[2019-03-30 15:52:56 #3 type.registry] 
New type domain.Langilea

[2019-03-30 15:52:56 #4 type] 
Type domain.User is not enhanced.

[2019-03-30 15:52:56 #5 type] 
Type domain.Langilea is not enhanced.

[2019-03-30 15:52:56 #6 type.registry] 
New type domain.Erabiltzailea

[2019-03-30 15:52:56 #7 type] 
Type domain.Erabiltzailea is not enhanced.

[2019-03-30 15:52:56 #8 type.registry] 
New type domain.Mugimendua

[2019-03-30 15:52:56 #9 type.registry] 
New type java.util.Vector<domain.Mugimendua>

[2019-03-30 15:52:56 #10 type] 
Type domain.Mugimendua is not enhanced.

[2019-03-30 15:52:56 #11 type.registry] 
New type domain.Admin

[2019-03-30 15:52:56 #12 type] 
Type domain.Admin is not enhanced.

[2019-03-30 15:52:56 #13 type.registry] 
New type domain.Result

[2019-03-30 15:52:56 #14 type] 
Type domain.Result is not enhanced.

[2019-03-30 15:52:56 #15 type.registry] 
New type domain.Question

[2019-03-30 15:52:56 #16 type.registry] 
New type domain.Bet

[2019-03-30 15:52:56 #17 type.registry] 
New type java.util.Vector<domain.Bet>

[2019-03-30 15:52:56 #18 type] 
Type domain.Question is not enhanced.

[2019-03-30 15:52:56 #19 type.registry] 
New type domain.Event

[2019-03-30 15:52:56 #20 type.registry] 
New type java.util.Vector<domain.Result>

[2019-03-30 15:52:56 #21 type] 
Type domain.Bet is not enhanced.

[2019-03-30 15:52:56 #22 type] 
Type domain.Event is not enhanced.

[2019-03-30 15:52:56 #23 type.registry] 
New type java.util.Vector<domain.Question>

[2019-03-30 15:52:56 #24 type.registry] 
New type java.util.Vector<java.lang.Object>

------------------------------------------------------------------------------------------------------------------------

[2019-03-30 15:53:55 #1 store] 
Database 'C:\Users\pedro\Desktop\IS-Proiektua_(Bets)\resources\bets.temp' is opened by 8312@DESKTOP-VA4LKSU

[2019-03-30 15:53:55 #2 type.registry] 
New type domain.User

[2019-03-30 15:53:55 #3 type.registry] 
New type domain.Langilea

[2019-03-30 15:53:55 #4 type] 
Type domain.User is not enhanced.

[2019-03-30 15:53:55 #5 type] 
Type domain.Langilea is not enhanced.

[2019-03-30 15:53:55 #6 type.registry] 
New type domain.Erabiltzailea

[2019-03-30 15:53:55 #7 type] 
Type domain.Erabiltzailea is not enhanced.

[2019-03-30 15:53:55 #8 type.registry] 
New type domain.Mugimendua

[2019-03-30 15:53:55 #9 type.registry] 
New type java.util.Vector<domain.Mugimendua>

[2019-03-30 15:53:55 #10 type] 
Type domain.Mugimendua is not enhanced.

[2019-03-30 15:53:55 #11 type.registry] 
New type domain.Admin

[2019-03-30 15:53:55 #12 type] 
Type domain.Admin is not enhanced.

[2019-03-30 15:53:55 #13 type.registry] 
New type domain.Result

[2019-03-30 15:53:55 #14 type] 
Type domain.Result is not enhanced.

[2019-03-30 15:53:55 #15 type.registry] 
New type domain.Question

[2019-03-30 15:53:55 #16 type.registry] 
New type domain.Bet

[2019-03-30 15:53:55 #17 type.registry] 
New type java.util.Vector<domain.Bet>

[2019-03-30 15:53:55 #18 type] 
Type domain.Question is not enhanced.

[2019-03-30 15:53:55 #19 type.registry] 
New type domain.Event

[2019-03-30 15:53:55 #20 type.registry] 
New type java.util.Vector<domain.Result>

[2019-03-30 15:53:55 #21 type] 
Type domain.Bet is not enhanced.

[2019-03-30 15:53:55 #22 type] 
Type domain.Event is not enhanced.

[2019-03-30 15:53:55 #23 type.registry] 
New type java.util.Vector<domain.Question>

[2019-03-30 15:53:55 #24 type.registry] 
New type java.util.Vector<java.lang.Object>

------------------------------------------------------------------------------------------------------------------------

[2019-03-30 15:54:24 #1 store] 
Database 'C:\Users\pedro\Desktop\IS-Proiektua_(Bets)\resources\bets.temp' is opened by 4848@DESKTOP-VA4LKSU

[2019-03-30 15:54:25 #2 type.registry] 
New type domain.User

[2019-03-30 15:54:25 #3 type.registry] 
New type domain.Langilea

[2019-03-30 15:54:25 #4 type] 
Type domain.User is not enhanced.

[2019-03-30 15:54:25 #5 type] 
Type domain.Langilea is not enhanced.

[2019-03-30 15:54:25 #6 type.registry] 
New type domain.Erabiltzailea

[2019-03-30 15:54:25 #7 type] 
Type domain.Erabiltzailea is not enhanced.

[2019-03-30 15:54:25 #8 type.registry] 
New type domain.Mugimendua

[2019-03-30 15:54:25 #9 type.registry] 
New type java.util.Vector<domain.Mugimendua>

[2019-03-30 15:54:25 #10 type] 
Type domain.Mugimendua is not enhanced.

[2019-03-30 15:54:25 #11 type.registry] 
New type domain.Admin

[2019-03-30 15:54:25 #12 type] 
Type domain.Admin is not enhanced.

[2019-03-30 15:54:25 #13 type.registry] 
New type domain.Result

[2019-03-30 15:54:25 #14 type] 
Type domain.Result is not enhanced.

[2019-03-30 15:54:25 #15 type.registry] 
New type domain.Question

[2019-03-30 15:54:25 #16 type.registry] 
New type domain.Bet

[2019-03-30 15:54:25 #17 type.registry] 
New type java.util.Vector<domain.Bet>

[2019-03-30 15:54:25 #18 type] 
Type domain.Question is not enhanced.

[2019-03-30 15:54:25 #19 type.registry] 
New type domain.Event

[2019-03-30 15:54:25 #20 type.registry] 
New type java.util.Vector<domain.Result>

[2019-03-30 15:54:25 #21 type] 
Type domain.Bet is not enhanced.

[2019-03-30 15:54:25 #22 type] 
Type domain.Event is not enhanced.

[2019-03-30 15:54:25 #23 type.registry] 
New type java.util.Vector<domain.Question>

[2019-03-30 15:54:25 #24 type.registry] 
New type java.util.Vector<java.lang.Object>

------------------------------------------------------------------------------------------------------------------------

[2019-03-30 15:57:40 #1 store] 
Database 'C:\Users\pedro\Desktop\IS-Proiektua_(Bets)\resources\bets.temp' is opened by 4872@DESKTOP-VA4LKSU

[2019-03-30 15:57:40 #2 type.registry] 
New type domain.User

[2019-03-30 15:57:40 #3 type.registry] 
New type domain.Langilea

[2019-03-30 15:57:40 #4 type] 
Type domain.User is not enhanced.

[2019-03-30 15:57:40 #5 type] 
Type domain.Langilea is not enhanced.

[2019-03-30 15:57:40 #6 type.registry] 
New type domain.Erabiltzailea

[2019-03-30 15:57:40 #7 type] 
Type domain.Erabiltzailea is not enhanced.

[2019-03-30 15:57:40 #8 type.registry] 
New type domain.Mugimendua

[2019-03-30 15:57:40 #9 type.registry] 
New type java.util.Vector<domain.Mugimendua>

[2019-03-30 15:57:40 #10 type] 
Type domain.Mugimendua is not enhanced.

[2019-03-30 15:57:40 #11 type.registry] 
New type domain.Admin

[2019-03-30 15:57:40 #12 type] 
Type domain.Admin is not enhanced.

[2019-03-30 15:57:41 #13 type.registry] 
New type domain.Result

[2019-03-30 15:57:41 #14 type] 
Type domain.Result is not enhanced.

[2019-03-30 15:57:41 #15 type.registry] 
New type domain.Question

[2019-03-30 15:57:41 #16 type.registry] 
New type domain.Bet

[2019-03-30 15:57:41 #17 type.registry] 
New type java.util.Vector<domain.Bet>

[2019-03-30 15:57:41 #18 type] 
Type domain.Question is not enhanced.

[2019-03-30 15:57:41 #19 type.registry] 
New type domain.Event

[2019-03-30 15:57:41 #20 type.registry] 
New type java.util.Vector<domain.Result>

[2019-03-30 15:57:41 #21 type] 
Type domain.Bet is not enhanced.

[2019-03-30 15:57:41 #22 type] 
Type domain.Event is not enhanced.

[2019-03-30 15:57:41 #23 type.registry] 
New type java.util.Vector<domain.Question>

[2019-03-30 15:57:41 #24 type.registry] 
New type java.util.Vector<java.lang.Object>

------------------------------------------------------------------------------------------------------------------------

[2019-03-30 15:57:49 #1 store] 
Database 'C:\Users\pedro\Desktop\IS-Proiektua_(Bets)\resources\bets.temp' is opened by 8148@DESKTOP-VA4LKSU

[2019-03-30 15:57:50 #2 type.registry] 
New type domain.User

[2019-03-30 15:57:50 #3 type.registry] 
New type domain.Langilea

[2019-03-30 15:57:50 #4 type] 
Type domain.User is not enhanced.

[2019-03-30 15:57:50 #5 type] 
Type domain.Langilea is not enhanced.

[2019-03-30 15:57:50 #6 type.registry] 
New type domain.Erabiltzailea

[2019-03-30 15:57:50 #7 type] 
Type domain.Erabiltzailea is not enhanced.

[2019-03-30 15:57:50 #8 type.registry] 
New type domain.Mugimendua

[2019-03-30 15:57:50 #9 type.registry] 
New type java.util.Vector<domain.Mugimendua>

[2019-03-30 15:57:50 #10 type] 
Type domain.Mugimendua is not enhanced.

[2019-03-30 15:57:50 #11 type.registry] 
New type domain.Admin

[2019-03-30 15:57:50 #12 type] 
Type domain.Admin is not enhanced.

[2019-03-30 15:57:50 #13 type.registry] 
New type domain.Result

[2019-03-30 15:57:50 #14 type] 
Type domain.Result is not enhanced.

[2019-03-30 15:57:50 #15 type.registry] 
New type domain.Question

[2019-03-30 15:57:50 #16 type.registry] 
New type domain.Bet

[2019-03-30 15:57:50 #17 type.registry] 
New type java.util.Vector<domain.Bet>

[2019-03-30 15:57:50 #18 type] 
Type domain.Question is not enhanced.

[2019-03-30 15:57:50 #19 type.registry] 
New type domain.Event

[2019-03-30 15:57:50 #20 type.registry] 
New type java.util.Vector<domain.Result>

[2019-03-30 15:57:50 #21 type] 
Type domain.Bet is not enhanced.

[2019-03-30 15:57:50 #22 type] 
Type domain.Event is not enhanced.

[2019-03-30 15:57:50 #23 type.registry] 
New type java.util.Vector<domain.Question>

[2019-03-30 15:57:50 #24 type.registry] 
New type java.util.Vector<java.lang.Object>

------------------------------------------------------------------------------------------------------------------------

[2019-03-30 15:58:36 #1 store] 
Database 'C:\Users\pedro\Desktop\IS-Proiektua_(Bets)\resources\bets.temp' is opened by 9416@DESKTOP-VA4LKSU

[2019-03-30 15:58:37 #2 type.registry] 
New type domain.User

[2019-03-30 15:58:37 #3 type.registry] 
New type domain.Langilea

[2019-03-30 15:58:37 #4 type] 
Type domain.User is not enhanced.

[2019-03-30 15:58:37 #5 type] 
Type domain.Langilea is not enhanced.

[2019-03-30 15:58:37 #6 type.registry] 
New type domain.Erabiltzailea

[2019-03-30 15:58:37 #7 type] 
Type domain.Erabiltzailea is not enhanced.

[2019-03-30 15:58:37 #8 type.registry] 
New type domain.Mugimendua

[2019-03-30 15:58:37 #9 type.registry] 
New type java.util.Vector<domain.Mugimendua>

[2019-03-30 15:58:37 #10 type] 
Type domain.Mugimendua is not enhanced.

[2019-03-30 15:58:37 #11 type.registry] 
New type domain.Admin

[2019-03-30 15:58:37 #12 type] 
Type domain.Admin is not enhanced.

[2019-03-30 15:58:37 #13 type.registry] 
New type domain.Result

[2019-03-30 15:58:37 #14 type] 
Type domain.Result is not enhanced.

[2019-03-30 15:58:37 #15 type.registry] 
New type domain.Question

[2019-03-30 15:58:37 #16 type.registry] 
New type domain.Bet

[2019-03-30 15:58:37 #17 type.registry] 
New type java.util.Vector<domain.Bet>

[2019-03-30 15:58:37 #18 type] 
Type domain.Question is not enhanced.

[2019-03-30 15:58:37 #19 type.registry] 
New type domain.Event

[2019-03-30 15:58:37 #20 type.registry] 
New type java.util.Vector<domain.Result>

[2019-03-30 15:58:37 #21 type] 
Type domain.Bet is not enhanced.

[2019-03-30 15:58:37 #22 type] 
Type domain.Event is not enhanced.

[2019-03-30 15:58:37 #23 type.registry] 
New type java.util.Vector<domain.Question>

[2019-03-30 15:58:37 #24 type.registry] 
New type java.util.Vector<java.lang.Object>

------------------------------------------------------------------------------------------------------------------------

[2019-03-30 16:03:45 #1 store] 
Database 'C:\Users\pedro\Desktop\IS-Proiektua_(Bets)\resources\bets.temp' is opened by 3156@DESKTOP-VA4LKSU

[2019-03-30 16:03:45 #2 type.registry] 
New type domain.User

[2019-03-30 16:03:45 #3 type.registry] 
New type domain.Langilea

[2019-03-30 16:03:45 #4 type] 
Type domain.User is not enhanced.

[2019-03-30 16:03:45 #5 type] 
Type domain.Langilea is not enhanced.

[2019-03-30 16:03:46 #6 type.registry] 
New type domain.Erabiltzailea

[2019-03-30 16:03:46 #7 type] 
Type domain.Erabiltzailea is not enhanced.

[2019-03-30 16:03:46 #8 type.registry] 
New type domain.Mugimendua

[2019-03-30 16:03:46 #9 type.registry] 
New type java.util.Vector<domain.Mugimendua>

[2019-03-30 16:03:46 #10 type] 
Type domain.Mugimendua is not enhanced.

[2019-03-30 16:03:46 #11 type.registry] 
New type domain.Admin

[2019-03-30 16:03:46 #12 type] 
Type domain.Admin is not enhanced.

[2019-03-30 16:03:46 #13 type.registry] 
New type domain.Result

[2019-03-30 16:03:46 #14 type] 
Type domain.Result is not enhanced.

[2019-03-30 16:03:46 #15 type.registry] 
New type domain.Question

[2019-03-30 16:03:46 #16 type.registry] 
New type domain.Bet

[2019-03-30 16:03:46 #17 type.registry] 
New type java.util.Vector<domain.Bet>

[2019-03-30 16:03:46 #18 type] 
Type domain.Question is not enhanced.

[2019-03-30 16:03:46 #19 type.registry] 
New type domain.Event

[2019-03-30 16:03:46 #20 type.registry] 
New type java.util.Vector<domain.Result>

[2019-03-30 16:03:46 #21 type] 
Type domain.Bet is not enhanced.

[2019-03-30 16:03:46 #22 type] 
Type domain.Event is not enhanced.

[2019-03-30 16:03:46 #23 type.registry] 
New type java.util.Vector<domain.Question>

[2019-03-30 16:03:46 #24 type.registry] 
New type java.util.Vector<java.lang.Object>

------------------------------------------------------------------------------------------------------------------------

[2019-03-30 16:08:07 #1 store] 
Database 'C:\Users\pedro\Desktop\IS-Proiektua_(Bets)\resources\bets.temp' is opened by 5108@DESKTOP-VA4LKSU

[2019-03-30 16:08:07 #2 type.registry] 
New type domain.User

[2019-03-30 16:08:07 #3 type.registry] 
New type domain.Langilea

[2019-03-30 16:08:07 #4 type] 
Type domain.User is not enhanced.

[2019-03-30 16:08:07 #5 type] 
Type domain.Langilea is not enhanced.

[2019-03-30 16:08:07 #6 type.registry] 
New type domain.Erabiltzailea

[2019-03-30 16:08:07 #7 type] 
Type domain.Erabiltzailea is not enhanced.

[2019-03-30 16:08:07 #8 type.registry] 
New type domain.Mugimendua

[2019-03-30 16:08:08 #9 type.registry] 
New type java.util.Vector<domain.Mugimendua>

[2019-03-30 16:08:08 #10 type] 
Type domain.Mugimendua is not enhanced.

[2019-03-30 16:08:08 #11 type.registry] 
New type domain.Admin

[2019-03-30 16:08:08 #12 type] 
Type domain.Admin is not enhanced.

[2019-03-30 16:08:08 #13 type.registry] 
New type domain.Result

[2019-03-30 16:08:08 #14 type] 
Type domain.Result is not enhanced.

[2019-03-30 16:08:08 #15 type.registry] 
New type domain.Question

[2019-03-30 16:08:08 #16 type.registry] 
New type domain.Bet

[2019-03-30 16:08:08 #17 type.registry] 
New type java.util.Vector<domain.Bet>

[2019-03-30 16:08:08 #18 type] 
Type domain.Question is not enhanced.

[2019-03-30 16:08:08 #19 type.registry] 
New type domain.Event

[2019-03-30 16:08:08 #20 type.registry] 
New type java.util.Vector<domain.Result>

[2019-03-30 16:08:08 #21 type] 
Type domain.Bet is not enhanced.

[2019-03-30 16:08:08 #22 type] 
Type domain.Event is not enhanced.

[2019-03-30 16:08:08 #23 type.registry] 
New type java.util.Vector<domain.Question>

[2019-03-30 16:08:08 #24 type.registry] 
New type java.util.Vector<java.lang.Object>

------------------------------------------------------------------------------------------------------------------------

[2019-03-30 16:11:10 #1 store] 
Database 'C:\Users\pedro\Desktop\IS-Proiektua_(Bets)\resources\bets.temp' is opened by 4268@DESKTOP-VA4LKSU

[2019-03-30 16:11:11 #2 type.registry] 
New type domain.User

[2019-03-30 16:11:11 #3 type.registry] 
New type domain.Langilea

[2019-03-30 16:11:11 #4 type] 
Type domain.User is not enhanced.

[2019-03-30 16:11:11 #5 type] 
Type domain.Langilea is not enhanced.

[2019-03-30 16:11:11 #6 type.registry] 
New type domain.Erabiltzailea

[2019-03-30 16:11:11 #7 type] 
Type domain.Erabiltzailea is not enhanced.

[2019-03-30 16:11:11 #8 type.registry] 
New type domain.Mugimendua

[2019-03-30 16:11:11 #9 type.registry] 
New type java.util.Vector<domain.Mugimendua>

[2019-03-30 16:11:11 #10 type] 
Type domain.Mugimendua is not enhanced.

[2019-03-30 16:11:11 #11 type.registry] 
New type domain.Admin

[2019-03-30 16:11:11 #12 type] 
Type domain.Admin is not enhanced.

[2019-03-30 16:11:11 #13 type.registry] 
New type domain.Result

[2019-03-30 16:11:11 #14 type] 
Type domain.Result is not enhanced.

[2019-03-30 16:11:11 #15 type.registry] 
New type domain.Question

[2019-03-30 16:11:11 #16 type.registry] 
New type domain.Bet

[2019-03-30 16:11:11 #17 type.registry] 
New type java.util.Vector<domain.Bet>

[2019-03-30 16:11:11 #18 type] 
Type domain.Question is not enhanced.

[2019-03-30 16:11:11 #19 type.registry] 
New type domain.Event

[2019-03-30 16:11:11 #20 type.registry] 
New type java.util.Vector<domain.Result>

[2019-03-30 16:11:11 #21 type] 
Type domain.Bet is not enhanced.

[2019-03-30 16:11:11 #22 type] 
Type domain.Event is not enhanced.

[2019-03-30 16:11:11 #23 type.registry] 
New type java.util.Vector<domain.Question>

[2019-03-30 16:11:11 #24 type.registry] 
New type java.util.Vector<java.lang.Object>

------------------------------------------------------------------------------------------------------------------------

[2019-03-30 16:16:27 #1 store] 
Database 'C:\Users\pedro\Desktop\IS-Proiektua_(Bets)\resources\bets.temp' is opened by 388@DESKTOP-VA4LKSU

[2019-03-30 16:16:27 #2 type.registry] 
New type domain.User

[2019-03-30 16:16:27 #3 type.registry] 
New type domain.Langilea

[2019-03-30 16:16:27 #4 type] 
Type domain.User is not enhanced.

[2019-03-30 16:16:27 #5 type] 
Type domain.Langilea is not enhanced.

[2019-03-30 16:16:27 #6 type.registry] 
New type domain.Erabiltzailea

[2019-03-30 16:16:27 #7 type] 
Type domain.Erabiltzailea is not enhanced.

[2019-03-30 16:16:27 #8 type.registry] 
New type domain.Mugimendua

[2019-03-30 16:16:27 #9 type.registry] 
New type java.util.Vector<domain.Mugimendua>

[2019-03-30 16:16:27 #10 type] 
Type domain.Mugimendua is not enhanced.

[2019-03-30 16:16:28 #11 type.registry] 
New type domain.Admin

[2019-03-30 16:16:28 #12 type] 
Type domain.Admin is not enhanced.

[2019-03-30 16:16:28 #13 type.registry] 
New type domain.Result

[2019-03-30 16:16:28 #14 type] 
Type domain.Result is not enhanced.

[2019-03-30 16:16:28 #15 type.registry] 
New type domain.Question

[2019-03-30 16:16:28 #16 type.registry] 
New type domain.Bet

[2019-03-30 16:16:28 #17 type.registry] 
New type java.util.Vector<domain.Bet>

[2019-03-30 16:16:28 #18 type] 
Type domain.Question is not enhanced.

[2019-03-30 16:16:28 #19 type.registry] 
New type domain.Event

[2019-03-30 16:16:28 #20 type.registry] 
New type java.util.Vector<domain.Result>

[2019-03-30 16:16:28 #21 type] 
Type domain.Bet is not enhanced.

[2019-03-30 16:16:28 #22 type] 
Type domain.Event is not enhanced.

[2019-03-30 16:16:28 #23 type.registry] 
New type java.util.Vector<domain.Question>

[2019-03-30 16:16:28 #24 type.registry] 
New type java.util.Vector<java.lang.Object>

------------------------------------------------------------------------------------------------------------------------

[2019-03-30 16:23:23 #1 store] 
Database 'C:\Users\pedro\Desktop\IS-Proiektua_(Bets)\resources\bets.temp' is opened by 4496@DESKTOP-VA4LKSU

[2019-03-30 16:23:24 #2 type.registry] 
New type domain.User

[2019-03-30 16:23:24 #3 type.registry] 
New type domain.Langilea

[2019-03-30 16:23:24 #4 type] 
Type domain.User is not enhanced.

[2019-03-30 16:23:24 #5 type] 
Type domain.Langilea is not enhanced.

[2019-03-30 16:23:24 #6 type.registry] 
New type domain.Erabiltzailea

[2019-03-30 16:23:24 #7 type] 
Type domain.Erabiltzailea is not enhanced.

[2019-03-30 16:23:24 #8 type.registry] 
New type domain.Mugimendua

[2019-03-30 16:23:24 #9 type.registry] 
New type java.util.Vector<domain.Mugimendua>

[2019-03-30 16:23:24 #10 type] 
Type domain.Mugimendua is not enhanced.

[2019-03-30 16:23:24 #11 type.registry] 
New type domain.Admin

[2019-03-30 16:23:24 #12 type] 
Type domain.Admin is not enhanced.

[2019-03-30 16:23:24 #13 type.registry] 
New type domain.Result

[2019-03-30 16:23:24 #14 type] 
Type domain.Result is not enhanced.

[2019-03-30 16:23:24 #15 type.registry] 
New type domain.Question

[2019-03-30 16:23:24 #16 type.registry] 
New type domain.Bet

[2019-03-30 16:23:24 #17 type.registry] 
New type java.util.Vector<domain.Bet>

[2019-03-30 16:23:24 #18 type] 
Type domain.Question is not enhanced.

[2019-03-30 16:23:24 #19 type.registry] 
New type domain.Event

[2019-03-30 16:23:24 #20 type.registry] 
New type java.util.Vector<domain.Result>

[2019-03-30 16:23:24 #21 type] 
Type domain.Bet is not enhanced.

[2019-03-30 16:23:24 #22 type] 
Type domain.Event is not enhanced.

[2019-03-30 16:23:24 #23 type.registry] 
New type java.util.Vector<domain.Question>

[2019-03-30 16:23:24 #24 type.registry] 
New type java.util.Vector<java.lang.Object>

------------------------------------------------------------------------------------------------------------------------

[2019-03-30 16:25:59 #1 store] 
Database 'C:\Users\pedro\Desktop\IS-Proiektua_(Bets)\resources\bets.temp' is opened by 716@DESKTOP-VA4LKSU

[2019-03-30 16:25:59 #2 type.registry] 
New type domain.User

[2019-03-30 16:25:59 #3 type.registry] 
New type domain.Langilea

[2019-03-30 16:25:59 #4 type] 
Type domain.User is not enhanced.

[2019-03-30 16:25:59 #5 type] 
Type domain.Langilea is not enhanced.

[2019-03-30 16:25:59 #6 type.registry] 
New type domain.Erabiltzailea

[2019-03-30 16:25:59 #7 type] 
Type domain.Erabiltzailea is not enhanced.

[2019-03-30 16:25:59 #8 type.registry] 
New type domain.Mugimendua

[2019-03-30 16:25:59 #9 type.registry] 
New type java.util.Vector<domain.Mugimendua>

[2019-03-30 16:25:59 #10 type] 
Type domain.Mugimendua is not enhanced.

[2019-03-30 16:25:59 #11 type.registry] 
New type domain.Admin

[2019-03-30 16:25:59 #12 type] 
Type domain.Admin is not enhanced.

[2019-03-30 16:25:59 #13 type.registry] 
New type domain.Result

[2019-03-30 16:25:59 #14 type] 
Type domain.Result is not enhanced.

[2019-03-30 16:25:59 #15 type.registry] 
New type domain.Question

[2019-03-30 16:25:59 #16 type.registry] 
New type domain.Bet

[2019-03-30 16:25:59 #17 type.registry] 
New type java.util.Vector<domain.Bet>

[2019-03-30 16:25:59 #18 type] 
Type domain.Question is not enhanced.

[2019-03-30 16:25:59 #19 type.registry] 
New type domain.Event

[2019-03-30 16:25:59 #20 type.registry] 
New type java.util.Vector<domain.Result>

[2019-03-30 16:25:59 #21 type] 
Type domain.Bet is not enhanced.

[2019-03-30 16:25:59 #22 type] 
Type domain.Event is not enhanced.

[2019-03-30 16:25:59 #23 type.registry] 
New type java.util.Vector<domain.Question>

[2019-03-30 16:25:59 #24 type.registry] 
New type java.util.Vector<java.lang.Object>

------------------------------------------------------------------------------------------------------------------------

[2019-03-30 20:04:11 #1 store] 
Database 'C:\Users\pedro\Desktop\IS-Proiektua_(Bets)\resources\bets.temp' is opened by 7924@DESKTOP-VA4LKSU

[2019-03-30 20:04:12 #2 type.registry] 
New type domain.User

[2019-03-30 20:04:12 #3 type.registry] 
New type domain.Langilea

[2019-03-30 20:04:12 #4 type] 
Type domain.User is not enhanced.

[2019-03-30 20:04:12 #5 type] 
Type domain.Langilea is not enhanced.

[2019-03-30 20:04:12 #6 type.registry] 
New type domain.Erabiltzailea

[2019-03-30 20:04:12 #7 type] 
Type domain.Erabiltzailea is not enhanced.

[2019-03-30 20:04:12 #8 type.registry] 
New type domain.Mugimendua

[2019-03-30 20:04:12 #9 type.registry] 
New type java.util.Vector<domain.Mugimendua>

[2019-03-30 20:04:12 #10 type] 
Type domain.Mugimendua is not enhanced.

[2019-03-30 20:04:12 #11 type.registry] 
New type domain.Admin

[2019-03-30 20:04:12 #12 type] 
Type domain.Admin is not enhanced.

[2019-03-30 20:04:12 #13 type.registry] 
New type domain.Result

[2019-03-30 20:04:12 #14 type] 
Type domain.Result is not enhanced.

[2019-03-30 20:04:12 #15 type.registry] 
New type domain.Question

[2019-03-30 20:04:12 #16 type.registry] 
New type domain.Bet

[2019-03-30 20:04:12 #17 type.registry] 
New type java.util.Vector<domain.Bet>

[2019-03-30 20:04:12 #18 type] 
Type domain.Question is not enhanced.

[2019-03-30 20:04:12 #19 type.registry] 
New type domain.Event

[2019-03-30 20:04:12 #20 type.registry] 
New type java.util.Vector<domain.Result>

[2019-03-30 20:04:12 #21 type] 
Type domain.Bet is not enhanced.

[2019-03-30 20:04:12 #22 type] 
Type domain.Event is not enhanced.

[2019-03-30 20:04:12 #23 type.registry] 
New type java.util.Vector<domain.Question>

[2019-03-30 20:04:12 #24 type.registry] 
New type java.util.Vector<java.lang.Object>

------------------------------------------------------------------------------------------------------------------------

[2019-03-30 20:08:03 #1 store] 
Database 'C:\Users\pedro\Desktop\IS-Proiektua_(Bets)\resources\bets.temp' is opened by 8932@DESKTOP-VA4LKSU

[2019-03-30 20:08:04 #2 type.registry] 
New type domain.User

[2019-03-30 20:08:04 #3 type.registry] 
New type domain.Langilea

[2019-03-30 20:08:04 #4 type] 
Type domain.User is not enhanced.

[2019-03-30 20:08:04 #5 type] 
Type domain.Langilea is not enhanced.

[2019-03-30 20:08:04 #6 type.registry] 
New type domain.Erabiltzailea

[2019-03-30 20:08:04 #7 type] 
Type domain.Erabiltzailea is not enhanced.

[2019-03-30 20:08:04 #8 type.registry] 
New type domain.Mugimendua

[2019-03-30 20:08:04 #9 type.registry] 
New type java.util.Vector<domain.Mugimendua>

[2019-03-30 20:08:04 #10 type] 
Type domain.Mugimendua is not enhanced.

[2019-03-30 20:08:04 #11 type.registry] 
New type domain.Admin

[2019-03-30 20:08:04 #12 type] 
Type domain.Admin is not enhanced.

[2019-03-30 20:08:04 #13 type.registry] 
New type domain.Result

[2019-03-30 20:08:04 #14 type] 
Type domain.Result is not enhanced.

[2019-03-30 20:08:04 #15 type.registry] 
New type domain.Question

[2019-03-30 20:08:04 #16 type.registry] 
New type domain.Bet

[2019-03-30 20:08:04 #17 type.registry] 
New type java.util.Vector<domain.Bet>

[2019-03-30 20:08:04 #18 type] 
Type domain.Question is not enhanced.

[2019-03-30 20:08:04 #19 type.registry] 
New type domain.Event

[2019-03-30 20:08:04 #20 type.registry] 
New type java.util.Vector<domain.Result>

[2019-03-30 20:08:04 #21 type] 
Type domain.Bet is not enhanced.

[2019-03-30 20:08:04 #22 type] 
Type domain.Event is not enhanced.

[2019-03-30 20:08:04 #23 type.registry] 
New type java.util.Vector<domain.Question>

[2019-03-30 20:08:04 #24 type.registry] 
New type java.util.Vector<java.lang.Object>

------------------------------------------------------------------------------------------------------------------------

[2019-03-30 20:14:32 #1 store] 
Database 'C:\Users\pedro\Desktop\IS-Proiektua_(Bets)\resources\bets.temp' is opened by 6768@DESKTOP-VA4LKSU

[2019-03-30 20:14:33 #2 type.registry] 
New type domain.User

[2019-03-30 20:14:33 #3 type.registry] 
New type domain.Langilea

[2019-03-30 20:14:33 #4 type] 
Type domain.User is not enhanced.

[2019-03-30 20:14:33 #5 type] 
Type domain.Langilea is not enhanced.

[2019-03-30 20:14:33 #6 type.registry] 
New type domain.Erabiltzailea

[2019-03-30 20:14:33 #7 type] 
Type domain.Erabiltzailea is not enhanced.

[2019-03-30 20:14:33 #8 type.registry] 
New type domain.Mugimendua

[2019-03-30 20:14:33 #9 type.registry] 
New type java.util.Vector<domain.Mugimendua>

[2019-03-30 20:14:33 #10 type] 
Type domain.Mugimendua is not enhanced.

[2019-03-30 20:14:33 #11 type.registry] 
New type domain.Admin

[2019-03-30 20:14:33 #12 type] 
Type domain.Admin is not enhanced.

[2019-03-30 20:14:33 #13 type.registry] 
New type domain.Result

[2019-03-30 20:14:33 #14 type] 
Type domain.Result is not enhanced.

[2019-03-30 20:14:33 #15 type.registry] 
New type domain.Question

[2019-03-30 20:14:33 #16 type.registry] 
New type domain.Bet

[2019-03-30 20:14:33 #17 type.registry] 
New type java.util.Vector<domain.Bet>

[2019-03-30 20:14:33 #18 type] 
Type domain.Question is not enhanced.

[2019-03-30 20:14:33 #19 type.registry] 
New type domain.Event

[2019-03-30 20:14:33 #20 type.registry] 
New type java.util.Vector<domain.Result>

[2019-03-30 20:14:33 #21 type] 
Type domain.Bet is not enhanced.

[2019-03-30 20:14:33 #22 type] 
Type domain.Event is not enhanced.

[2019-03-30 20:14:33 #23 type.registry] 
New type java.util.Vector<domain.Question>

[2019-03-30 20:14:33 #24 type.registry] 
New type java.util.Vector<java.lang.Object>

------------------------------------------------------------------------------------------------------------------------

[2019-03-30 20:20:10 #1 store] 
Database 'C:\Users\pedro\Desktop\IS-Proiektua_(Bets)\resources\bets.temp' is opened by 6276@DESKTOP-VA4LKSU

[2019-03-30 20:20:10 #2 type.registry] 
New type domain.User

[2019-03-30 20:20:10 #3 type.registry] 
New type domain.Langilea

[2019-03-30 20:20:10 #4 type] 
Type domain.User is not enhanced.

[2019-03-30 20:20:10 #5 type] 
Type domain.Langilea is not enhanced.

[2019-03-30 20:20:10 #6 type.registry] 
New type domain.Erabiltzailea

[2019-03-30 20:20:10 #7 type] 
Type domain.Erabiltzailea is not enhanced.

[2019-03-30 20:20:10 #8 type.registry] 
New type domain.Mugimendua

[2019-03-30 20:20:10 #9 type.registry] 
New type java.util.Vector<domain.Mugimendua>

[2019-03-30 20:20:10 #10 type] 
Type domain.Mugimendua is not enhanced.

[2019-03-30 20:20:10 #11 type.registry] 
New type domain.Admin

[2019-03-30 20:20:10 #12 type] 
Type domain.Admin is not enhanced.

[2019-03-30 20:20:11 #13 type.registry] 
New type domain.Result

[2019-03-30 20:20:11 #14 type] 
Type domain.Result is not enhanced.

[2019-03-30 20:20:11 #15 type.registry] 
New type domain.Question

[2019-03-30 20:20:11 #16 type.registry] 
New type domain.Bet

[2019-03-30 20:20:11 #17 type.registry] 
New type java.util.Vector<domain.Bet>

[2019-03-30 20:20:11 #18 type] 
Type domain.Question is not enhanced.

[2019-03-30 20:20:11 #19 type.registry] 
New type domain.Event

[2019-03-30 20:20:11 #20 type.registry] 
New type java.util.Vector<domain.Result>

[2019-03-30 20:20:11 #21 type] 
Type domain.Bet is not enhanced.

[2019-03-30 20:20:11 #22 type] 
Type domain.Event is not enhanced.

[2019-03-30 20:20:11 #23 type.registry] 
New type java.util.Vector<domain.Question>

[2019-03-30 20:20:11 #24 type.registry] 
New type java.util.Vector<java.lang.Object>

------------------------------------------------------------------------------------------------------------------------

[2019-03-30 20:21:02 #1 store] 
Database 'C:\Users\pedro\Desktop\IS-Proiektua_(Bets)\resources\bets.temp' is opened by 8720@DESKTOP-VA4LKSU

[2019-03-30 20:21:03 #2 type.registry] 
New type domain.User

[2019-03-30 20:21:03 #3 type.registry] 
New type domain.Langilea

[2019-03-30 20:21:03 #4 type] 
Type domain.User is not enhanced.

[2019-03-30 20:21:03 #5 type] 
Type domain.Langilea is not enhanced.

[2019-03-30 20:21:03 #6 type.registry] 
New type domain.Erabiltzailea

[2019-03-30 20:21:03 #7 type] 
Type domain.Erabiltzailea is not enhanced.

[2019-03-30 20:21:03 #8 type.registry] 
New type domain.Mugimendua

[2019-03-30 20:21:03 #9 type.registry] 
New type java.util.Vector<domain.Mugimendua>

[2019-03-30 20:21:03 #10 type] 
Type domain.Mugimendua is not enhanced.

[2019-03-30 20:21:03 #11 type.registry] 
New type domain.Admin

[2019-03-30 20:21:03 #12 type] 
Type domain.Admin is not enhanced.

[2019-03-30 20:21:03 #13 type.registry] 
New type domain.Result

[2019-03-30 20:21:03 #14 type] 
Type domain.Result is not enhanced.

[2019-03-30 20:21:03 #15 type.registry] 
New type domain.Question

[2019-03-30 20:21:03 #16 type.registry] 
New type domain.Bet

[2019-03-30 20:21:03 #17 type.registry] 
New type java.util.Vector<domain.Bet>

[2019-03-30 20:21:03 #18 type] 
Type domain.Question is not enhanced.

[2019-03-30 20:21:03 #19 type.registry] 
New type domain.Event

[2019-03-30 20:21:03 #20 type.registry] 
New type java.util.Vector<domain.Result>

[2019-03-30 20:21:03 #21 type] 
Type domain.Bet is not enhanced.

[2019-03-30 20:21:03 #22 type] 
Type domain.Event is not enhanced.

[2019-03-30 20:21:03 #23 type.registry] 
New type java.util.Vector<domain.Question>

[2019-03-30 20:21:03 #24 type.registry] 
New type java.util.Vector<java.lang.Object>

------------------------------------------------------------------------------------------------------------------------

[2019-03-30 20:22:59 #1 store] 
Database 'C:\Users\pedro\Desktop\IS-Proiektua_(Bets)\resources\bets.temp' is opened by 5556@DESKTOP-VA4LKSU

[2019-03-30 20:23:00 #2 type.registry] 
New type domain.User

[2019-03-30 20:23:00 #3 type.registry] 
New type domain.Langilea

[2019-03-30 20:23:00 #4 type] 
Type domain.User is not enhanced.

[2019-03-30 20:23:00 #5 type] 
Type domain.Langilea is not enhanced.

[2019-03-30 20:23:00 #6 type.registry] 
New type domain.Erabiltzailea

[2019-03-30 20:23:00 #7 type] 
Type domain.Erabiltzailea is not enhanced.

[2019-03-30 20:23:00 #8 type.registry] 
New type domain.Mugimendua

[2019-03-30 20:23:00 #9 type.registry] 
New type java.util.Vector<domain.Mugimendua>

[2019-03-30 20:23:00 #10 type] 
Type domain.Mugimendua is not enhanced.

[2019-03-30 20:23:00 #11 type.registry] 
New type domain.Admin

[2019-03-30 20:23:00 #12 type] 
Type domain.Admin is not enhanced.

[2019-03-30 20:23:00 #13 type.registry] 
New type domain.Result

[2019-03-30 20:23:00 #14 type] 
Type domain.Result is not enhanced.

[2019-03-30 20:23:00 #15 type.registry] 
New type domain.Question

[2019-03-30 20:23:00 #16 type.registry] 
New type domain.Bet

[2019-03-30 20:23:00 #17 type.registry] 
New type java.util.Vector<domain.Bet>

[2019-03-30 20:23:00 #18 type] 
Type domain.Question is not enhanced.

[2019-03-30 20:23:00 #19 type.registry] 
New type domain.Event

[2019-03-30 20:23:00 #20 type.registry] 
New type java.util.Vector<domain.Result>

[2019-03-30 20:23:00 #21 type] 
Type domain.Bet is not enhanced.

[2019-03-30 20:23:00 #22 type] 
Type domain.Event is not enhanced.

[2019-03-30 20:23:00 #23 type.registry] 
New type java.util.Vector<domain.Question>

[2019-03-30 20:23:00 #24 type.registry] 
New type java.util.Vector<java.lang.Object>

------------------------------------------------------------------------------------------------------------------------

[2019-03-30 20:29:50 #1 store] 
Database 'C:\Users\pedro\Desktop\IS-Proiektua_(Bets)\resources\bets.temp' is opened by 10004@DESKTOP-VA4LKSU

[2019-03-30 20:29:50 #2 type.registry] 
New type domain.User

[2019-03-30 20:29:50 #3 type.registry] 
New type domain.Langilea

[2019-03-30 20:29:50 #4 type] 
Type domain.User is not enhanced.

[2019-03-30 20:29:50 #5 type] 
Type domain.Langilea is not enhanced.

[2019-03-30 20:29:51 #6 type.registry] 
New type domain.Erabiltzailea

[2019-03-30 20:29:51 #7 type] 
Type domain.Erabiltzailea is not enhanced.

[2019-03-30 20:29:51 #8 type.registry] 
New type domain.Mugimendua

[2019-03-30 20:29:51 #9 type.registry] 
New type java.util.Vector<domain.Mugimendua>

[2019-03-30 20:29:51 #10 type] 
Type domain.Mugimendua is not enhanced.

[2019-03-30 20:29:51 #11 type.registry] 
New type domain.Admin

[2019-03-30 20:29:51 #12 type] 
Type domain.Admin is not enhanced.

[2019-03-30 20:29:51 #13 type.registry] 
New type domain.Result

[2019-03-30 20:29:51 #14 type] 
Type domain.Result is not enhanced.

[2019-03-30 20:29:51 #15 type.registry] 
New type domain.Question

[2019-03-30 20:29:51 #16 type.registry] 
New type domain.Bet

[2019-03-30 20:29:51 #17 type.registry] 
New type java.util.Vector<domain.Bet>

[2019-03-30 20:29:51 #18 type] 
Type domain.Question is not enhanced.

[2019-03-30 20:29:51 #19 type.registry] 
New type domain.Event

[2019-03-30 20:29:51 #20 type.registry] 
New type java.util.Vector<domain.Result>

[2019-03-30 20:29:51 #21 type] 
Type domain.Bet is not enhanced.

[2019-03-30 20:29:51 #22 type] 
Type domain.Event is not enhanced.

[2019-03-30 20:29:51 #23 type.registry] 
New type java.util.Vector<domain.Question>

[2019-03-30 20:29:51 #24 type.registry] 
New type java.util.Vector<java.lang.Object>

------------------------------------------------------------------------------------------------------------------------

[2019-03-30 20:35:24 #1 store] 
Database 'C:\Users\pedro\Desktop\IS-Proiektua_(Bets)\resources\bets.temp' is opened by 7368@DESKTOP-VA4LKSU

[2019-03-30 20:35:24 #2 type.registry] 
New type domain.User

[2019-03-30 20:35:24 #3 type.registry] 
New type domain.Langilea

[2019-03-30 20:35:24 #4 type] 
Type domain.User is not enhanced.

[2019-03-30 20:35:24 #5 type] 
Type domain.Langilea is not enhanced.

[2019-03-30 20:35:25 #6 type.registry] 
New type domain.Erabiltzailea

[2019-03-30 20:35:25 #7 type] 
Type domain.Erabiltzailea is not enhanced.

[2019-03-30 20:35:25 #8 type.registry] 
New type domain.Mugimendua

[2019-03-30 20:35:25 #9 type.registry] 
New type java.util.Vector<domain.Mugimendua>

[2019-03-30 20:35:25 #10 type] 
Type domain.Mugimendua is not enhanced.

[2019-03-30 20:35:25 #11 type.registry] 
New type domain.Admin

[2019-03-30 20:35:25 #12 type] 
Type domain.Admin is not enhanced.

[2019-03-30 20:35:25 #13 type.registry] 
New type domain.Result

[2019-03-30 20:35:25 #14 type] 
Type domain.Result is not enhanced.

[2019-03-30 20:35:25 #15 type.registry] 
New type domain.Question

[2019-03-30 20:35:25 #16 type.registry] 
New type domain.Bet

[2019-03-30 20:35:25 #17 type.registry] 
New type java.util.Vector<domain.Bet>

[2019-03-30 20:35:25 #18 type] 
Type domain.Question is not enhanced.

[2019-03-30 20:35:25 #19 type.registry] 
New type domain.Event

[2019-03-30 20:35:25 #20 type.registry] 
New type java.util.Vector<domain.Result>

[2019-03-30 20:35:25 #21 type] 
Type domain.Bet is not enhanced.

[2019-03-30 20:35:25 #22 type] 
Type domain.Event is not enhanced.

[2019-03-30 20:35:25 #23 type.registry] 
New type java.util.Vector<domain.Question>

[2019-03-30 20:35:25 #24 type.registry] 
New type java.util.Vector<java.lang.Object>

------------------------------------------------------------------------------------------------------------------------

[2019-03-30 20:38:13 #1 store] 
Database 'C:\Users\pedro\Desktop\IS-Proiektua_(Bets)\resources\bets.temp' is opened by 4280@DESKTOP-VA4LKSU

[2019-03-30 20:38:14 #2 type.registry] 
New type domain.User

[2019-03-30 20:38:14 #3 type.registry] 
New type domain.Langilea

[2019-03-30 20:38:14 #4 type] 
Type domain.User is not enhanced.

[2019-03-30 20:38:14 #5 type] 
Type domain.Langilea is not enhanced.

[2019-03-30 20:38:14 #6 type.registry] 
New type domain.Erabiltzailea

[2019-03-30 20:38:14 #7 type] 
Type domain.Erabiltzailea is not enhanced.

[2019-03-30 20:38:14 #8 type.registry] 
New type domain.Mugimendua

[2019-03-30 20:38:14 #9 type.registry] 
New type java.util.Vector<domain.Mugimendua>

[2019-03-30 20:38:14 #10 type] 
Type domain.Mugimendua is not enhanced.

[2019-03-30 20:38:14 #11 type.registry] 
New type domain.Admin

[2019-03-30 20:38:14 #12 type] 
Type domain.Admin is not enhanced.

[2019-03-30 20:38:14 #13 type.registry] 
New type domain.Result

[2019-03-30 20:38:14 #14 type] 
Type domain.Result is not enhanced.

[2019-03-30 20:38:14 #15 type.registry] 
New type domain.Question

[2019-03-30 20:38:14 #16 type.registry] 
New type domain.Bet

[2019-03-30 20:38:14 #17 type.registry] 
New type java.util.Vector<domain.Bet>

[2019-03-30 20:38:14 #18 type] 
Type domain.Question is not enhanced.

[2019-03-30 20:38:14 #19 type.registry] 
New type domain.Event

[2019-03-30 20:38:14 #20 type.registry] 
New type java.util.Vector<domain.Result>

[2019-03-30 20:38:14 #21 type] 
Type domain.Bet is not enhanced.

[2019-03-30 20:38:14 #22 type] 
Type domain.Event is not enhanced.

[2019-03-30 20:38:14 #23 type.registry] 
New type java.util.Vector<domain.Question>

[2019-03-30 20:38:14 #24 type.registry] 
New type java.util.Vector<java.lang.Object>

------------------------------------------------------------------------------------------------------------------------

[2019-03-30 20:43:56 #1 store] 
Database 'C:\Users\pedro\Desktop\IS-Proiektua_(Bets)\resources\bets.temp' is opened by 7968@DESKTOP-VA4LKSU

[2019-03-30 20:43:56 #2 type.registry] 
New type domain.User

[2019-03-30 20:43:56 #3 type.registry] 
New type domain.Langilea

[2019-03-30 20:43:56 #4 type] 
Type domain.User is not enhanced.

[2019-03-30 20:43:56 #5 type] 
Type domain.Langilea is not enhanced.

[2019-03-30 20:43:56 #6 type.registry] 
New type domain.Erabiltzailea

[2019-03-30 20:43:56 #7 type] 
Type domain.Erabiltzailea is not enhanced.

[2019-03-30 20:43:56 #8 type.registry] 
New type domain.Mugimendua

[2019-03-30 20:43:56 #9 type.registry] 
New type java.util.Vector<domain.Mugimendua>

[2019-03-30 20:43:56 #10 type] 
Type domain.Mugimendua is not enhanced.

[2019-03-30 20:43:56 #11 type.registry] 
New type domain.Admin

[2019-03-30 20:43:56 #12 type] 
Type domain.Admin is not enhanced.

[2019-03-30 20:43:56 #13 type.registry] 
New type domain.Result

[2019-03-30 20:43:56 #14 type] 
Type domain.Result is not enhanced.

[2019-03-30 20:43:56 #15 type.registry] 
New type domain.Question

[2019-03-30 20:43:56 #16 type.registry] 
New type domain.Bet

[2019-03-30 20:43:56 #17 type.registry] 
New type java.util.Vector<domain.Bet>

[2019-03-30 20:43:56 #18 type] 
Type domain.Question is not enhanced.

[2019-03-30 20:43:56 #19 type.registry] 
New type domain.Event

[2019-03-30 20:43:56 #20 type.registry] 
New type java.util.Vector<domain.Result>

[2019-03-30 20:43:56 #21 type] 
Type domain.Bet is not enhanced.

[2019-03-30 20:43:56 #22 type] 
Type domain.Event is not enhanced.

[2019-03-30 20:43:56 #23 type.registry] 
New type java.util.Vector<domain.Question>

[2019-03-30 20:43:56 #24 type.registry] 
New type java.util.Vector<java.lang.Object>

------------------------------------------------------------------------------------------------------------------------

[2019-03-30 20:54:57 #1 store] 
Database 'C:\Users\pedro\Desktop\IS-Proiektua_(Bets)\resources\bets.temp' is opened by 4076@DESKTOP-VA4LKSU

[2019-03-30 20:54:58 #2 type.registry] 
New type domain.User

[2019-03-30 20:54:58 #3 type.registry] 
New type domain.Langilea

[2019-03-30 20:54:58 #4 type] 
Type domain.User is not enhanced.

[2019-03-30 20:54:58 #5 type] 
Type domain.Langilea is not enhanced.

[2019-03-30 20:54:58 #6 type.registry] 
New type domain.Erabiltzailea

[2019-03-30 20:54:58 #7 type] 
Type domain.Erabiltzailea is not enhanced.

[2019-03-30 20:54:58 #8 type.registry] 
New type domain.Mugimendua

[2019-03-30 20:54:58 #9 type.registry] 
New type java.util.Vector<domain.Mugimendua>

[2019-03-30 20:54:58 #10 type] 
Type domain.Mugimendua is not enhanced.

[2019-03-30 20:54:58 #11 type.registry] 
New type domain.Admin

[2019-03-30 20:54:58 #12 type] 
Type domain.Admin is not enhanced.

[2019-03-30 20:54:58 #13 type.registry] 
New type domain.Result

[2019-03-30 20:54:58 #14 type] 
Type domain.Result is not enhanced.

[2019-03-30 20:54:58 #15 type.registry] 
New type domain.Question

[2019-03-30 20:54:58 #16 type.registry] 
New type domain.Bet

[2019-03-30 20:54:58 #17 type.registry] 
New type java.util.Vector<domain.Bet>

[2019-03-30 20:54:58 #18 type] 
Type domain.Question is not enhanced.

[2019-03-30 20:54:58 #19 type.registry] 
New type domain.Event

[2019-03-30 20:54:58 #20 type.registry] 
New type java.util.Vector<domain.Result>

[2019-03-30 20:54:58 #21 type] 
Type domain.Bet is not enhanced.

[2019-03-30 20:54:58 #22 type] 
Type domain.Event is not enhanced.

[2019-03-30 20:54:58 #23 type.registry] 
New type java.util.Vector<domain.Question>

[2019-03-30 20:54:58 #24 type.registry] 
New type java.util.Vector<java.lang.Object>

------------------------------------------------------------------------------------------------------------------------

[2019-03-30 20:57:23 #1 store] 
Database 'C:\Users\pedro\Desktop\IS-Proiektua_(Bets)\resources\bets.temp' is opened by 4820@DESKTOP-VA4LKSU

[2019-03-30 20:57:24 #2 type.registry] 
New type domain.User

[2019-03-30 20:57:24 #3 type.registry] 
New type domain.Langilea

[2019-03-30 20:57:24 #4 type] 
Type domain.User is not enhanced.

[2019-03-30 20:57:24 #5 type] 
Type domain.Langilea is not enhanced.

[2019-03-30 20:57:24 #6 type.registry] 
New type domain.Erabiltzailea

[2019-03-30 20:57:24 #7 type] 
Type domain.Erabiltzailea is not enhanced.

[2019-03-30 20:57:24 #8 type.registry] 
New type domain.Mugimendua

[2019-03-30 20:57:24 #9 type.registry] 
New type java.util.Vector<domain.Mugimendua>

[2019-03-30 20:57:24 #10 type] 
Type domain.Mugimendua is not enhanced.

[2019-03-30 20:57:24 #11 type.registry] 
New type domain.Admin

[2019-03-30 20:57:24 #12 type] 
Type domain.Admin is not enhanced.

[2019-03-30 20:57:24 #13 type.registry] 
New type domain.Result

[2019-03-30 20:57:24 #14 type] 
Type domain.Result is not enhanced.

[2019-03-30 20:57:24 #15 type.registry] 
New type domain.Question

[2019-03-30 20:57:24 #16 type.registry] 
New type domain.Bet

[2019-03-30 20:57:24 #17 type.registry] 
New type java.util.Vector<domain.Bet>

[2019-03-30 20:57:24 #18 type] 
Type domain.Question is not enhanced.

[2019-03-30 20:57:24 #19 type.registry] 
New type domain.Event

[2019-03-30 20:57:24 #20 type.registry] 
New type java.util.Vector<domain.Result>

[2019-03-30 20:57:24 #21 type] 
Type domain.Bet is not enhanced.

[2019-03-30 20:57:24 #22 type] 
Type domain.Event is not enhanced.

[2019-03-30 20:57:24 #23 type.registry] 
New type java.util.Vector<domain.Question>

[2019-03-30 20:57:24 #24 type.registry] 
New type java.util.Vector<java.lang.Object>

------------------------------------------------------------------------------------------------------------------------

[2019-03-30 20:58:37 #1 store] 
Database 'C:\Users\pedro\Desktop\IS-Proiektua_(Bets)\resources\bets.temp' is opened by 6304@DESKTOP-VA4LKSU

[2019-03-30 20:58:37 #2 type.registry] 
New type domain.User

[2019-03-30 20:58:37 #3 type.registry] 
New type domain.Langilea

[2019-03-30 20:58:37 #4 type] 
Type domain.User is not enhanced.

[2019-03-30 20:58:37 #5 type] 
Type domain.Langilea is not enhanced.

[2019-03-30 20:58:37 #6 type.registry] 
New type domain.Erabiltzailea

[2019-03-30 20:58:37 #7 type] 
Type domain.Erabiltzailea is not enhanced.

[2019-03-30 20:58:37 #8 type.registry] 
New type domain.Mugimendua

[2019-03-30 20:58:38 #9 type.registry] 
New type java.util.Vector<domain.Mugimendua>

[2019-03-30 20:58:38 #10 type] 
Type domain.Mugimendua is not enhanced.

[2019-03-30 20:58:38 #11 type.registry] 
New type domain.Admin

[2019-03-30 20:58:38 #12 type] 
Type domain.Admin is not enhanced.

[2019-03-30 20:58:38 #13 type.registry] 
New type domain.Result

[2019-03-30 20:58:38 #14 type] 
Type domain.Result is not enhanced.

[2019-03-30 20:58:38 #15 type.registry] 
New type domain.Question

[2019-03-30 20:58:38 #16 type.registry] 
New type domain.Bet

[2019-03-30 20:58:38 #17 type.registry] 
New type java.util.Vector<domain.Bet>

[2019-03-30 20:58:38 #18 type] 
Type domain.Question is not enhanced.

[2019-03-30 20:58:38 #19 type.registry] 
New type domain.Event

[2019-03-30 20:58:38 #20 type.registry] 
New type java.util.Vector<domain.Result>

[2019-03-30 20:58:38 #21 type] 
Type domain.Bet is not enhanced.

[2019-03-30 20:58:38 #22 type] 
Type domain.Event is not enhanced.

[2019-03-30 20:58:38 #23 type.registry] 
New type java.util.Vector<domain.Question>

[2019-03-30 20:58:38 #24 type.registry] 
New type java.util.Vector<java.lang.Object>

------------------------------------------------------------------------------------------------------------------------

[2019-03-30 20:58:51 #1 store] 
Database 'C:\Users\pedro\Desktop\IS-Proiektua_(Bets)\resources\bets.temp' is opened by 3092@DESKTOP-VA4LKSU

[2019-03-30 20:58:52 #2 type.registry] 
New type domain.User

[2019-03-30 20:58:52 #3 type.registry] 
New type domain.Langilea

[2019-03-30 20:58:52 #4 type] 
Type domain.User is not enhanced.

[2019-03-30 20:58:52 #5 type] 
Type domain.Langilea is not enhanced.

[2019-03-30 20:58:52 #6 type.registry] 
New type domain.Erabiltzailea

[2019-03-30 20:58:52 #7 type] 
Type domain.Erabiltzailea is not enhanced.

[2019-03-30 20:58:52 #8 type.registry] 
New type domain.Mugimendua

[2019-03-30 20:58:52 #9 type.registry] 
New type java.util.Vector<domain.Mugimendua>

[2019-03-30 20:58:52 #10 type] 
Type domain.Mugimendua is not enhanced.

[2019-03-30 20:58:52 #11 type.registry] 
New type domain.Admin

[2019-03-30 20:58:52 #12 type] 
Type domain.Admin is not enhanced.

[2019-03-30 20:58:52 #13 type.registry] 
New type domain.Result

[2019-03-30 20:58:52 #14 type] 
Type domain.Result is not enhanced.

[2019-03-30 20:58:52 #15 type.registry] 
New type domain.Question

[2019-03-30 20:58:52 #16 type.registry] 
New type domain.Bet

[2019-03-30 20:58:52 #17 type.registry] 
New type java.util.Vector<domain.Bet>

[2019-03-30 20:58:52 #18 type] 
Type domain.Question is not enhanced.

[2019-03-30 20:58:52 #19 type.registry] 
New type domain.Event

[2019-03-30 20:58:52 #20 type.registry] 
New type java.util.Vector<domain.Result>

[2019-03-30 20:58:52 #21 type] 
Type domain.Bet is not enhanced.

[2019-03-30 20:58:52 #22 type] 
Type domain.Event is not enhanced.

[2019-03-30 20:58:52 #23 type.registry] 
New type java.util.Vector<domain.Question>

[2019-03-30 20:58:52 #24 type.registry] 
New type java.util.Vector<java.lang.Object>

------------------------------------------------------------------------------------------------------------------------

[2019-03-30 20:59:21 #1 store] 
Database 'C:\Users\pedro\Desktop\IS-Proiektua_(Bets)\resources\bets.temp' is opened by 3208@DESKTOP-VA4LKSU

[2019-03-30 20:59:21 #2 type.registry] 
New type domain.User

[2019-03-30 20:59:21 #3 type.registry] 
New type domain.Langilea

[2019-03-30 20:59:21 #4 type] 
Type domain.User is not enhanced.

[2019-03-30 20:59:21 #5 type] 
Type domain.Langilea is not enhanced.

[2019-03-30 20:59:21 #6 type.registry] 
New type domain.Erabiltzailea

[2019-03-30 20:59:21 #7 type] 
Type domain.Erabiltzailea is not enhanced.

[2019-03-30 20:59:21 #8 type.registry] 
New type domain.Mugimendua

[2019-03-30 20:59:21 #9 type.registry] 
New type java.util.Vector<domain.Mugimendua>

[2019-03-30 20:59:21 #10 type] 
Type domain.Mugimendua is not enhanced.

[2019-03-30 20:59:21 #11 type.registry] 
New type domain.Admin

[2019-03-30 20:59:21 #12 type] 
Type domain.Admin is not enhanced.

[2019-03-30 20:59:22 #13 type.registry] 
New type domain.Result

[2019-03-30 20:59:22 #14 type] 
Type domain.Result is not enhanced.

[2019-03-30 20:59:22 #15 type.registry] 
New type domain.Question

[2019-03-30 20:59:22 #16 type.registry] 
New type domain.Bet

[2019-03-30 20:59:22 #17 type.registry] 
New type java.util.Vector<domain.Bet>

[2019-03-30 20:59:22 #18 type] 
Type domain.Question is not enhanced.

[2019-03-30 20:59:22 #19 type.registry] 
New type domain.Event

[2019-03-30 20:59:22 #20 type.registry] 
New type java.util.Vector<domain.Result>

[2019-03-30 20:59:22 #21 type] 
Type domain.Bet is not enhanced.

[2019-03-30 20:59:22 #22 type] 
Type domain.Event is not enhanced.

[2019-03-30 20:59:22 #23 type.registry] 
New type java.util.Vector<domain.Question>

[2019-03-30 20:59:22 #24 type.registry] 
New type java.util.Vector<java.lang.Object>

------------------------------------------------------------------------------------------------------------------------

[2019-03-30 21:04:06 #1 store] 
Database 'C:\Users\pedro\Desktop\IS-Proiektua_(Bets)\resources\bets.temp' is opened by 2604@DESKTOP-VA4LKSU

[2019-03-30 21:04:07 #2 type.registry] 
New type domain.User

[2019-03-30 21:04:07 #3 type.registry] 
New type domain.Langilea

[2019-03-30 21:04:07 #4 type] 
Type domain.User is not enhanced.

[2019-03-30 21:04:07 #5 type] 
Type domain.Langilea is not enhanced.

[2019-03-30 21:04:07 #6 type.registry] 
New type domain.Erabiltzailea

[2019-03-30 21:04:07 #7 type] 
Type domain.Erabiltzailea is not enhanced.

[2019-03-30 21:04:07 #8 type.registry] 
New type domain.Mugimendua

[2019-03-30 21:04:07 #9 type.registry] 
New type java.util.Vector<domain.Mugimendua>

[2019-03-30 21:04:07 #10 type] 
Type domain.Mugimendua is not enhanced.

[2019-03-30 21:04:07 #11 type.registry] 
New type domain.Admin

[2019-03-30 21:04:07 #12 type] 
Type domain.Admin is not enhanced.

[2019-03-30 21:04:07 #13 type.registry] 
New type domain.Result

[2019-03-30 21:04:07 #14 type] 
Type domain.Result is not enhanced.

[2019-03-30 21:04:07 #15 type.registry] 
New type domain.Question

[2019-03-30 21:04:07 #16 type.registry] 
New type domain.Bet

[2019-03-30 21:04:07 #17 type.registry] 
New type java.util.Vector<domain.Bet>

[2019-03-30 21:04:07 #18 type] 
Type domain.Question is not enhanced.

[2019-03-30 21:04:07 #19 type.registry] 
New type domain.Event

[2019-03-30 21:04:07 #20 type.registry] 
New type java.util.Vector<domain.Result>

[2019-03-30 21:04:07 #21 type] 
Type domain.Bet is not enhanced.

[2019-03-30 21:04:07 #22 type] 
Type domain.Event is not enhanced.

[2019-03-30 21:04:07 #23 type.registry] 
New type java.util.Vector<domain.Question>

[2019-03-30 21:04:07 #24 type.registry] 
New type java.util.Vector<java.lang.Object>

------------------------------------------------------------------------------------------------------------------------

[2019-03-30 21:38:29 #1 store] 
Database 'C:\Users\pedro\Desktop\IS-Proiektua_(Bets)\resources\bets.temp' is opened by 3796@DESKTOP-VA4LKSU

[2019-03-30 21:38:30 #2 type.registry] 
New type domain.User

[2019-03-30 21:38:30 #3 type.registry] 
New type domain.Langilea

[2019-03-30 21:38:30 #4 type] 
Type domain.User is not enhanced.

[2019-03-30 21:38:30 #5 type] 
Type domain.Langilea is not enhanced.

[2019-03-30 21:38:30 #6 type.registry] 
New type domain.Erabiltzailea

[2019-03-30 21:38:30 #7 type] 
Type domain.Erabiltzailea is not enhanced.

[2019-03-30 21:38:30 #8 type.registry] 
New type domain.Mugimendua

[2019-03-30 21:38:30 #9 type.registry] 
New type java.util.Vector<domain.Mugimendua>

[2019-03-30 21:38:30 #10 type] 
Type domain.Mugimendua is not enhanced.

[2019-03-30 21:38:30 #11 type.registry] 
New type domain.Admin

[2019-03-30 21:38:30 #12 type] 
Type domain.Admin is not enhanced.

[2019-03-30 21:38:30 #13 type.registry] 
New type domain.Result

[2019-03-30 21:38:30 #14 type] 
Type domain.Result is not enhanced.

[2019-03-30 21:38:30 #15 type.registry] 
New type domain.Question

[2019-03-30 21:38:30 #16 type.registry] 
New type domain.Bet

[2019-03-30 21:38:30 #17 type.registry] 
New type java.util.Vector<domain.Bet>

[2019-03-30 21:38:30 #18 type] 
Type domain.Question is not enhanced.

[2019-03-30 21:38:30 #19 type.registry] 
New type domain.Event

[2019-03-30 21:38:30 #20 type.registry] 
New type java.util.Vector<domain.Result>

[2019-03-30 21:38:30 #21 type] 
Type domain.Bet is not enhanced.

[2019-03-30 21:38:30 #22 type] 
Type domain.Event is not enhanced.

[2019-03-30 21:38:30 #23 type.registry] 
New type java.util.Vector<domain.Question>

[2019-03-30 21:38:30 #24 type.registry] 
New type java.util.Vector<java.lang.Object>

------------------------------------------------------------------------------------------------------------------------

[2019-03-30 21:39:37 #1 store] 
Database 'C:\Users\pedro\Desktop\IS-Proiektua_(Bets)\resources\bets.temp' is opened by 7308@DESKTOP-VA4LKSU

[2019-03-30 21:39:38 #2 type.registry] 
New type domain.User

[2019-03-30 21:39:38 #3 type.registry] 
New type domain.Langilea

[2019-03-30 21:39:38 #4 type] 
Type domain.User is not enhanced.

[2019-03-30 21:39:38 #5 type] 
Type domain.Langilea is not enhanced.

[2019-03-30 21:39:38 #6 type.registry] 
New type domain.Erabiltzailea

[2019-03-30 21:39:38 #7 type] 
Type domain.Erabiltzailea is not enhanced.

[2019-03-30 21:39:38 #8 type.registry] 
New type domain.Mugimendua

[2019-03-30 21:39:38 #9 type.registry] 
New type java.util.Vector<domain.Mugimendua>

[2019-03-30 21:39:38 #10 type] 
Type domain.Mugimendua is not enhanced.

[2019-03-30 21:39:38 #11 type.registry] 
New type domain.Admin

[2019-03-30 21:39:38 #12 type] 
Type domain.Admin is not enhanced.

[2019-03-30 21:39:38 #13 type.registry] 
New type domain.Result

[2019-03-30 21:39:38 #14 type] 
Type domain.Result is not enhanced.

[2019-03-30 21:39:38 #15 type.registry] 
New type domain.Question

[2019-03-30 21:39:38 #16 type.registry] 
New type domain.Bet

[2019-03-30 21:39:38 #17 type.registry] 
New type java.util.Vector<domain.Bet>

[2019-03-30 21:39:38 #18 type] 
Type domain.Question is not enhanced.

[2019-03-30 21:39:38 #19 type.registry] 
New type domain.Event

[2019-03-30 21:39:38 #20 type.registry] 
New type java.util.Vector<domain.Result>

[2019-03-30 21:39:38 #21 type] 
Type domain.Bet is not enhanced.

[2019-03-30 21:39:38 #22 type] 
Type domain.Event is not enhanced.

[2019-03-30 21:39:38 #23 type.registry] 
New type java.util.Vector<domain.Question>

[2019-03-30 21:39:38 #24 type.registry] 
New type java.util.Vector<java.lang.Object>

------------------------------------------------------------------------------------------------------------------------

[2019-03-30 22:30:33 #1 store] 
Database 'C:\Users\pedro\Desktop\IS-Proiektua_(Bets)\resources\bets.temp' is opened by 9456@DESKTOP-VA4LKSU

[2019-03-30 22:30:34 #2 type.registry] 
New type domain.User

[2019-03-30 22:30:34 #3 type.registry] 
New type domain.Langilea

[2019-03-30 22:30:34 #4 type] 
Type domain.User is not enhanced.

[2019-03-30 22:30:34 #5 type] 
Type domain.Langilea is not enhanced.

[2019-03-30 22:30:34 #6 type.registry] 
New type domain.Erabiltzailea

[2019-03-30 22:30:34 #7 type] 
Type domain.Erabiltzailea is not enhanced.

[2019-03-30 22:30:34 #8 type.registry] 
New type domain.Mugimendua

[2019-03-30 22:30:34 #9 type.registry] 
New type java.util.Vector<domain.Mugimendua>

[2019-03-30 22:30:34 #10 type] 
Type domain.Mugimendua is not enhanced.

[2019-03-30 22:30:34 #11 type.registry] 
New type domain.Admin

[2019-03-30 22:30:34 #12 type] 
Type domain.Admin is not enhanced.

[2019-03-30 22:30:34 #13 type.registry] 
New type domain.Result

[2019-03-30 22:30:34 #14 type] 
Type domain.Result is not enhanced.

[2019-03-30 22:30:34 #15 type.registry] 
New type domain.Question

[2019-03-30 22:30:34 #16 type.registry] 
New type domain.Bet

[2019-03-30 22:30:34 #17 type.registry] 
New type java.util.Vector<domain.Bet>

[2019-03-30 22:30:34 #18 type] 
Type domain.Question is not enhanced.

[2019-03-30 22:30:34 #19 type.registry] 
New type domain.Event

[2019-03-30 22:30:34 #20 type.registry] 
New type java.util.Vector<domain.Result>

[2019-03-30 22:30:34 #21 type] 
Type domain.Bet is not enhanced.

[2019-03-30 22:30:34 #22 type] 
Type domain.Event is not enhanced.

[2019-03-30 22:30:34 #23 type.registry] 
New type java.util.Vector<domain.Question>

[2019-03-30 22:30:34 #24 type.registry] 
New type java.util.Vector<java.lang.Object>

------------------------------------------------------------------------------------------------------------------------

[2019-03-30 22:31:57 #1 store] 
Database 'C:\Users\pedro\Desktop\IS-Proiektua_(Bets)\resources\bets.temp' is opened by 6844@DESKTOP-VA4LKSU

[2019-03-30 22:31:58 #2 type.registry] 
New type domain.User

[2019-03-30 22:31:58 #3 type.registry] 
New type domain.Langilea

[2019-03-30 22:31:58 #4 type] 
Type domain.User is not enhanced.

[2019-03-30 22:31:58 #5 type] 
Type domain.Langilea is not enhanced.

[2019-03-30 22:31:58 #6 type.registry] 
New type domain.Erabiltzailea

[2019-03-30 22:31:58 #7 type] 
Type domain.Erabiltzailea is not enhanced.

[2019-03-30 22:31:58 #8 type.registry] 
New type domain.Mugimendua

[2019-03-30 22:31:58 #9 type.registry] 
New type java.util.Vector<domain.Mugimendua>

[2019-03-30 22:31:58 #10 type] 
Type domain.Mugimendua is not enhanced.

[2019-03-30 22:31:58 #11 type.registry] 
New type domain.Admin

[2019-03-30 22:31:58 #12 type] 
Type domain.Admin is not enhanced.

[2019-03-30 22:31:58 #13 type.registry] 
New type domain.Result

[2019-03-30 22:31:58 #14 type] 
Type domain.Result is not enhanced.

[2019-03-30 22:31:58 #15 type.registry] 
New type domain.Question

[2019-03-30 22:31:58 #16 type.registry] 
New type domain.Bet

[2019-03-30 22:31:58 #17 type.registry] 
New type java.util.Vector<domain.Bet>

[2019-03-30 22:31:58 #18 type] 
Type domain.Question is not enhanced.

[2019-03-30 22:31:58 #19 type.registry] 
New type domain.Event

[2019-03-30 22:31:58 #20 type.registry] 
New type java.util.Vector<domain.Result>

[2019-03-30 22:31:58 #21 type] 
Type domain.Bet is not enhanced.

[2019-03-30 22:31:58 #22 type] 
Type domain.Event is not enhanced.

[2019-03-30 22:31:58 #23 type.registry] 
New type java.util.Vector<domain.Question>

[2019-03-30 22:31:58 #24 type.registry] 
New type java.util.Vector<java.lang.Object>

------------------------------------------------------------------------------------------------------------------------

[2019-03-30 22:57:44 #1 store] 
Database 'C:\Users\pedro\Desktop\IS-Proiektua_(Bets)\resources\bets.temp' is opened by 7604@DESKTOP-VA4LKSU

[2019-03-30 22:57:45 #2 type.registry] 
New type domain.User

[2019-03-30 22:57:45 #3 type.registry] 
New type domain.Langilea

[2019-03-30 22:57:45 #4 type] 
Type domain.User is not enhanced.

[2019-03-30 22:57:45 #5 type] 
Type domain.Langilea is not enhanced.

[2019-03-30 22:57:45 #6 type.registry] 
New type domain.Erabiltzailea

[2019-03-30 22:57:45 #7 type] 
Type domain.Erabiltzailea is not enhanced.

[2019-03-30 22:57:45 #8 type.registry] 
New type domain.Mugimendua

[2019-03-30 22:57:45 #9 type.registry] 
New type java.util.Vector<domain.Mugimendua>

[2019-03-30 22:57:45 #10 type] 
Type domain.Mugimendua is not enhanced.

[2019-03-30 22:57:45 #11 type.registry] 
New type domain.Admin

[2019-03-30 22:57:45 #12 type] 
Type domain.Admin is not enhanced.

[2019-03-30 22:57:45 #13 type.registry] 
New type domain.Result

[2019-03-30 22:57:45 #14 type] 
Type domain.Result is not enhanced.

[2019-03-30 22:57:45 #15 type.registry] 
New type domain.Question

[2019-03-30 22:57:45 #16 type.registry] 
New type domain.Bet

[2019-03-30 22:57:45 #17 type.registry] 
New type java.util.Vector<domain.Bet>

[2019-03-30 22:57:45 #18 type] 
Type domain.Question is not enhanced.

[2019-03-30 22:57:45 #19 type.registry] 
New type domain.Event

[2019-03-30 22:57:45 #20 type.registry] 
New type java.util.Vector<domain.Result>

[2019-03-30 22:57:45 #21 type] 
Type domain.Bet is not enhanced.

[2019-03-30 22:57:45 #22 type] 
Type domain.Event is not enhanced.

[2019-03-30 22:57:45 #23 type.registry] 
New type java.util.Vector<domain.Question>

[2019-03-30 22:57:45 #24 type.registry] 
New type java.util.Vector<java.lang.Object>

------------------------------------------------------------------------------------------------------------------------

[2019-03-30 23:02:47 #1 store] 
Database 'C:\Users\pedro\Desktop\IS-Proiektua_(Bets)\resources\bets.temp' is opened by 3360@DESKTOP-VA4LKSU

[2019-03-30 23:02:48 #2 type.registry] 
New type domain.User

[2019-03-30 23:02:48 #3 type.registry] 
New type domain.Langilea

[2019-03-30 23:02:48 #4 type] 
Type domain.User is not enhanced.

[2019-03-30 23:02:48 #5 type] 
Type domain.Langilea is not enhanced.

[2019-03-30 23:02:48 #6 type.registry] 
New type domain.Erabiltzailea

[2019-03-30 23:02:48 #7 type] 
Type domain.Erabiltzailea is not enhanced.

[2019-03-30 23:02:48 #8 type.registry] 
New type domain.Mugimendua

[2019-03-30 23:02:48 #9 type.registry] 
New type java.util.Vector<domain.Mugimendua>

[2019-03-30 23:02:48 #10 type] 
Type domain.Mugimendua is not enhanced.

[2019-03-30 23:02:48 #11 type.registry] 
New type domain.Admin

[2019-03-30 23:02:48 #12 type] 
Type domain.Admin is not enhanced.

[2019-03-30 23:02:48 #13 type.registry] 
New type domain.Result

[2019-03-30 23:02:48 #14 type] 
Type domain.Result is not enhanced.

[2019-03-30 23:02:48 #15 type.registry] 
New type domain.Question

[2019-03-30 23:02:48 #16 type.registry] 
New type domain.Bet

[2019-03-30 23:02:48 #17 type.registry] 
New type java.util.Vector<domain.Bet>

[2019-03-30 23:02:48 #18 type] 
Type domain.Question is not enhanced.

[2019-03-30 23:02:48 #19 type.registry] 
New type domain.Event

[2019-03-30 23:02:48 #20 type.registry] 
New type java.util.Vector<domain.Result>

[2019-03-30 23:02:48 #21 type] 
Type domain.Bet is not enhanced.

[2019-03-30 23:02:48 #22 type] 
Type domain.Event is not enhanced.

[2019-03-30 23:02:48 #23 type.registry] 
New type java.util.Vector<domain.Question>

[2019-03-30 23:02:48 #24 type.registry] 
New type java.util.Vector<java.lang.Object>

------------------------------------------------------------------------------------------------------------------------

[2019-03-30 23:37:03 #1 store] 
Database 'C:\Users\pedro\Desktop\IS-Proiektua_(Bets)\resources\bets.temp' is opened by 2664@DESKTOP-VA4LKSU

[2019-03-30 23:37:03 #2 type.registry] 
New type domain.User

[2019-03-30 23:37:03 #3 type.registry] 
New type domain.Langilea

[2019-03-30 23:37:03 #4 type] 
Type domain.User is not enhanced.

[2019-03-30 23:37:04 #5 type] 
Type domain.Langilea is not enhanced.

[2019-03-30 23:37:04 #6 type.registry] 
New type domain.Erabiltzailea

[2019-03-30 23:37:04 #7 type] 
Type domain.Erabiltzailea is not enhanced.

[2019-03-30 23:37:04 #8 type.registry] 
New type domain.Mugimendua

[2019-03-30 23:37:04 #9 type.registry] 
New type java.util.Vector<domain.Mugimendua>

[2019-03-30 23:37:04 #10 type] 
Type domain.Mugimendua is not enhanced.

[2019-03-30 23:37:04 #11 type.registry] 
New type domain.Admin

[2019-03-30 23:37:04 #12 type] 
Type domain.Admin is not enhanced.

[2019-03-30 23:37:04 #13 type.registry] 
New type domain.Result

[2019-03-30 23:37:04 #14 type] 
Type domain.Result is not enhanced.

[2019-03-30 23:37:04 #15 type.registry] 
New type domain.Question

[2019-03-30 23:37:04 #16 type.registry] 
New type domain.Bet

[2019-03-30 23:37:04 #17 type.registry] 
New type java.util.Vector<domain.Bet>

[2019-03-30 23:37:04 #18 type] 
Type domain.Question is not enhanced.

[2019-03-30 23:37:04 #19 type.registry] 
New type domain.Event

[2019-03-30 23:37:04 #20 type.registry] 
New type java.util.Vector<domain.Result>

[2019-03-30 23:37:04 #21 type] 
Type domain.Bet is not enhanced.

[2019-03-30 23:37:04 #22 type] 
Type domain.Event is not enhanced.

[2019-03-30 23:37:04 #23 type.registry] 
New type java.util.Vector<domain.Question>

[2019-03-30 23:37:04 #24 type.registry] 
New type java.util.Vector<java.lang.Object>

------------------------------------------------------------------------------------------------------------------------

[2019-03-30 23:40:02 #1 store] 
Database 'C:\Users\pedro\Desktop\IS-Proiektua_(Bets)\resources\bets.temp' is opened by 4760@DESKTOP-VA4LKSU

[2019-03-30 23:40:03 #2 type.registry] 
New type domain.User

[2019-03-30 23:40:03 #3 type.registry] 
New type domain.Langilea

[2019-03-30 23:40:03 #4 type] 
Type domain.User is not enhanced.

[2019-03-30 23:40:03 #5 type] 
Type domain.Langilea is not enhanced.

[2019-03-30 23:40:03 #6 type.registry] 
New type domain.Erabiltzailea

[2019-03-30 23:40:03 #7 type] 
Type domain.Erabiltzailea is not enhanced.

[2019-03-30 23:40:03 #8 type.registry] 
New type domain.Mugimendua

[2019-03-30 23:40:03 #9 type.registry] 
New type java.util.Vector<domain.Mugimendua>

[2019-03-30 23:40:03 #10 type] 
Type domain.Mugimendua is not enhanced.

[2019-03-30 23:40:03 #11 type.registry] 
New type domain.Admin

[2019-03-30 23:40:03 #12 type] 
Type domain.Admin is not enhanced.

[2019-03-30 23:40:03 #13 type.registry] 
New type domain.Result

[2019-03-30 23:40:03 #14 type] 
Type domain.Result is not enhanced.

[2019-03-30 23:40:03 #15 type.registry] 
New type domain.Question

[2019-03-30 23:40:03 #16 type.registry] 
New type domain.Bet

[2019-03-30 23:40:03 #17 type.registry] 
New type java.util.Vector<domain.Bet>

[2019-03-30 23:40:03 #18 type] 
Type domain.Question is not enhanced.

[2019-03-30 23:40:03 #19 type.registry] 
New type domain.Event

[2019-03-30 23:40:03 #20 type.registry] 
New type java.util.Vector<domain.Result>

[2019-03-30 23:40:03 #21 type] 
Type domain.Bet is not enhanced.

[2019-03-30 23:40:03 #22 type] 
Type domain.Event is not enhanced.

[2019-03-30 23:40:03 #23 type.registry] 
New type java.util.Vector<domain.Question>

[2019-03-30 23:40:03 #24 type.registry] 
New type java.util.Vector<java.lang.Object>

