------------------------------------------------------------------------------------------------------------------------

[2019-03-03 15:15:04 #1 store] 
Database 'C:\Users\david\Desktop\Eclipse-Projects\Login_Register_Motak(Extends)\resources\bets.temp' is opened by 3868@MSI

[2019-03-03 15:15:04 #2 type] 
Type domain.Question is not enhanced.

[2019-03-03 15:15:04 #3 type] 
Type domain.Event is not enhanced.

[2019-03-03 15:15:04 #4 type] 
Type domain.User is not enhanced.

[2019-03-03 15:15:04 #5 type] 
Type domain.Erabiltzailea is not enhanced.

[2019-03-03 15:15:04 #6 type] 
Type domain.Admin is not enhanced.

[2019-03-03 15:15:04 #7 type] 
Type domain.Langilea is not enhanced.

------------------------------------------------------------------------------------------------------------------------

[2019-03-03 15:31:40 #1 store] 
Database 'C:\Users\david\Desktop\Eclipse-Projects\Login_Register_Motak(Extends)\resources\bets.temp' is opened by 7260@MSI

[2019-03-03 15:31:41 #2 type] 
Type domain.Question is not enhanced.

[2019-03-03 15:31:41 #3 type] 
Type domain.Event is not enhanced.

[2019-03-03 15:31:41 #4 type] 
Type domain.User is not enhanced.

[2019-03-03 15:31:41 #5 type] 
Type domain.Erabiltzailea is not enhanced.

[2019-03-03 15:31:41 #6 type] 
Type domain.Admin is not enhanced.

[2019-03-03 15:31:41 #7 type] 
Type domain.Langilea is not enhanced.

------------------------------------------------------------------------------------------------------------------------

[2019-03-03 15:47:29 #1 store] 
Database 'C:\Users\david\Desktop\Eclipse-Projects\Login_Register_Motak(Extends)\resources\bets.temp' is opened by 11812@MSI

[2019-03-03 15:47:29 #2 type] 
Type domain.Question is not enhanced.

[2019-03-03 15:47:29 #3 type] 
Type domain.Event is not enhanced.

[2019-03-03 15:47:29 #4 type] 
Type domain.User is not enhanced.

[2019-03-03 15:47:29 #5 type] 
Type domain.Erabiltzailea is not enhanced.

[2019-03-03 15:47:29 #6 type] 
Type domain.Admin is not enhanced.

[2019-03-03 15:47:29 #7 type] 
Type domain.Langilea is not enhanced.

------------------------------------------------------------------------------------------------------------------------

[2019-03-03 16:03:00 #1 store] 
Database 'C:\Users\david\Desktop\Eclipse-Projects\Login_Register_Motak(Extends)\resources\bets.temp' is opened by 5212@MSI

[2019-03-03 16:03:00 #2 type] 
Type domain.Question is not enhanced.

[2019-03-03 16:03:00 #3 type] 
Type domain.Event is not enhanced.

[2019-03-03 16:03:00 #4 type] 
Type domain.User is not enhanced.

[2019-03-03 16:03:00 #5 type] 
Type domain.Erabiltzailea is not enhanced.

[2019-03-03 16:03:00 #6 type] 
Type domain.Admin is not enhanced.

[2019-03-03 16:03:00 #7 type] 
Type domain.Langilea is not enhanced.

------------------------------------------------------------------------------------------------------------------------

[2019-03-03 16:06:11 #1 store] 
Database 'C:\Users\david\Desktop\Eclipse-Projects\Login_Register_Motak(Extends)\resources\bets.temp' has been recovered (tr. 39-40)

[2019-03-03 16:06:11 #2 store] 
Database 'C:\Users\david\Desktop\Eclipse-Projects\Login_Register_Motak(Extends)\resources\bets.temp' is opened by 14752@MSI

[2019-03-03 16:06:11 #3 type] 
Type domain.Question is not enhanced.

[2019-03-03 16:06:11 #4 type] 
Type domain.Event is not enhanced.

[2019-03-03 16:06:11 #5 type] 
Type domain.User is not enhanced.

[2019-03-03 16:06:11 #6 type] 
Type domain.Erabiltzailea is not enhanced.

[2019-03-03 16:06:11 #7 type] 
Type domain.Admin is not enhanced.

[2019-03-03 16:06:11 #8 type] 
Type domain.Langilea is not enhanced.

------------------------------------------------------------------------------------------------------------------------

[2019-03-03 16:07:26 #1 store] 
Database 'C:\Users\david\Desktop\Eclipse-Projects\Login_Register_Motak(Extends)\resources\bets.temp' has been recovered (tr. 41-41)

[2019-03-03 16:07:26 #2 store] 
Database 'C:\Users\david\Desktop\Eclipse-Projects\Login_Register_Motak(Extends)\resources\bets.temp' is opened by 12372@MSI

[2019-03-03 16:07:26 #3 type] 
Type domain.Question is not enhanced.

[2019-03-03 16:07:26 #4 type] 
Type domain.Event is not enhanced.

[2019-03-03 16:07:26 #5 type] 
Type domain.User is not enhanced.

[2019-03-03 16:07:26 #6 type] 
Type domain.Erabiltzailea is not enhanced.

[2019-03-03 16:07:26 #7 type] 
Type domain.Admin is not enhanced.

[2019-03-03 16:07:26 #8 type] 
Type domain.Langilea is not enhanced.

------------------------------------------------------------------------------------------------------------------------

[2019-03-03 16:14:31 #1 store] 
Database 'C:\Users\david\Desktop\Eclipse-Projects\Login_Register_Motak(Extends)\resources\bets.temp' is opened by 460@MSI

[2019-03-03 16:14:31 #2 type] 
Type domain.Question is not enhanced.

[2019-03-03 16:14:31 #3 type] 
Type domain.Event is not enhanced.

[2019-03-03 16:14:31 #4 type] 
Type domain.User is not enhanced.

[2019-03-03 16:14:31 #5 type] 
Type domain.Erabiltzailea is not enhanced.

[2019-03-03 16:14:31 #6 type] 
Type domain.Admin is not enhanced.

[2019-03-03 16:14:31 #7 type] 
Type domain.Langilea is not enhanced.

------------------------------------------------------------------------------------------------------------------------

[2019-03-03 17:36:10 #1 store] 
Database 'C:\Users\david\Desktop\Eclipse-Projects\Login_Register_Motak(Extends)\resources\bets.temp' is opened by 11648@MSI

[2019-03-03 17:36:10 #2 type] 
Type domain.Question is not enhanced.

[2019-03-03 17:36:10 #3 type] 
Type domain.Event is not enhanced.

[2019-03-03 17:36:10 #4 type] 
Type domain.User is not enhanced.

[2019-03-03 17:36:10 #5 type] 
Type domain.Erabiltzailea is not enhanced.

[2019-03-03 17:36:10 #6 type] 
Type domain.Admin is not enhanced.

[2019-03-03 17:36:10 #7 type] 
Type domain.Langilea is not enhanced.

------------------------------------------------------------------------------------------------------------------------

[2019-03-03 17:36:58 #1 store] 
Database 'C:\Users\david\Desktop\Eclipse-Projects\Login_Register_Motak(Extends)\resources\bets.temp' is opened by 6072@MSI

[2019-03-03 17:36:58 #2 type] 
Type domain.Question is not enhanced.

[2019-03-03 17:36:58 #3 type] 
Type domain.Event is not enhanced.

[2019-03-03 17:36:58 #4 type] 
Type domain.User is not enhanced.

[2019-03-03 17:36:58 #5 type] 
Type domain.Erabiltzailea is not enhanced.

[2019-03-03 17:36:58 #6 type] 
Type domain.Admin is not enhanced.

[2019-03-03 17:36:58 #7 type] 
Type domain.Langilea is not enhanced.

------------------------------------------------------------------------------------------------------------------------

[2019-03-03 17:38:00 #1 store] 
Database 'C:\Users\david\Desktop\Eclipse-Projects\Login_Register_Motak(Extends)\resources\bets.temp' is opened by 9432@MSI

[2019-03-03 17:38:00 #2 type] 
Type domain.Question is not enhanced.

[2019-03-03 17:38:00 #3 type] 
Type domain.Event is not enhanced.

[2019-03-03 17:38:00 #4 type] 
Type domain.User is not enhanced.

[2019-03-03 17:38:00 #5 type] 
Type domain.Erabiltzailea is not enhanced.

[2019-03-03 17:38:00 #6 type] 
Type domain.Admin is not enhanced.

[2019-03-03 17:38:00 #7 type] 
Type domain.Langilea is not enhanced.

------------------------------------------------------------------------------------------------------------------------

[2019-03-03 17:42:57 #1 store] 
Database 'C:\Users\david\Desktop\Eclipse-Projects\Login_Register_Motak(Extends)\resources\bets.temp' is opened by 14916@MSI

[2019-03-03 17:42:57 #2 type] 
Type domain.Question is not enhanced.

[2019-03-03 17:42:57 #3 type] 
Type domain.Event is not enhanced.

[2019-03-03 17:42:57 #4 type] 
Type domain.User is not enhanced.

[2019-03-03 17:42:57 #5 type] 
Type domain.Erabiltzailea is not enhanced.

[2019-03-03 17:42:57 #6 type] 
Type domain.Admin is not enhanced.

[2019-03-03 17:42:57 #7 type] 
Type domain.Langilea is not enhanced.

------------------------------------------------------------------------------------------------------------------------

[2019-03-03 18:27:52 #1 store] 
Database 'C:\Users\Antonio\Desktop\Login_Register_Motak(Extends)\resources\bets.temp' is opened by 7456@Antonio-HP

[2019-03-03 18:27:52 #2 type] 
Type domain.Question is not enhanced.

[2019-03-03 18:27:52 #3 type] 
Type domain.Event is not enhanced.

[2019-03-03 18:27:52 #4 type] 
Type domain.User is not enhanced.

[2019-03-03 18:27:52 #5 type] 
Type domain.Erabiltzailea is not enhanced.

[2019-03-03 18:27:52 #6 type] 
Type domain.Admin is not enhanced.

[2019-03-03 18:27:52 #7 type] 
Type domain.Langilea is not enhanced.

