------------------------------------------------------------------------------------------------------------------------

[2019-02-28 12:37:54 #1 store] 
Database 'C:\Users\ehu\Desktop\Bets1\resources\bets.temp' is opened by 1980@U110196

[2019-02-28 12:37:54 #2 type.registry] 
New type domain.User

[2019-02-28 12:37:54 #3 type] 
Type domain.User is not enhanced.

[2019-02-28 12:37:54 #4 type.registry] 
New type domain.Question

[2019-02-28 12:37:54 #5 type] 
Type domain.Question is not enhanced.

[2019-02-28 12:37:54 #6 type.registry] 
New type domain.Event

[2019-02-28 12:37:54 #7 type] 
Type domain.Event is not enhanced.

[2019-02-28 12:37:54 #8 type.registry] 
New type java.util.Vector<domain.Question>

[2019-02-28 12:37:54 #9 type.registry] 
New type java.util.Vector<java.lang.Object>

------------------------------------------------------------------------------------------------------------------------

[2019-02-28 12:38:12 #1 store] 
Database 'C:\Users\ehu\Desktop\Bets1\resources\bets.temp' is opened by 10668@U110196

[2019-02-28 12:38:13 #2 type.registry] 
New type domain.User

[2019-02-28 12:38:13 #3 type] 
Type domain.User is not enhanced.

[2019-02-28 12:38:13 #4 type.registry] 
New type domain.Question

[2019-02-28 12:38:13 #5 type] 
Type domain.Question is not enhanced.

[2019-02-28 12:38:13 #6 type.registry] 
New type domain.Event

[2019-02-28 12:38:13 #7 type] 
Type domain.Event is not enhanced.

[2019-02-28 12:38:13 #8 type.registry] 
New type java.util.Vector<domain.Question>

[2019-02-28 12:38:13 #9 type.registry] 
New type java.util.Vector<java.lang.Object>

------------------------------------------------------------------------------------------------------------------------

[2019-02-28 12:38:33 #1 store] 
Database 'C:\Users\ehu\Desktop\Bets1\resources\bets.temp' is opened by 9916@U110196

[2019-02-28 12:38:33 #2 type.registry] 
New type domain.User

[2019-02-28 12:38:33 #3 type] 
Type domain.User is not enhanced.

[2019-02-28 12:38:33 #4 type.registry] 
New type domain.Question

[2019-02-28 12:38:33 #5 type] 
Type domain.Question is not enhanced.

[2019-02-28 12:38:33 #6 type.registry] 
New type domain.Event

[2019-02-28 12:38:33 #7 type] 
Type domain.Event is not enhanced.

[2019-02-28 12:38:33 #8 type.registry] 
New type java.util.Vector<domain.Question>

[2019-02-28 12:38:33 #9 type.registry] 
New type java.util.Vector<java.lang.Object>

------------------------------------------------------------------------------------------------------------------------

[2019-02-28 12:39:02 #1 store] 
Database 'C:\Users\ehu\Desktop\Bets1\resources\bets.temp' is opened by 9584@U110196

[2019-02-28 12:39:02 #2 type.registry] 
New type domain.User

[2019-02-28 12:39:02 #3 type] 
Type domain.User is not enhanced.

[2019-02-28 12:39:02 #4 type.registry] 
New type domain.Question

[2019-02-28 12:39:02 #5 type] 
Type domain.Question is not enhanced.

[2019-02-28 12:39:02 #6 type.registry] 
New type domain.Event

[2019-02-28 12:39:02 #7 type] 
Type domain.Event is not enhanced.

[2019-02-28 12:39:02 #8 type.registry] 
New type java.util.Vector<domain.Question>

[2019-02-28 12:39:02 #9 type.registry] 
New type java.util.Vector<java.lang.Object>

------------------------------------------------------------------------------------------------------------------------

[2019-02-28 12:40:21 #1 store] 
Database 'C:\Users\ehu\Desktop\Bets1\resources\bets.temp' is opened by 10092@U110196

[2019-02-28 12:40:21 #2 type.registry] 
New type domain.User

[2019-02-28 12:40:21 #3 type] 
Type domain.User is not enhanced.

[2019-02-28 12:40:21 #4 type.registry] 
New type domain.Question

[2019-02-28 12:40:21 #5 type] 
Type domain.Question is not enhanced.

[2019-02-28 12:40:21 #6 type.registry] 
New type domain.Event

[2019-02-28 12:40:21 #7 type] 
Type domain.Event is not enhanced.

[2019-02-28 12:40:21 #8 type.registry] 
New type java.util.Vector<domain.Question>

[2019-02-28 12:40:21 #9 type.registry] 
New type java.util.Vector<java.lang.Object>

------------------------------------------------------------------------------------------------------------------------

[2019-02-28 13:01:44 #1 store] 
Database 'C:\Users\ehu\Desktop\Bets1\resources\bets.temp' is opened by 3592@U110196

[2019-02-28 13:01:45 #2 type.registry] 
New type domain.User

[2019-02-28 13:01:45 #3 type] 
Type domain.User is not enhanced.

[2019-02-28 13:01:45 #4 type.registry] 
New type domain.Question

[2019-02-28 13:01:45 #5 type] 
Type domain.Question is not enhanced.

[2019-02-28 13:01:45 #6 type.registry] 
New type domain.Event

[2019-02-28 13:01:45 #7 type] 
Type domain.Event is not enhanced.

[2019-02-28 13:01:45 #8 type.registry] 
New type java.util.Vector<domain.Question>

[2019-02-28 13:01:45 #9 type.registry] 
New type java.util.Vector<java.lang.Object>

------------------------------------------------------------------------------------------------------------------------

[2019-02-28 13:08:51 #1 store] 
Database 'C:\Users\ehu\Desktop\Bets1\resources\bets.temp' is opened by 2448@U110196

[2019-02-28 13:08:51 #2 type.registry] 
New type domain.User

[2019-02-28 13:08:51 #3 type] 
Type domain.User is not enhanced.

[2019-02-28 13:08:51 #4 type.registry] 
New type domain.Question

[2019-02-28 13:08:51 #5 type] 
Type domain.Question is not enhanced.

[2019-02-28 13:08:51 #6 type.registry] 
New type domain.Event

[2019-02-28 13:08:51 #7 type] 
Type domain.Event is not enhanced.

[2019-02-28 13:08:51 #8 type.registry] 
New type java.util.Vector<domain.Question>

[2019-02-28 13:08:51 #9 type.registry] 
New type java.util.Vector<java.lang.Object>

------------------------------------------------------------------------------------------------------------------------

[2019-02-28 13:10:51 #1 store] 
Database 'C:\Users\ehu\Desktop\Bets1\resources\bets.temp' is opened by 5696@U110196

[2019-02-28 13:10:51 #2 type.registry] 
New type domain.User

[2019-02-28 13:10:51 #3 type] 
Type domain.User is not enhanced.

[2019-02-28 13:10:51 #4 type.registry] 
New type domain.Question

[2019-02-28 13:10:51 #5 type] 
Type domain.Question is not enhanced.

[2019-02-28 13:10:51 #6 type.registry] 
New type domain.Event

[2019-02-28 13:10:51 #7 type] 
Type domain.Event is not enhanced.

[2019-02-28 13:10:51 #8 type.registry] 
New type java.util.Vector<domain.Question>

[2019-02-28 13:10:51 #9 type.registry] 
New type java.util.Vector<java.lang.Object>

------------------------------------------------------------------------------------------------------------------------

[2019-02-28 13:11:28 #1 store] 
Database 'C:\Users\ehu\Desktop\Bets1\resources\bets.temp' is opened by 11600@U110196

[2019-02-28 13:11:28 #2 type.registry] 
New type domain.User

[2019-02-28 13:11:28 #3 type] 
Type domain.User is not enhanced.

[2019-02-28 13:11:28 #4 type.registry] 
New type domain.Question

[2019-02-28 13:11:28 #5 type] 
Type domain.Question is not enhanced.

[2019-02-28 13:11:28 #6 type.registry] 
New type domain.Event

[2019-02-28 13:11:28 #7 type] 
Type domain.Event is not enhanced.

[2019-02-28 13:11:28 #8 type.registry] 
New type java.util.Vector<domain.Question>

[2019-02-28 13:11:28 #9 type.registry] 
New type java.util.Vector<java.lang.Object>

------------------------------------------------------------------------------------------------------------------------

[2019-02-28 13:16:10 #1 store] 
Database 'C:\Users\ehu\Desktop\Bets1\resources\bets.temp' is opened by 8644@U110196

[2019-02-28 13:16:10 #2 type.registry] 
New type domain.User

[2019-02-28 13:16:10 #3 type] 
Type domain.User is not enhanced.

[2019-02-28 13:16:10 #4 type.registry] 
New type domain.Question

[2019-02-28 13:16:10 #5 type] 
Type domain.Question is not enhanced.

[2019-02-28 13:16:10 #6 type.registry] 
New type domain.Event

[2019-02-28 13:16:10 #7 type] 
Type domain.Event is not enhanced.

[2019-02-28 13:16:11 #8 type.registry] 
New type java.util.Vector<domain.Question>

[2019-02-28 13:16:11 #9 type.registry] 
New type java.util.Vector<java.lang.Object>

------------------------------------------------------------------------------------------------------------------------

[2019-02-28 13:17:52 #1 store] 
Database 'C:\Users\ehu\Desktop\Bets1\resources\bets.temp' is opened by 13296@U110196

[2019-02-28 13:17:52 #2 type.registry] 
New type domain.User

[2019-02-28 13:17:52 #3 type] 
Type domain.User is not enhanced.

[2019-02-28 13:17:52 #4 type.registry] 
New type domain.Question

[2019-02-28 13:17:52 #5 type] 
Type domain.Question is not enhanced.

[2019-02-28 13:17:52 #6 type.registry] 
New type domain.Event

[2019-02-28 13:17:52 #7 type] 
Type domain.Event is not enhanced.

[2019-02-28 13:17:52 #8 type.registry] 
New type java.util.Vector<domain.Question>

[2019-02-28 13:17:52 #9 type.registry] 
New type java.util.Vector<java.lang.Object>

------------------------------------------------------------------------------------------------------------------------

[2019-02-28 13:26:28 #1 store] 
Database 'C:\Users\ehu\Desktop\Bets1\resources\bets.temp' is opened by 2148@U110196

[2019-02-28 13:26:28 #2 type.registry] 
New type domain.User

[2019-02-28 13:26:28 #3 type] 
Type domain.User is not enhanced.

[2019-02-28 13:26:28 #4 type.registry] 
New type domain.Question

[2019-02-28 13:26:28 #5 type] 
Type domain.Question is not enhanced.

[2019-02-28 13:26:28 #6 type.registry] 
New type domain.Event

[2019-02-28 13:26:28 #7 type] 
Type domain.Event is not enhanced.

[2019-02-28 13:26:28 #8 type.registry] 
New type java.util.Vector<domain.Question>

[2019-02-28 13:26:28 #9 type.registry] 
New type java.util.Vector<java.lang.Object>

------------------------------------------------------------------------------------------------------------------------

[2019-02-28 13:27:07 #1 store] 
Database 'C:\Users\ehu\Desktop\Bets1\resources\bets.temp' is opened by 13000@U110196

[2019-02-28 13:27:07 #2 type.registry] 
New type domain.User

[2019-02-28 13:27:07 #3 type] 
Type domain.User is not enhanced.

[2019-02-28 13:27:07 #4 type.registry] 
New type domain.Question

[2019-02-28 13:27:07 #5 type] 
Type domain.Question is not enhanced.

[2019-02-28 13:27:07 #6 type.registry] 
New type domain.Event

[2019-02-28 13:27:07 #7 type] 
Type domain.Event is not enhanced.

[2019-02-28 13:27:07 #8 type.registry] 
New type java.util.Vector<domain.Question>

[2019-02-28 13:27:07 #9 type.registry] 
New type java.util.Vector<java.lang.Object>

------------------------------------------------------------------------------------------------------------------------

[2019-02-28 13:28:34 #1 store] 
Database 'C:\Users\ehu\Desktop\Bets1\resources\bets.temp' is opened by 12200@U110196

[2019-02-28 13:28:34 #2 type.registry] 
New type domain.User

[2019-02-28 13:28:34 #3 type] 
Type domain.User is not enhanced.

[2019-02-28 13:28:34 #4 type.registry] 
New type domain.Question

[2019-02-28 13:28:34 #5 type] 
Type domain.Question is not enhanced.

[2019-02-28 13:28:34 #6 type.registry] 
New type domain.Event

[2019-02-28 13:28:34 #7 type] 
Type domain.Event is not enhanced.

[2019-02-28 13:28:34 #8 type.registry] 
New type java.util.Vector<domain.Question>

[2019-02-28 13:28:34 #9 type.registry] 
New type java.util.Vector<java.lang.Object>

